2025-12-17 22:33:46.583 | INFO     | src.core.logging:setup_logging:22 - Logging initialized.
2025-12-17 22:33:46.583 | INFO     | __main__:main:76 - ============================================================
2025-12-17 22:33:46.584 | INFO     | __main__:main:77 - Image Search Application Starting
2025-12-17 22:33:46.584 | INFO     | __main__:main:78 - ============================================================
2025-12-17 22:33:46.584 | INFO     | src.core.locator:init:36 - ServiceLocator initialized.
2025-12-17 22:33:46.599 | INFO     | src.core.database.manager:connect:22 - Connected to MongoDB at mongodb://localhost:27017, DB: image_search_db
2025-12-17 22:33:46.599 | DEBUG    | src.core.locator:register_system:45 - Registering system: CommandBus
2025-12-17 22:33:46.600 | DEBUG    | src.core.locator:register_system:45 - Registering system: JournalService
2025-12-17 22:33:46.600 | DEBUG    | src.core.locator:register_system:45 - Registering system: AssetManager
2025-12-17 22:33:46.600 | DEBUG    | src.core.locator:register_system:45 - Registering system: TaskSystem
2025-12-17 22:33:46.600 | DEBUG    | src.core.locator:register_system:45 - Registering system: SearchService
2025-12-17 22:33:46.601 | INFO     | src.core.locator:start_all:62 - Starting all systems...
2025-12-17 22:33:46.601 | INFO     | src.core.commands.bus:initialize:15 - CommandBus initialized.
2025-12-17 22:33:46.601 | INFO     | src.core.locator:start_all:66 - System CommandBus started.
2025-12-17 22:33:46.601 | INFO     | src.core.journal.service:initialize:11 - JournalService initialized.
2025-12-17 22:33:46.601 | INFO     | src.core.locator:start_all:66 - System JournalService started.
2025-12-17 22:33:46.602 | INFO     | src.core.assets.manager:initialize:17 - AssetManager initialized.
2025-12-17 22:33:46.602 | INFO     | src.core.locator:start_all:66 - System AssetManager started.
2025-12-17 22:33:46.602 | INFO     | src.core.tasks.system:initialize:19 - TaskSystem initializing...
2025-12-17 22:33:46.605 | INFO     | src.core.tasks.system:initialize:35 - Loaded 0 pending tasks.
2025-12-17 22:33:46.606 | INFO     | src.core.locator:start_all:66 - System TaskSystem started.
2025-12-17 22:33:46.606 | INFO     | app_search_service:initialize:31 - SearchService initialized
2025-12-17 22:33:46.606 | INFO     | src.core.locator:start_all:66 - System SearchService started.
2025-12-17 22:33:46.606 | INFO     | src.ui.menus.action_registry:__init__:17 - ActionRegistry initialized
2025-12-17 22:33:46.606 | INFO     | src.ui.docking.dock_manager:__init__:50 - DockManager initialized
2025-12-17 22:33:46.617 | INFO     | src.ui.menus.menu_builder:__init__:16 - MenuBuilder initialized
2025-12-17 22:33:46.888 | DEBUG    | src.ui.docking.dock_manager:register_panel:59 - Panel registered: search
2025-12-17 22:33:46.888 | DEBUG    | src.ui.docking.dock_manager:register_panel:59 - Panel registered: gallery
2025-12-17 22:33:46.890 | DEBUG    | src.ui.docking.panel_base:__init__:29 - Panel created: search
2025-12-17 22:33:46.906 | INFO     | src.ui.docking.dock_manager:create_panel:92 - Panel created: search
2025-12-17 22:33:46.907 | DEBUG    | src.ui.docking.panel_base:__init__:29 - Panel created: gallery
2025-12-17 22:33:46.907 | DEBUG    | app_gallery_panel:initialize_ui:63 - GalleryPanel UI initialized
2025-12-17 22:33:46.909 | DEBUG    | src.ui.menus.action_registry:register_action:56 - Action registered: file_new_search
2025-12-17 22:33:46.909 | DEBUG    | src.ui.menus.action_registry:register_action:56 - Action registered: file_open_downloads
2025-12-17 22:33:46.910 | DEBUG    | src.ui.menus.action_registry:register_action:56 - Action registered: file_exit
2025-12-17 22:33:46.910 | DEBUG    | src.ui.menus.action_registry:register_action:56 - Action registered: edit_select_all
2025-12-17 22:33:46.911 | DEBUG    | src.ui.menus.action_registry:register_action:56 - Action registered: edit_deselect_all
2025-12-17 22:33:46.911 | DEBUG    | src.ui.menus.action_registry:register_action:56 - Action registered: search_images
2025-12-17 22:33:46.912 | DEBUG    | src.ui.menus.action_registry:register_action:56 - Action registered: download_selected
2025-12-17 22:33:46.912 | DEBUG    | src.ui.menus.action_registry:register_action:56 - Action registered: download_all
2025-12-17 22:33:46.913 | INFO     | app_main_window:__init__:39 - Image Search MainWindow initialized
2025-12-17 22:33:47.100 | INFO     | __main__:main:106 - Application started successfully
2025-12-17 22:33:47.137 | DEBUG    | src.core.tasks.system:_worker:90 - Worker 0 started.
2025-12-17 22:33:47.138 | DEBUG    | src.core.tasks.system:_worker:90 - Worker 1 started.
2025-12-17 22:33:47.139 | DEBUG    | src.core.tasks.system:_worker:90 - Worker 2 started.
2025-12-17 22:33:47.186 | INFO     | app_search_panel:_load_recent_searches:151 - ✅ Loaded 4 recent searches
2025-12-17 22:33:47.187 | INFO     | app_main_window:_load_latest_results:214 - 📊 Loaded 80 results from MongoDB
2025-12-17 22:33:47.187 | INFO     | app_gallery_panel:load_images:72 - 📸 Loading 80 images into gallery
2025-12-17 22:33:47.206 | DEBUG    | app_gallery_panel:load_images:99 -   Loaded 10/80 thumbnails
2025-12-17 22:33:47.223 | DEBUG    | app_gallery_panel:load_images:99 -   Loaded 20/80 thumbnails
2025-12-17 22:33:47.237 | DEBUG    | app_gallery_panel:load_images:99 -   Loaded 30/80 thumbnails
2025-12-17 22:33:47.253 | DEBUG    | app_gallery_panel:load_images:99 -   Loaded 40/80 thumbnails
2025-12-17 22:33:47.269 | DEBUG    | app_gallery_panel:load_images:99 -   Loaded 50/80 thumbnails
2025-12-17 22:33:47.285 | DEBUG    | app_gallery_panel:load_images:99 -   Loaded 60/80 thumbnails
2025-12-17 22:33:47.301 | DEBUG    | app_gallery_panel:load_images:99 -   Loaded 70/80 thumbnails
2025-12-17 22:33:47.320 | DEBUG    | app_gallery_panel:load_images:99 -   Loaded 80/80 thumbnails
2025-12-17 22:33:47.321 | INFO     | app_gallery_panel:load_images:103 - ✅ Gallery loaded with 80 images
2025-12-17 22:33:48.522 | DEBUG    | src.ui.widgets.async_image:load_from_url:75 - Loaded image from https://tse3.mm.bing.net/th/id/OIP.RIHIVMOeAPjgLR0jhDuQ6QHaHa?cb=ucfimg2&pid=Api&ucfimg=1
2025-12-17 22:33:48.525 | DEBUG    | src.ui.widgets.async_image:load_from_url:75 - Loaded image from https://tse4.mm.bing.net/th/id/OIP.HSaLqf2d4d6ZIN9mmcAYGAHaE7?cb=ucfimg2&pid=Api&ucfimg=1
2025-12-17 22:33:48.529 | DEBUG    | src.ui.widgets.async_image:load_from_url:75 - Loaded image from https://tse4.mm.bing.net/th/id/OIP.ORzhcMSxQsArjgvtNJisOQHaLH?cb=ucfimg2&pid=Api&ucfimg=1
2025-12-17 22:33:48.534 | DEBUG    | src.ui.widgets.async_image:load_from_url:75 - Loaded image from https://tse3.mm.bing.net/th/id/OIP.6a92DtLY3PnHbetbNqhEwQHaKa?cb=ucfimg2&pid=Api&ucfimg=1
2025-12-17 22:33:48.537 | DEBUG    | src.ui.widgets.async_image:load_from_url:75 - Loaded image from https://tse3.mm.bing.net/th/id/OIP.AmDI_MZkA6UbjvT8FF5qMgHaIT?cb=ucfimg2&pid=Api&ucfimg=1
2025-12-17 22:33:48.539 | DEBUG    | src.ui.widgets.async_image:load_from_url:75 - Loaded image from https://tse3.mm.bing.net/th/id/OIP.fkmjOXuMCocqtIqbpZAzlAHaEK?cb=ucfimg2&pid=Api&ucfimg=1
2025-12-17 22:33:48.541 | DEBUG    | src.ui.widgets.async_image:load_from_url:75 - Loaded image from https://tse4.mm.bing.net/th/id/OIP.TvyxO2qZHUb1YJIdSv4mRwHaEK?cb=ucfimg2&pid=Api&ucfimg=1
2025-12-17 22:33:48.545 | DEBUG    | src.ui.widgets.async_image:load_from_url:75 - Loaded image from https://tse2.mm.bing.net/th/id/OIP.-jcjUz5sP_EQ-PfRjq5fzwHaEk?cb=ucfimg2&pid=Api&ucfimg=1
2025-12-17 22:33:48.549 | DEBUG    | src.ui.widgets.async_image:load_from_url:75 - Loaded image from https://tse2.mm.bing.net/th/id/OIP.gwoZdSkPPDgi-WJ2MzQUVwHaHa?cb=ucfimg2&pid=Api&ucfimg=1
2025-12-17 22:33:48.551 | DEBUG    | src.ui.widgets.async_image:load_from_url:75 - Loaded image from https://tse3.mm.bing.net/th/id/OIP.4fFBrrPTdTTUvd7hVKhtqwHaEm?cb=ucfimg2&pid=Api&ucfimg=1
2025-12-17 22:33:48.556 | DEBUG    | src.ui.widgets.async_image:load_from_url:75 - Loaded image from https://tse2.mm.bing.net/th/id/OIP.c-vjbmkRnixJ7GtOGWAfnAHaGo?cb=ucfimg2&pid=Api&ucfimg=1
2025-12-17 22:33:48.559 | DEBUG    | src.ui.widgets.async_image:load_from_url:75 - Loaded image from https://tse3.mm.bing.net/th/id/OIP.CbtARvIT3gtAR9ReWqK5CQHaHa?cb=ucfimg2&pid=Api&ucfimg=1
2025-12-17 22:33:48.585 | DEBUG    | src.ui.widgets.async_image:load_from_url:75 - Loaded image from https://tse2.mm.bing.net/th/id/OIP.PRLenQIYWs9PPOACRXc9UAHaNl?cb=ucfimg2&pid=Api&ucfimg=1
2025-12-17 22:33:48.591 | DEBUG    | src.ui.widgets.async_image:load_from_url:75 - Loaded image from https://tse3.mm.bing.net/th/id/OIP.QEz08T8zJmAk9ov_oehSBgHaHa?cb=ucfimg2&pid=Api&ucfimg=1
2025-12-17 22:33:48.597 | DEBUG    | src.ui.widgets.async_image:load_from_url:75 - Loaded image from https://tse2.mm.bing.net/th/id/OIP.vNa5RnKuNm6kGBPFchUlPwHaJJ?cb=ucfimg2&pid=Api&ucfimg=1
2025-12-17 22:33:48.602 | DEBUG    | src.ui.widgets.async_image:load_from_url:75 - Loaded image from https://tse2.mm.bing.net/th/id/OIP.iPfMgMDziXVowjdhHIqJ1QHaHa?cb=ucfimg2&pid=Api&ucfimg=1
2025-12-17 22:33:48.606 | DEBUG    | src.ui.widgets.async_image:load_from_url:75 - Loaded image from https://tse4.mm.bing.net/th/id/OIP.8EYPyCU4GgOfq6qrzRH_OwHaE8?cb=ucfimg2&pid=Api&ucfimg=1
2025-12-17 22:33:48.616 | DEBUG    | src.ui.widgets.async_image:load_from_url:75 - Loaded image from https://tse4.mm.bing.net/th/id/OIP.FND-9z9Fov7SLX_FMX_U5QHaEK?cb=ucfimg2&pid=Api&ucfimg=1
2025-12-17 22:33:48.629 | DEBUG    | src.ui.widgets.async_image:load_from_url:75 - Loaded image from https://tse1.mm.bing.net/th/id/OIP.WJy8q2tNuzgk7EWGzhYPWwHaLH?cb=ucfimg2&pid=Api&ucfimg=1
2025-12-17 22:33:48.638 | DEBUG    | src.ui.widgets.async_image:load_from_url:75 - Loaded image from https://tse2.mm.bing.net/th/id/OIP.VX4oFweKGDPYUYS2Yd8gJgHaNL?cb=ucfimg2&pid=Api&ucfimg=1
2025-12-17 22:33:48.646 | DEBUG    | src.ui.widgets.async_image:load_from_url:75 - Loaded image from https://tse1.mm.bing.net/th/id/OIP.ry7a63qsTZuPqKqUR7D8-wHaKh?cb=ucfimg2&pid=Api&ucfimg=1
2025-12-17 22:33:48.651 | DEBUG    | src.ui.widgets.async_image:load_from_url:75 - Loaded image from https://tse4.mm.bing.net/th/id/OIP.PxX1s048z_BeTlJfxk5HEgHaFj?cb=ucfimg2&pid=Api&ucfimg=1
2025-12-17 22:33:48.656 | DEBUG    | src.ui.widgets.async_image:load_from_url:75 - Loaded image from https://tse2.mm.bing.net/th/id/OIP.N0xm_MvMR4tvurIctKaCEwHaEK?cb=ucfimg2&pid=Api&ucfimg=1
2025-12-17 22:33:48.659 | DEBUG    | src.ui.widgets.async_image:load_from_url:75 - Loaded image from https://tse4.mm.bing.net/th/id/OIP.RuolWPFLq-kZqNULDyzjagHaE8?cb=ucfimg2&pid=Api&ucfimg=1
2025-12-17 22:33:48.663 | DEBUG    | src.ui.widgets.async_image:load_from_url:75 - Loaded image from https://tse3.mm.bing.net/th/id/OIP.ZS6zTvqdDt4aO2XzuD63OAHaEZ?cb=ucfimg2&pid=Api&ucfimg=1
2025-12-17 22:33:48.668 | DEBUG    | src.ui.widgets.async_image:load_from_url:75 - Loaded image from https://tse2.mm.bing.net/th/id/OIP.96xGC-g0IvkanPsCqf7YhAHaE7?cb=ucfimg2&pid=Api&ucfimg=1
2025-12-17 22:33:48.687 | DEBUG    | src.ui.widgets.async_image:load_from_url:75 - Loaded image from https://tse3.mm.bing.net/th/id/OIP.kWki_30q0PQXNem-_NXmaQHaFj?cb=ucfimg2&pid=Api&ucfimg=1
2025-12-17 22:33:48.691 | DEBUG    | src.ui.widgets.async_image:load_from_url:75 - Loaded image from https://tse3.mm.bing.net/th/id/OIP.-jm8WnPBzvqTeC-lz_eR_AHaFj?cb=ucfimg2&pid=Api&ucfimg=1
2025-12-17 22:33:48.695 | DEBUG    | src.ui.widgets.async_image:load_from_url:75 - Loaded image from https://tse2.explicit.bing.net/th/id/OIP.ULq5QQnJfNFuhcLNBVqzAwHaE7?pid=Api
2025-12-17 22:33:48.699 | DEBUG    | src.ui.widgets.async_image:load_from_url:75 - Loaded image from https://tse1.mm.bing.net/th/id/OIP.1zY_WjFMf_H4rtbc1GvSUgHaE8?cb=ucfimg2&pid=Api&ucfimg=1
2025-12-17 22:33:48.701 | DEBUG    | src.ui.widgets.async_image:load_from_url:75 - Loaded image from https://tse3.mm.bing.net/th/id/OIP.bAou8dQdiXvZVd0VeKkeWQHaEK?pid=Api
2025-12-17 22:33:48.705 | DEBUG    | src.ui.widgets.async_image:load_from_url:75 - Loaded image from https://tse3.mm.bing.net/th/id/OIP.VljEFRrXH196ZeaESK2xfwHaD4?pid=Api
2025-12-17 22:33:48.707 | DEBUG    | src.ui.widgets.async_image:load_from_url:75 - Loaded image from https://tse3.mm.bing.net/th/id/OIP.uRTpI1zraWuEklfjJVjAMwHaD4?pid=Api
2025-12-17 22:33:48.710 | DEBUG    | src.ui.widgets.async_image:load_from_url:75 - Loaded image from https://tse2.mm.bing.net/th/id/OIP.OCOXY5Wvj5pQvgIG-LmpYQAAAA?pid=Api
2025-12-17 22:33:48.718 | DEBUG    | src.ui.widgets.async_image:load_from_url:75 - Loaded image from https://tse1.mm.bing.net/th/id/OIP.BNVLlRkcRfAMkQkFgV6bDAHaFj?cb=ucfimg2&pid=Api&ucfimg=1
2025-12-17 22:33:48.721 | DEBUG    | src.ui.widgets.async_image:load_from_url:75 - Loaded image from https://tse4.mm.bing.net/th/id/OIF.0hvnc8NmESTNcMUD4nU0Lw?pid=Api
2025-12-17 22:33:48.724 | DEBUG    | src.ui.widgets.async_image:load_from_url:75 - Loaded image from https://tse2.mm.bing.net/th/id/OIP.xFhtsj_CShPy7aZ6B7b8SwHaHZ?pid=Api
2025-12-17 22:33:48.727 | DEBUG    | src.ui.widgets.async_image:load_from_url:75 - Loaded image from https://tse4.mm.bing.net/th/id/OIP.1leuJQVANqL8OPdimBu3gQHaHa?pid=Api
2025-12-17 22:33:48.732 | DEBUG    | src.ui.widgets.async_image:load_from_url:75 - Loaded image from https://tse2.mm.bing.net/th?id=OIF.s2e/Q3yrpfpuO3Mwf5RoYg&pid=Api
2025-12-17 22:33:48.735 | DEBUG    | src.ui.widgets.async_image:load_from_url:75 - Loaded image from https://tse4.mm.bing.net/th/id/OIF.8MGr3G5YSM5Ra4LlmLZ65w?pid=Api
2025-12-17 22:33:48.738 | DEBUG    | src.ui.widgets.async_image:load_from_url:75 - Loaded image from https://tse2.mm.bing.net/th/id/OIP.5bGpPrXuOBu9FJUL0kxZrwHaHa?pid=Api
2025-12-17 22:33:48.741 | DEBUG    | src.ui.widgets.async_image:load_from_url:75 - Loaded image from https://tse1.mm.bing.net/th/id/OIP.BjXjHzBXZH1GTkKp1Yw6uQHaFz?pid=Api
2025-12-17 22:33:48.744 | DEBUG    | src.ui.widgets.async_image:load_from_url:75 - Loaded image from https://tse1.mm.bing.net/th/id/OIP.REFjuSGKvswknJOtVzU4cQHaH5?pid=Api
2025-12-17 22:33:48.749 | DEBUG    | src.ui.widgets.async_image:load_from_url:75 - Loaded image from https://tse2.mm.bing.net/th/id/OIP.oB33MXr-PXqymkT5XSORIgHaGw?pid=Api
2025-12-17 22:33:48.751 | DEBUG    | src.ui.widgets.async_image:load_from_url:75 - Loaded image from https://tse1.mm.bing.net/th/id/OIP.EILpsWVe3xP131jhGMxrVAAAAA?pid=Api
2025-12-17 22:33:48.753 | DEBUG    | src.ui.widgets.async_image:load_from_url:75 - Loaded image from https://tse1.mm.bing.net/th/id/OIF.sKqDRvbsNcETwXusENJSlA?pid=Api
2025-12-17 22:33:48.765 | DEBUG    | src.ui.widgets.async_image:load_from_url:75 - Loaded image from https://tse3.explicit.bing.net/th/id/OIP.MzU94wsMIMJpSFt7Q_RoDAHaE8?pid=Api
2025-12-17 22:33:48.767 | DEBUG    | src.ui.widgets.async_image:load_from_url:75 - Loaded image from https://tse4.mm.bing.net/th/id/OIP.k2zCFnjRQlIvd_zCfb6dJAHaE6?pid=Api
2025-12-17 22:33:48.769 | DEBUG    | src.ui.widgets.async_image:load_from_url:75 - Loaded image from https://tse3.explicit.bing.net/th/id/OIF.v1Z0rZrQpVhIg604rSgYZA?pid=Api
2025-12-17 22:33:48.771 | DEBUG    | src.ui.widgets.async_image:load_from_url:75 - Loaded image from https://tse4.mm.bing.net/th/id/OIP.WM1GtZDdfJyJtwB66ETlaQHaEB?pid=Api
2025-12-17 22:33:48.772 | DEBUG    | src.ui.widgets.async_image:load_from_url:75 - Loaded image from https://tse1.mm.bing.net/th/id/OIP.4TuqjnIG3bIxXgHI5QJhogHaE8?cb=ucfimg2&pid=Api&ucfimg=1
2025-12-17 22:33:48.774 | DEBUG    | src.ui.widgets.async_image:load_from_url:75 - Loaded image from https://tse4.mm.bing.net/th/id/OIP.Hf8p2UqnGPKYZYlx_5ZZjQAAAA?pid=Api
2025-12-17 22:33:48.776 | DEBUG    | src.ui.widgets.async_image:load_from_url:75 - Loaded image from https://tse2.mm.bing.net/th/id/OIP.-sqyMLfR5PDgge_zQyfdCgHaFP?pid=Api
2025-12-17 22:33:48.780 | DEBUG    | src.ui.widgets.async_image:load_from_url:75 - Loaded image from https://tse2.mm.bing.net/th/id/OIP.DoyS1y9ui39_ZrZZc1utcAHaEK?pid=Api
2025-12-17 22:33:48.781 | DEBUG    | src.ui.widgets.async_image:load_from_url:75 - Loaded image from https://tse1.mm.bing.net/th/id/OIP.dpCgDL0lVU3Kxxnz7DM-JgHaEK?pid=Api
2025-12-17 22:33:48.784 | DEBUG    | src.ui.widgets.async_image:load_from_url:75 - Loaded image from https://tse1.mm.bing.net/th/id/OIP.TR3c9vnvpkKLVgBteDtyAgHaE8?cb=ucfimg2&pid=Api&ucfimg=1
2025-12-17 22:33:48.787 | DEBUG    | src.ui.widgets.async_image:load_from_url:75 - Loaded image from https://tse1.mm.bing.net/th/id/OIP.UQ9WJHozb5i8rzVBe2BEwwHaEI?pid=Api
2025-12-17 22:33:48.790 | DEBUG    | src.ui.widgets.async_image:load_from_url:75 - Loaded image from https://tse3.mm.bing.net/th/id/OIP.y_gVzYDI1IKsZX1cv_LVjQHaLH?pid=Api
2025-12-17 22:33:48.793 | DEBUG    | src.ui.widgets.async_image:load_from_url:75 - Loaded image from https://tse1.mm.bing.net/th/id/OIP.XEIAUqfBYFrwH-PLpcEMgAHaGQ?cb=ucfimg2&pid=Api&ucfimg=1
2025-12-17 22:33:48.798 | DEBUG    | src.ui.widgets.async_image:load_from_url:75 - Loaded image from https://tse1.mm.bing.net/th/id/OIP.267gNV0g4IfZu1SKQalamAHaGu?cb=ucfimg2&pid=Api&ucfimg=1
2025-12-17 22:33:48.801 | DEBUG    | src.ui.widgets.async_image:load_from_url:75 - Loaded image from https://tse1.mm.bing.net/th/id/OIP.jAGYnfZRDypurXptdPxzjgHaJQ?cb=ucfimg2&pid=Api&ucfimg=1
2025-12-17 22:33:48.805 | DEBUG    | src.ui.widgets.async_image:load_from_url:75 - Loaded image from https://tse1.mm.bing.net/th/id/OIP.OsIwy6hxoLMTCnaYNyw5lAHaE8?cb=ucfimg2&pid=Api&ucfimg=1
2025-12-17 22:33:48.811 | DEBUG    | src.ui.widgets.async_image:load_from_url:75 - Loaded image from https://tse4.mm.bing.net/th/id/OIP.yvj61X0dbFFF8viA7fmKcAHaEV?cb=ucfimg2&pid=Api&ucfimg=1
2025-12-17 22:33:48.813 | DEBUG    | src.ui.widgets.async_image:load_from_url:75 - Loaded image from https://tse4.mm.bing.net/th/id/OIP.H-7hzEM4sXFsFLMF-dK4wAHaDE?pid=Api
2025-12-17 22:33:48.816 | DEBUG    | src.ui.widgets.async_image:load_from_url:75 - Loaded image from https://tse1.explicit.bing.net/th/id/OIP.Z0YLenkfAfG4UGyA4jstkQHaFi?cb=ucfimg2&pid=Api&ucfimg=1
2025-12-17 22:33:48.819 | DEBUG    | src.ui.widgets.async_image:load_from_url:75 - Loaded image from https://tse4.mm.bing.net/th/id/OIP.HUPOSpJ-bZScfoxjKavc0QHaCR?pid=Api
2025-12-17 22:33:48.821 | DEBUG    | src.ui.widgets.async_image:load_from_url:75 - Loaded image from https://tse3.mm.bing.net/th/id/OIP.dXhGspiBElhoc6HtIcOkhQHaE7?pid=Api
2025-12-17 22:33:48.824 | DEBUG    | src.ui.widgets.async_image:load_from_url:75 - Loaded image from https://tse2.mm.bing.net/th/id/OIP.F9LGVGkyHVvwK9jMlc2TJAHaHa?pid=Api
2025-12-17 22:33:48.826 | DEBUG    | src.ui.widgets.async_image:load_from_url:75 - Loaded image from https://tse1.mm.bing.net/th/id/OIP.AOiFpFdhMc3azOUsarW76AHaE8?pid=Api
2025-12-17 22:33:48.830 | DEBUG    | src.ui.widgets.async_image:load_from_url:75 - Loaded image from https://tse1.mm.bing.net/th/id/OIP.XAeHchsCgXxL2zwMTcCOmgHaFj?cb=ucfimg2&pid=Api&ucfimg=1
2025-12-17 22:33:48.833 | DEBUG    | src.ui.widgets.async_image:load_from_url:75 - Loaded image from https://tse4.mm.bing.net/th/id/OIP.q7pRCGAokNXeU6wA8wYbNAHaEK?cb=ucfimg2&pid=Api&ucfimg=1
2025-12-17 22:33:48.836 | DEBUG    | src.ui.widgets.async_image:load_from_url:75 - Loaded image from https://tse3.mm.bing.net/th/id/OIP.si0594KxN90yS3TKHX4QUwHaE5?pid=Api
2025-12-17 22:33:48.838 | DEBUG    | src.ui.widgets.async_image:load_from_url:75 - Loaded image from https://tse3.mm.bing.net/th/id/OIP.r8UZNWMUGOtemPOpCANxDQHaE6?pid=Api
2025-12-17 22:33:48.842 | DEBUG    | src.ui.widgets.async_image:load_from_url:75 - Loaded image from https://tse4.mm.bing.net/th/id/OIF.4HHVTEU4K2CY7CnwwZ2nmA?pid=Api
2025-12-17 22:33:48.845 | DEBUG    | src.ui.widgets.async_image:load_from_url:75 - Loaded image from https://tse1.mm.bing.net/th/id/OIP.AmS8XNM4YxY8AAm5gL1OgAHaFX?pid=Api
2025-12-17 22:33:48.848 | DEBUG    | src.ui.widgets.async_image:load_from_url:75 - Loaded image from https://tse2.mm.bing.net/th/id/OIP.nblb4Mbe7_pNl7UVz-rSoQHaD4?pid=Api
2025-12-17 22:33:48.861 | DEBUG    | src.ui.widgets.async_image:load_from_url:75 - Loaded image from https://tse1.mm.bing.net/th/id/OIP.yxjzcvTHkf6uALA3cuH9tgHaE7?pid=Api
2025-12-17 22:33:48.874 | ERROR    | src.ui.widgets.async_image:load_from_url:84 - Failed to load image from https://tse1.mm.bing.net/th?id=OIF.X+w9NN5ggXxpUFRVKPc3+w&pid=Api: HTTP 404
2025-12-17 22:33:48.874 | ERROR    | src.ui.widgets.async_image:load_from_url:84 - Failed to load image from https://tse1.mm.bing.net/th?id=OIF.HN+jULY4o5vIDI8D/lDd5w&pid=Api: HTTP 404
2025-12-17 22:33:48.875 | ERROR    | src.ui.widgets.async_image:load_from_url:84 - Failed to load image from https://tse2.mm.bing.net/th?id=OIF.H7xkwKWS+h7TcmqtIqbaLA&pid=Api: HTTP 404
2025-12-17 22:33:53.032 | DEBUG    | app_gallery_panel:_on_thumbnail_clicked:107 - Thumbnail clicked: A Striking Alpha Male Werewolf Standing Tall And Proud Background ...
2025-12-17 22:33:58.221 | DEBUG    | app_gallery_panel:_on_thumbnail_clicked:107 - Thumbnail clicked: Premium Photo | Experience the eerie spectacle of a fearsome werew ...
2025-12-17 22:34:00.076 | DEBUG    | app_gallery_panel:_on_thumbnail_clicked:107 - Thumbnail clicked: Pin on WereW
2025-12-17 22:34:01.245 | DEBUG    | app_gallery_panel:_on_thumbnail_clicked:107 - Thumbnail clicked: Movie - WEREWOLVES Werewolves (2024) is a dramatic action horror film ...
2025-12-17 22:34:02.277 | DEBUG    | app_gallery_panel:_on_thumbnail_clicked:107 - Thumbnail clicked: Movie - WEREWOLVES Werewolves (2024) is a dramatic action horror film ...
2025-12-17 22:34:02.980 | DEBUG    | app_gallery_panel:_on_thumbnail_clicked:107 - Thumbnail clicked: Intense Werewolf Photography with Cinematic Lighting and Intricate ...
2025-12-17 22:34:03.821 | DEBUG    | app_gallery_panel:_on_thumbnail_clicked:107 - Thumbnail clicked: Premium Photo | Experience the eerie spectacle of a fearsome werew ...
2025-12-17 22:34:08.885 | DEBUG    | app_gallery_panel:_on_thumbnail_clicked:107 - Thumbnail clicked: Pin on WereW
2025-12-17 22:34:54.861 | INFO     | app_search_panel:_on_search_clicked:92 - Search requested: 'cats' (count: 20)
2025-12-17 22:34:54.865 | INFO     | app_main_window:_execute_search:139 - Executing search: 'cats' (count: 20)
2025-12-17 22:34:54.868 | DEBUG    | src.core.tasks.system:register_handler:55 - Registered task handler: search_images
2025-12-17 22:34:54.889 | INFO     | src.core.tasks.system:submit:83 - Task submitted: Search: cats (694313ee4f14c34b95cb1c47)
2025-12-17 22:34:54.893 | INFO     | app_main_window:_run_search:178 - Search task submitted successfully
2025-12-17 22:34:54.908 | INFO     | app_search_task:search_images_handler:22 - 🚀 Search handler started: 'cats' (count: 20)
2025-12-17 22:34:54.910 | DEBUG    | app_search_task:search_images_handler:27 - Converted count to integer: 20
2025-12-17 22:34:54.913 | DEBUG    | app_search_task:search_images_handler:30 - Getting SearchService from ServiceLocator...
2025-12-17 22:34:54.919 | DEBUG    | app_search_task:search_images_handler:37 - ✅ SearchService retrieved
2025-12-17 22:34:54.940 | INFO     | app_search_task:search_images_handler:40 - 🔎 Executing search via SearchService...
2025-12-17 22:34:54.960 | INFO     | app_search_service:search_images:44 - 🔍 Starting image search: 'cats' (max: 20)
2025-12-17 22:34:54.970 | DEBUG    | app_search_service:search_images:47 - Importing ddgs module...
2025-12-17 22:34:54.981 | DEBUG    | app_search_service:search_images:49 - ✅ ddgs imported successfully
2025-12-17 22:34:54.985 | INFO     | app_search_service:search_images:53 - 📡 Calling DuckDuckGo API...
2025-12-17 22:34:56.214 | DEBUG    | app_search_service:search_images:58 - Processing search results...
2025-12-17 22:34:56.214 | DEBUG    | app_search_service:search_images:69 -   [1] Group of various breeds of cats sitting together, posing for a Cat Day ... (2940x1960)
2025-12-17 22:34:56.215 | DEBUG    | app_search_service:search_images:69 -   [2] 17 Cute Longhaired Cat Breeds | Cats with Long Hair (2121x1414)
2025-12-17 22:34:56.215 | DEBUG    | app_search_service:search_images:69 -   [3] 50+ Amazing Cats Photos · Pexels · Free Stock Photos (1575x1969)
2025-12-17 22:34:56.216 | DEBUG    | app_search_service:search_images:69 -   [4] 10 Facts About Cats | Incredible Planet (1280x960)
2025-12-17 22:34:56.216 | DEBUG    | app_search_service:search_images:69 -   [5] The Enigmatic World of Cats: Why We Can't Get Enough of These Furry ... (1898x1266)
2025-12-17 22:34:56.217 | DEBUG    | app_search_service:search_images:69 -   [6] Cats Facts (1152x768)
2025-12-17 22:34:56.217 | DEBUG    | app_search_service:search_images:69 -   [7] Understand the Language of Cats | PetCareRx (5130x3420)
2025-12-17 22:34:56.217 | DEBUG    | app_search_service:search_images:69 -   [8] Interesting Facts About Cats | POPSUGAR Pets (2048x1365)
2025-12-17 22:34:56.218 | DEBUG    | app_search_service:search_images:69 -   [9] What Is a Group of Cats Called? (1500x1000)
2025-12-17 22:34:56.218 | DEBUG    | app_search_service:search_images:69 -   [10] Pets Tutorial: 9 Types Of Cats - List of Cat Breeds (1000x562)
2025-12-17 22:34:56.218 | DEBUG    | app_search_service:search_images:69 -   [11] Top 10 facts about cats | 2013-09-26 | 432182 | Express.co.uk (590x350)
2025-12-17 22:34:56.218 | DEBUG    | app_search_service:search_images:69 -   [12] Cats Cats Cats Cats | Encyclopedia of World Photo (1600x1200)
2025-12-17 22:34:56.218 | DEBUG    | app_search_service:search_images:69 -   [13] Cats - Key Facts, Information & Pictures (1024x600)
2025-12-17 22:34:56.219 | DEBUG    | app_search_service:search_images:69 -   [14] cat, Animal, Pet, Cats, Kitty, Cute, Sweet Wallpapers HD / Desktop and ... (1920x1080)
2025-12-17 22:34:56.219 | DEBUG    | app_search_service:search_images:69 -   [15] All Wallpapers: Beautiful Cats Hd Wallpapers (1600x1200)
2025-12-17 22:34:56.219 | DEBUG    | app_search_service:search_images:69 -   [16] Pretty Cats, Beautiful Cats, Gorgeous, Kittens Cutest, Cats And Kittens ... (1500x1268)
2025-12-17 22:34:56.219 | DEBUG    | app_search_service:search_images:69 -   [17] Beautiful Cat - Cats Photo (3878544) - Fanpop (1024x931)
2025-12-17 22:34:56.221 | DEBUG    | app_search_service:search_images:69 -   [18] Hot,Spicy & Stuuning HD Wallpapers: Cats and Kittens Wallpapers (1024x768)
2025-12-17 22:34:56.221 | DEBUG    | app_search_service:search_images:69 -   [19] Download Cuddling Cute Cats Pictures | Wallpapers.com (1500x1121)
2025-12-17 22:34:56.221 | DEBUG    | app_search_service:search_images:69 -   [20] Cats photos (III) (1600x1200)
2025-12-17 22:34:56.221 | INFO     | app_search_service:search_images:71 - ✅ Search complete: Found 20 images for 'cats'
2025-12-17 22:34:56.221 | INFO     | app_search_task:search_images_handler:43 - 📊 Search returned 20 results
2025-12-17 22:34:56.222 | DEBUG    | app_search_task:search_images_handler:46 - Creating SearchHistory record...
2025-12-17 22:34:56.224 | INFO     | app_search_task:search_images_handler:54 - 💾 Search history saved: 694313f04f14c34b95cb1c48
2025-12-17 22:34:56.224 | DEBUG    | app_search_task:search_images_handler:57 - Saving 20 image records to MongoDB...
2025-12-17 22:34:56.233 | DEBUG    | app_search_task:search_images_handler:69 -   Saved 5/20 images...
2025-12-17 22:34:56.240 | DEBUG    | app_search_task:search_images_handler:69 -   Saved 10/20 images...
2025-12-17 22:34:56.247 | DEBUG    | app_search_task:search_images_handler:69 -   Saved 15/20 images...
2025-12-17 22:34:56.254 | DEBUG    | app_search_task:search_images_handler:69 -   Saved 20/20 images...
2025-12-17 22:34:56.255 | INFO     | app_search_task:search_images_handler:71 - ✅ Successfully saved 20 image records to database
2025-12-17 22:34:56.256 | INFO     | app_search_task:search_images_handler:72 - 🎉 Search complete! Query: 'cats', Results: 20
2025-12-17 22:34:56.894 | INFO     | app_main_window:_load_latest_results:214 - 📊 Loaded 20 results from MongoDB
2025-12-17 22:34:56.896 | INFO     | app_gallery_panel:load_images:72 - 📸 Loading 20 images into gallery
2025-12-17 22:34:56.915 | DEBUG    | app_gallery_panel:load_images:99 -   Loaded 10/20 thumbnails
2025-12-17 22:34:56.932 | DEBUG    | app_gallery_panel:load_images:99 -   Loaded 20/20 thumbnails
2025-12-17 22:34:56.933 | INFO     | app_gallery_panel:load_images:103 - ✅ Gallery loaded with 20 images
2025-12-17 22:34:57.251 | DEBUG    | src.ui.widgets.async_image:load_from_url:75 - Loaded image from https://tse4.mm.bing.net/th/id/OIP.RuolWPFLq-kZqNULDyzjagHaE8?cb=ucfimg2&pid=Api&ucfimg=1
2025-12-17 22:34:57.255 | DEBUG    | src.ui.widgets.async_image:load_from_url:75 - Loaded image from https://tse4.mm.bing.net/th/id/OIP.8EYPyCU4GgOfq6qrzRH_OwHaE8?cb=ucfimg2&pid=Api&ucfimg=1
2025-12-17 22:34:57.258 | DEBUG    | src.ui.widgets.async_image:load_from_url:75 - Loaded image from https://tse1.mm.bing.net/th/id/OIP.OsIwy6hxoLMTCnaYNyw5lAHaE8?cb=ucfimg2&pid=Api&ucfimg=1
2025-12-17 22:34:57.264 | DEBUG    | src.ui.widgets.async_image:load_from_url:75 - Loaded image from https://tse1.mm.bing.net/th/id/OIP.jAGYnfZRDypurXptdPxzjgHaJQ?cb=ucfimg2&pid=Api&ucfimg=1
2025-12-17 22:34:57.268 | DEBUG    | src.ui.widgets.async_image:load_from_url:75 - Loaded image from https://tse1.mm.bing.net/th/id/OIP.4TuqjnIG3bIxXgHI5QJhogHaE8?cb=ucfimg2&pid=Api&ucfimg=1
2025-12-17 22:34:57.271 | DEBUG    | src.ui.widgets.async_image:load_from_url:75 - Loaded image from https://tse1.mm.bing.net/th/id/OIP.TR3c9vnvpkKLVgBteDtyAgHaE8?cb=ucfimg2&pid=Api&ucfimg=1
2025-12-17 22:34:57.274 | DEBUG    | src.ui.widgets.async_image:load_from_url:75 - Loaded image from https://tse2.mm.bing.net/th/id/OIP.96xGC-g0IvkanPsCqf7YhAHaE7?cb=ucfimg2&pid=Api&ucfimg=1
2025-12-17 22:34:57.278 | DEBUG    | src.ui.widgets.async_image:load_from_url:75 - Loaded image from https://tse1.explicit.bing.net/th/id/OIP.Z0YLenkfAfG4UGyA4jstkQHaFi?cb=ucfimg2&pid=Api&ucfimg=1
2025-12-17 22:34:57.282 | DEBUG    | src.ui.widgets.async_image:load_from_url:75 - Loaded image from https://tse4.mm.bing.net/th/id/OIP.yvj61X0dbFFF8viA7fmKcAHaEV?cb=ucfimg2&pid=Api&ucfimg=1
2025-12-17 22:34:57.287 | DEBUG    | src.ui.widgets.async_image:load_from_url:75 - Loaded image from https://tse1.mm.bing.net/th/id/OIP.267gNV0g4IfZu1SKQalamAHaGu?cb=ucfimg2&pid=Api&ucfimg=1
2025-12-17 22:34:57.293 | DEBUG    | src.ui.widgets.async_image:load_from_url:75 - Loaded image from https://tse1.mm.bing.net/th/id/OIP.1zY_WjFMf_H4rtbc1GvSUgHaE8?cb=ucfimg2&pid=Api&ucfimg=1
2025-12-17 22:34:57.308 | DEBUG    | src.ui.widgets.async_image:load_from_url:75 - Loaded image from https://tse1.mm.bing.net/th/id/OIP.XAeHchsCgXxL2zwMTcCOmgHaFj?cb=ucfimg2&pid=Api&ucfimg=1
2025-12-17 22:34:57.313 | DEBUG    | src.ui.widgets.async_image:load_from_url:75 - Loaded image from https://tse3.mm.bing.net/th/id/OIP.ZS6zTvqdDt4aO2XzuD63OAHaEZ?cb=ucfimg2&pid=Api&ucfimg=1
2025-12-17 22:34:57.317 | DEBUG    | src.ui.widgets.async_image:load_from_url:75 - Loaded image from https://tse4.mm.bing.net/th/id/OIP.PxX1s048z_BeTlJfxk5HEgHaFj?cb=ucfimg2&pid=Api&ucfimg=1
2025-12-17 22:34:57.321 | DEBUG    | src.ui.widgets.async_image:load_from_url:75 - Loaded image from https://tse1.mm.bing.net/th/id/OIP.BNVLlRkcRfAMkQkFgV6bDAHaFj?cb=ucfimg2&pid=Api&ucfimg=1
2025-12-17 22:34:57.324 | DEBUG    | src.ui.widgets.async_image:load_from_url:75 - Loaded image from https://tse4.mm.bing.net/th/id/OIP.q7pRCGAokNXeU6wA8wYbNAHaEK?cb=ucfimg2&pid=Api&ucfimg=1
2025-12-17 22:34:57.328 | DEBUG    | src.ui.widgets.async_image:load_from_url:75 - Loaded image from https://tse3.mm.bing.net/th/id/OIP.kWki_30q0PQXNem-_NXmaQHaFj?cb=ucfimg2&pid=Api&ucfimg=1
2025-12-17 22:34:57.339 | DEBUG    | src.ui.widgets.async_image:load_from_url:75 - Loaded image from https://tse3.mm.bing.net/th/id/OIP.-jm8WnPBzvqTeC-lz_eR_AHaFj?cb=ucfimg2&pid=Api&ucfimg=1
2025-12-17 22:34:57.344 | DEBUG    | src.ui.widgets.async_image:load_from_url:75 - Loaded image from https://tse2.mm.bing.net/th/id/OIP.N0xm_MvMR4tvurIctKaCEwHaEK?cb=ucfimg2&pid=Api&ucfimg=1
2025-12-17 22:34:57.348 | DEBUG    | src.ui.widgets.async_image:load_from_url:75 - Loaded image from https://tse1.mm.bing.net/th/id/OIP.XEIAUqfBYFrwH-PLpcEMgAHaGQ?cb=ucfimg2&pid=Api&ucfimg=1
