2025-12-17 22:21:24.076 | INFO     | src.core.logging:setup_logging:22 - Logging initialized.
2025-12-17 22:21:24.076 | INFO     | __main__:main:76 - ============================================================
2025-12-17 22:21:24.077 | INFO     | __main__:main:77 - Image Search Application Starting
2025-12-17 22:21:24.077 | INFO     | __main__:main:78 - ============================================================
2025-12-17 22:21:24.078 | INFO     | src.core.locator:init:36 - ServiceLocator initialized.
2025-12-17 22:21:24.115 | INFO     | src.core.database.manager:connect:22 - Connected to MongoDB at mongodb://localhost:27017, DB: image_search_db
2025-12-17 22:21:24.116 | DEBUG    | src.core.locator:register_system:45 - Registering system: CommandBus
2025-12-17 22:21:24.116 | DEBUG    | src.core.locator:register_system:45 - Registering system: JournalService
2025-12-17 22:21:24.116 | DEBUG    | src.core.locator:register_system:45 - Registering system: AssetManager
2025-12-17 22:21:24.117 | DEBUG    | src.core.locator:register_system:45 - Registering system: TaskSystem
2025-12-17 22:21:24.117 | DEBUG    | src.core.locator:register_system:45 - Registering system: SearchService
2025-12-17 22:21:24.118 | INFO     | src.core.locator:start_all:62 - Starting all systems...
2025-12-17 22:21:24.118 | INFO     | src.core.commands.bus:initialize:15 - CommandBus initialized.
2025-12-17 22:21:24.118 | INFO     | src.core.locator:start_all:66 - System CommandBus started.
2025-12-17 22:21:24.118 | INFO     | src.core.journal.service:initialize:11 - JournalService initialized.
2025-12-17 22:21:24.119 | INFO     | src.core.locator:start_all:66 - System JournalService started.
2025-12-17 22:21:24.119 | INFO     | src.core.assets.manager:initialize:17 - AssetManager initialized.
2025-12-17 22:21:24.119 | INFO     | src.core.locator:start_all:66 - System AssetManager started.
2025-12-17 22:21:24.119 | INFO     | src.core.tasks.system:initialize:19 - TaskSystem initializing...
2025-12-17 22:21:24.122 | INFO     | src.core.tasks.system:initialize:35 - Loaded 0 pending tasks.
2025-12-17 22:21:24.122 | INFO     | src.core.locator:start_all:66 - System TaskSystem started.
2025-12-17 22:21:24.123 | INFO     | app_search_service:initialize:31 - SearchService initialized
2025-12-17 22:21:24.123 | INFO     | src.core.locator:start_all:66 - System SearchService started.
2025-12-17 22:21:24.123 | INFO     | src.ui.menus.action_registry:__init__:17 - ActionRegistry initialized
2025-12-17 22:21:24.124 | INFO     | src.ui.docking.dock_manager:__init__:50 - DockManager initialized
2025-12-17 22:21:24.133 | INFO     | src.ui.menus.menu_builder:__init__:16 - MenuBuilder initialized
2025-12-17 22:21:24.382 | DEBUG    | src.ui.docking.dock_manager:register_panel:59 - Panel registered: search
2025-12-17 22:21:24.383 | DEBUG    | src.ui.docking.dock_manager:register_panel:59 - Panel registered: gallery
2025-12-17 22:21:24.384 | DEBUG    | src.ui.docking.panel_base:__init__:29 - Panel created: search
2025-12-17 22:21:24.391 | INFO     | src.ui.docking.dock_manager:create_panel:92 - Panel created: search
2025-12-17 22:21:24.391 | DEBUG    | src.ui.docking.panel_base:__init__:29 - Panel created: gallery
2025-12-17 22:21:24.469 | DEBUG    | src.core.tasks.system:_worker:90 - Worker 0 started.
2025-12-17 22:21:24.470 | DEBUG    | src.core.tasks.system:_worker:90 - Worker 1 started.
2025-12-17 22:21:24.470 | DEBUG    | src.core.tasks.system:_worker:90 - Worker 2 started.
