2025-12-17 22:36:00.873 | INFO     | src.core.logging:setup_logging:22 - Logging initialized.
2025-12-17 22:36:00.873 | INFO     | __main__:main:76 - ============================================================
2025-12-17 22:36:00.873 | INFO     | __main__:main:77 - Image Search Application Starting
2025-12-17 22:36:00.874 | INFO     | __main__:main:78 - ============================================================
2025-12-17 22:36:00.874 | INFO     | src.core.locator:init:36 - ServiceLocator initialized.
2025-12-17 22:36:00.906 | INFO     | src.core.database.manager:connect:22 - Connected to MongoDB at mongodb://localhost:27017, DB: image_search_db
2025-12-17 22:36:00.907 | DEBUG    | src.core.locator:register_system:45 - Registering system: CommandBus
2025-12-17 22:36:00.908 | DEBUG    | src.core.locator:register_system:45 - Registering system: JournalService
2025-12-17 22:36:00.908 | DEBUG    | src.core.locator:register_system:45 - Registering system: AssetManager
2025-12-17 22:36:00.908 | DEBUG    | src.core.locator:register_system:45 - Registering system: TaskSystem
2025-12-17 22:36:00.908 | DEBUG    | src.core.locator:register_system:45 - Registering system: SearchService
2025-12-17 22:36:00.909 | INFO     | src.core.locator:start_all:62 - Starting all systems...
2025-12-17 22:36:00.909 | INFO     | src.core.commands.bus:initialize:15 - CommandBus initialized.
2025-12-17 22:36:00.909 | INFO     | src.core.locator:start_all:66 - System CommandBus started.
2025-12-17 22:36:00.910 | INFO     | src.core.journal.service:initialize:11 - JournalService initialized.
2025-12-17 22:36:00.910 | INFO     | src.core.locator:start_all:66 - System JournalService started.
2025-12-17 22:36:00.910 | INFO     | src.core.assets.manager:initialize:17 - AssetManager initialized.
2025-12-17 22:36:00.911 | INFO     | src.core.locator:start_all:66 - System AssetManager started.
2025-12-17 22:36:00.911 | INFO     | src.core.tasks.system:initialize:19 - TaskSystem initializing...
2025-12-17 22:36:00.914 | INFO     | src.core.tasks.system:initialize:35 - Loaded 0 pending tasks.
2025-12-17 22:36:00.915 | INFO     | src.core.locator:start_all:66 - System TaskSystem started.
2025-12-17 22:36:00.915 | INFO     | app_search_service:initialize:31 - SearchService initialized
2025-12-17 22:36:00.915 | INFO     | src.core.locator:start_all:66 - System SearchService started.
2025-12-17 22:36:00.916 | INFO     | src.ui.menus.action_registry:__init__:17 - ActionRegistry initialized
2025-12-17 22:36:00.916 | INFO     | src.ui.docking.dock_manager:__init__:50 - DockManager initialized
2025-12-17 22:36:00.926 | INFO     | src.ui.menus.menu_builder:__init__:16 - MenuBuilder initialized
2025-12-17 22:36:01.169 | DEBUG    | src.ui.docking.dock_manager:register_panel:59 - Panel registered: search
2025-12-17 22:36:01.169 | DEBUG    | src.ui.docking.dock_manager:register_panel:59 - Panel registered: gallery
2025-12-17 22:36:01.172 | DEBUG    | src.ui.docking.panel_base:__init__:29 - Panel created: search
2025-12-17 22:36:01.189 | INFO     | src.ui.docking.dock_manager:create_panel:92 - Panel created: search
2025-12-17 22:36:01.190 | DEBUG    | src.ui.docking.panel_base:__init__:29 - Panel created: gallery
2025-12-17 22:36:01.192 | DEBUG    | app_gallery_panel:initialize_ui:63 - GalleryPanel UI initialized
2025-12-17 22:36:01.194 | DEBUG    | src.ui.menus.action_registry:register_action:56 - Action registered: file_new_search
2025-12-17 22:36:01.194 | DEBUG    | src.ui.menus.action_registry:register_action:56 - Action registered: file_open_downloads
2025-12-17 22:36:01.194 | DEBUG    | src.ui.menus.action_registry:register_action:56 - Action registered: file_exit
2025-12-17 22:36:01.195 | DEBUG    | src.ui.menus.action_registry:register_action:56 - Action registered: edit_select_all
2025-12-17 22:36:01.195 | DEBUG    | src.ui.menus.action_registry:register_action:56 - Action registered: edit_deselect_all
2025-12-17 22:36:01.195 | DEBUG    | src.ui.menus.action_registry:register_action:56 - Action registered: search_images
2025-12-17 22:36:01.196 | DEBUG    | src.ui.menus.action_registry:register_action:56 - Action registered: download_selected
2025-12-17 22:36:01.196 | DEBUG    | src.ui.menus.action_registry:register_action:56 - Action registered: download_all
2025-12-17 22:36:01.196 | INFO     | app_main_window:__init__:39 - Image Search MainWindow initialized
2025-12-17 22:36:01.355 | INFO     | __main__:main:106 - Application started successfully
2025-12-17 22:36:01.388 | DEBUG    | src.core.tasks.system:_worker:90 - Worker 0 started.
2025-12-17 22:36:01.388 | DEBUG    | src.core.tasks.system:_worker:90 - Worker 1 started.
2025-12-17 22:36:01.388 | DEBUG    | src.core.tasks.system:_worker:90 - Worker 2 started.
2025-12-17 22:36:01.416 | INFO     | app_search_panel:_load_recent_searches:151 - ✅ Loaded 4 recent searches
2025-12-17 22:36:01.418 | INFO     | app_main_window:_load_latest_results:214 - 📊 Loaded 100 results from MongoDB
2025-12-17 22:36:01.418 | INFO     | app_gallery_panel:load_images:72 - 📸 Loading 100 images into gallery
2025-12-17 22:36:01.436 | DEBUG    | app_gallery_panel:load_images:100 -   Loaded 10/100 thumbnails
2025-12-17 22:36:01.454 | DEBUG    | app_gallery_panel:load_images:100 -   Loaded 20/100 thumbnails
2025-12-17 22:36:01.474 | DEBUG    | app_gallery_panel:load_images:100 -   Loaded 30/100 thumbnails
2025-12-17 22:36:01.496 | DEBUG    | app_gallery_panel:load_images:100 -   Loaded 40/100 thumbnails
2025-12-17 22:36:01.509 | DEBUG    | app_gallery_panel:load_images:100 -   Loaded 50/100 thumbnails
2025-12-17 22:36:01.524 | DEBUG    | app_gallery_panel:load_images:100 -   Loaded 60/100 thumbnails
2025-12-17 22:36:01.550 | DEBUG    | app_gallery_panel:load_images:100 -   Loaded 70/100 thumbnails
2025-12-17 22:36:01.568 | DEBUG    | app_gallery_panel:load_images:100 -   Loaded 80/100 thumbnails
2025-12-17 22:36:01.586 | DEBUG    | app_gallery_panel:load_images:100 -   Loaded 90/100 thumbnails
2025-12-17 22:36:01.601 | DEBUG    | app_gallery_panel:load_images:100 -   Loaded 100/100 thumbnails
2025-12-17 22:36:01.602 | INFO     | app_gallery_panel:load_images:104 - ✅ Gallery loaded with 100 images
2025-12-17 22:36:02.930 | DEBUG    | src.ui.widgets.async_image:load_from_url:75 - Loaded image from https://tse3.mm.bing.net/th/id/OIP.AmDI_MZkA6UbjvT8FF5qMgHaIT?cb=ucfimg2&pid=Api&ucfimg=1
2025-12-17 22:36:02.935 | DEBUG    | src.ui.widgets.async_image:load_from_url:75 - Loaded image from https://tse4.mm.bing.net/th/id/OIP.ORzhcMSxQsArjgvtNJisOQHaLH?cb=ucfimg2&pid=Api&ucfimg=1
2025-12-17 22:36:02.938 | DEBUG    | src.ui.widgets.async_image:load_from_url:75 - Loaded image from https://tse4.mm.bing.net/th/id/OIP.FND-9z9Fov7SLX_FMX_U5QHaEK?cb=ucfimg2&pid=Api&ucfimg=1
2025-12-17 22:36:02.946 | DEBUG    | src.ui.widgets.async_image:load_from_url:75 - Loaded image from https://tse1.mm.bing.net/th/id/OIP.WJy8q2tNuzgk7EWGzhYPWwHaLH?cb=ucfimg2&pid=Api&ucfimg=1
2025-12-17 22:36:02.949 | DEBUG    | src.ui.widgets.async_image:load_from_url:75 - Loaded image from https://tse2.mm.bing.net/th/id/OIP.c-vjbmkRnixJ7GtOGWAfnAHaGo?cb=ucfimg2&pid=Api&ucfimg=1
2025-12-17 22:36:02.952 | DEBUG    | src.ui.widgets.async_image:load_from_url:75 - Loaded image from https://tse2.mm.bing.net/th/id/OIP.-jcjUz5sP_EQ-PfRjq5fzwHaEk?cb=ucfimg2&pid=Api&ucfimg=1
2025-12-17 22:36:02.955 | DEBUG    | src.ui.widgets.async_image:load_from_url:75 - Loaded image from https://tse4.mm.bing.net/th/id/OIP.HSaLqf2d4d6ZIN9mmcAYGAHaE7?cb=ucfimg2&pid=Api&ucfimg=1
2025-12-17 22:36:02.966 | DEBUG    | src.ui.widgets.async_image:load_from_url:75 - Loaded image from https://tse2.mm.bing.net/th/id/OIP.gwoZdSkPPDgi-WJ2MzQUVwHaHa?cb=ucfimg2&pid=Api&ucfimg=1
2025-12-17 22:36:02.970 | DEBUG    | src.ui.widgets.async_image:load_from_url:75 - Loaded image from https://tse3.mm.bing.net/th/id/OIP.QEz08T8zJmAk9ov_oehSBgHaHa?cb=ucfimg2&pid=Api&ucfimg=1
2025-12-17 22:36:02.979 | DEBUG    | src.ui.widgets.async_image:load_from_url:75 - Loaded image from https://tse3.mm.bing.net/th/id/OIP.fkmjOXuMCocqtIqbpZAzlAHaEK?cb=ucfimg2&pid=Api&ucfimg=1
2025-12-17 22:36:02.985 | DEBUG    | src.ui.widgets.async_image:load_from_url:75 - Loaded image from https://tse3.mm.bing.net/th/id/OIP.RIHIVMOeAPjgLR0jhDuQ6QHaHa?cb=ucfimg2&pid=Api&ucfimg=1
2025-12-17 22:36:02.990 | DEBUG    | src.ui.widgets.async_image:load_from_url:75 - Loaded image from https://tse2.mm.bing.net/th/id/OIP.PRLenQIYWs9PPOACRXc9UAHaNl?cb=ucfimg2&pid=Api&ucfimg=1
2025-12-17 22:36:02.994 | DEBUG    | src.ui.widgets.async_image:load_from_url:75 - Loaded image from https://tse3.mm.bing.net/th/id/OIP.6a92DtLY3PnHbetbNqhEwQHaKa?cb=ucfimg2&pid=Api&ucfimg=1
2025-12-17 22:36:02.997 | DEBUG    | src.ui.widgets.async_image:load_from_url:75 - Loaded image from https://tse4.mm.bing.net/th/id/OIP.TvyxO2qZHUb1YJIdSv4mRwHaEK?cb=ucfimg2&pid=Api&ucfimg=1
2025-12-17 22:36:03.001 | DEBUG    | src.ui.widgets.async_image:load_from_url:75 - Loaded image from https://tse2.mm.bing.net/th/id/OIP.vNa5RnKuNm6kGBPFchUlPwHaJJ?cb=ucfimg2&pid=Api&ucfimg=1
2025-12-17 22:36:03.005 | DEBUG    | src.ui.widgets.async_image:load_from_url:75 - Loaded image from https://tse2.mm.bing.net/th/id/OIP.96xGC-g0IvkanPsCqf7YhAHaE7?cb=ucfimg2&pid=Api&ucfimg=1
2025-12-17 22:36:03.008 | DEBUG    | src.ui.widgets.async_image:load_from_url:75 - Loaded image from https://tse2.mm.bing.net/th/id/OIP.iPfMgMDziXVowjdhHIqJ1QHaHa?cb=ucfimg2&pid=Api&ucfimg=1
2025-12-17 22:36:03.012 | DEBUG    | src.ui.widgets.async_image:load_from_url:75 - Loaded image from https://tse3.mm.bing.net/th/id/OIP.CbtARvIT3gtAR9ReWqK5CQHaHa?cb=ucfimg2&pid=Api&ucfimg=1
2025-12-17 22:36:03.019 | DEBUG    | src.ui.widgets.async_image:load_from_url:75 - Loaded image from https://tse3.mm.bing.net/th/id/OIP.ZS6zTvqdDt4aO2XzuD63OAHaEZ?cb=ucfimg2&pid=Api&ucfimg=1
2025-12-17 22:36:03.058 | DEBUG    | src.ui.widgets.async_image:load_from_url:75 - Loaded image from https://tse4.mm.bing.net/th/id/OIP.8EYPyCU4GgOfq6qrzRH_OwHaE8?cb=ucfimg2&pid=Api&ucfimg=1
2025-12-17 22:36:03.062 | DEBUG    | src.ui.widgets.async_image:load_from_url:75 - Loaded image from https://tse3.mm.bing.net/th/id/OIP.kWki_30q0PQXNem-_NXmaQHaFj?cb=ucfimg2&pid=Api&ucfimg=1
2025-12-17 22:36:03.066 | DEBUG    | src.ui.widgets.async_image:load_from_url:75 - Loaded image from https://tse4.mm.bing.net/th/id/OIP.PxX1s048z_BeTlJfxk5HEgHaFj?cb=ucfimg2&pid=Api&ucfimg=1
2025-12-17 22:36:03.070 | DEBUG    | src.ui.widgets.async_image:load_from_url:75 - Loaded image from https://tse1.mm.bing.net/th/id/OIP.TR3c9vnvpkKLVgBteDtyAgHaE8?cb=ucfimg2&pid=Api&ucfimg=1
2025-12-17 22:36:03.072 | DEBUG    | src.ui.widgets.async_image:load_from_url:75 - Loaded image from https://tse4.mm.bing.net/th/id/OIP.RuolWPFLq-kZqNULDyzjagHaE8?cb=ucfimg2&pid=Api&ucfimg=1
2025-12-17 22:36:03.077 | DEBUG    | src.ui.widgets.async_image:load_from_url:75 - Loaded image from https://tse1.mm.bing.net/th/id/OIP.jAGYnfZRDypurXptdPxzjgHaJQ?cb=ucfimg2&pid=Api&ucfimg=1
2025-12-17 22:36:03.079 | DEBUG    | src.ui.widgets.async_image:load_from_url:75 - Loaded image from https://tse1.mm.bing.net/th/id/OIP.OsIwy6hxoLMTCnaYNyw5lAHaE8?cb=ucfimg2&pid=Api&ucfimg=1
2025-12-17 22:36:03.085 | DEBUG    | src.ui.widgets.async_image:load_from_url:75 - Loaded image from https://tse2.mm.bing.net/th/id/OIP.N0xm_MvMR4tvurIctKaCEwHaEK?cb=ucfimg2&pid=Api&ucfimg=1
2025-12-17 22:36:03.087 | DEBUG    | src.ui.widgets.async_image:load_from_url:75 - Loaded image from https://tse4.mm.bing.net/th/id/OIP.q7pRCGAokNXeU6wA8wYbNAHaEK?cb=ucfimg2&pid=Api&ucfimg=1
2025-12-17 22:36:03.089 | DEBUG    | src.ui.widgets.async_image:load_from_url:75 - Loaded image from https://tse4.mm.bing.net/th/id/OIP.yvj61X0dbFFF8viA7fmKcAHaEV?cb=ucfimg2&pid=Api&ucfimg=1
2025-12-17 22:36:03.092 | DEBUG    | src.ui.widgets.async_image:load_from_url:75 - Loaded image from https://tse3.mm.bing.net/th/id/OIP.4fFBrrPTdTTUvd7hVKhtqwHaEm?cb=ucfimg2&pid=Api&ucfimg=1
2025-12-17 22:36:03.094 | DEBUG    | src.ui.widgets.async_image:load_from_url:75 - Loaded image from https://tse3.mm.bing.net/th/id/OIP.-jm8WnPBzvqTeC-lz_eR_AHaFj?cb=ucfimg2&pid=Api&ucfimg=1
2025-12-17 22:36:03.100 | DEBUG    | src.ui.widgets.async_image:load_from_url:75 - Loaded image from https://tse2.mm.bing.net/th/id/OIP.VX4oFweKGDPYUYS2Yd8gJgHaNL?cb=ucfimg2&pid=Api&ucfimg=1
2025-12-17 22:36:03.103 | DEBUG    | src.ui.widgets.async_image:load_from_url:75 - Loaded image from https://tse1.mm.bing.net/th/id/OIP.1zY_WjFMf_H4rtbc1GvSUgHaE8?cb=ucfimg2&pid=Api&ucfimg=1
2025-12-17 22:36:03.105 | DEBUG    | src.ui.widgets.async_image:load_from_url:75 - Loaded image from https://tse2.mm.bing.net/th/id/OIP.OCOXY5Wvj5pQvgIG-LmpYQAAAA?pid=Api
2025-12-17 22:36:03.107 | DEBUG    | src.ui.widgets.async_image:load_from_url:75 - Loaded image from https://tse3.mm.bing.net/th/id/OIP.dXhGspiBElhoc6HtIcOkhQHaE7?pid=Api
2025-12-17 22:36:03.111 | DEBUG    | src.ui.widgets.async_image:load_from_url:75 - Loaded image from https://tse3.mm.bing.net/th/id/OIP.uRTpI1zraWuEklfjJVjAMwHaD4?pid=Api
2025-12-17 22:36:03.114 | DEBUG    | src.ui.widgets.async_image:load_from_url:75 - Loaded image from https://tse1.mm.bing.net/th/id/OIP.4TuqjnIG3bIxXgHI5QJhogHaE8?cb=ucfimg2&pid=Api&ucfimg=1
2025-12-17 22:36:03.117 | DEBUG    | src.ui.widgets.async_image:load_from_url:75 - Loaded image from https://tse1.mm.bing.net/th/id/OIP.XEIAUqfBYFrwH-PLpcEMgAHaGQ?cb=ucfimg2&pid=Api&ucfimg=1
2025-12-17 22:36:03.120 | DEBUG    | src.ui.widgets.async_image:load_from_url:75 - Loaded image from https://tse1.mm.bing.net/th/id/OIP.BNVLlRkcRfAMkQkFgV6bDAHaFj?cb=ucfimg2&pid=Api&ucfimg=1
2025-12-17 22:36:03.123 | DEBUG    | src.ui.widgets.async_image:load_from_url:75 - Loaded image from https://tse1.mm.bing.net/th/id/OIP.267gNV0g4IfZu1SKQalamAHaGu?cb=ucfimg2&pid=Api&ucfimg=1
2025-12-17 22:36:03.127 | DEBUG    | src.ui.widgets.async_image:load_from_url:75 - Loaded image from https://tse3.mm.bing.net/th/id/OIP.y_gVzYDI1IKsZX1cv_LVjQHaLH?pid=Api
2025-12-17 22:36:03.129 | DEBUG    | src.ui.widgets.async_image:load_from_url:75 - Loaded image from https://tse2.mm.bing.net/th/id/OIP.-sqyMLfR5PDgge_zQyfdCgHaFP?pid=Api
2025-12-17 22:36:03.132 | DEBUG    | src.ui.widgets.async_image:load_from_url:75 - Loaded image from https://tse3.mm.bing.net/th/id/OIP.bAou8dQdiXvZVd0VeKkeWQHaEK?pid=Api
2025-12-17 22:36:03.134 | DEBUG    | src.ui.widgets.async_image:load_from_url:75 - Loaded image from https://tse3.mm.bing.net/th/id/OIP.VljEFRrXH196ZeaESK2xfwHaD4?pid=Api
2025-12-17 22:36:03.136 | DEBUG    | src.ui.widgets.async_image:load_from_url:75 - Loaded image from https://tse2.mm.bing.net/th/id/OIP.nblb4Mbe7_pNl7UVz-rSoQHaD4?pid=Api
2025-12-17 22:36:03.139 | DEBUG    | src.ui.widgets.async_image:load_from_url:75 - Loaded image from https://tse1.mm.bing.net/th/id/OIP.AOiFpFdhMc3azOUsarW76AHaE8?pid=Api
2025-12-17 22:36:03.144 | DEBUG    | src.ui.widgets.async_image:load_from_url:75 - Loaded image from https://tse1.mm.bing.net/th/id/OIP.XAeHchsCgXxL2zwMTcCOmgHaFj?cb=ucfimg2&pid=Api&ucfimg=1
2025-12-17 22:36:03.148 | DEBUG    | src.ui.widgets.async_image:load_from_url:75 - Loaded image from https://tse4.mm.bing.net/th/id/OIP.WM1GtZDdfJyJtwB66ETlaQHaEB?pid=Api
2025-12-17 22:36:03.152 | DEBUG    | src.ui.widgets.async_image:load_from_url:75 - Loaded image from https://tse3.mm.bing.net/th/id/OIP.si0594KxN90yS3TKHX4QUwHaE5?pid=Api
2025-12-17 22:36:03.154 | DEBUG    | src.ui.widgets.async_image:load_from_url:75 - Loaded image from https://tse2.mm.bing.net/th/id/OIP.DoyS1y9ui39_ZrZZc1utcAHaEK?pid=Api
2025-12-17 22:36:03.156 | DEBUG    | src.ui.widgets.async_image:load_from_url:75 - Loaded image from https://tse1.mm.bing.net/th/id/OIP.AmS8XNM4YxY8AAm5gL1OgAHaFX?pid=Api
2025-12-17 22:36:03.159 | DEBUG    | src.ui.widgets.async_image:load_from_url:75 - Loaded image from https://tse1.mm.bing.net/th/id/OIP.dpCgDL0lVU3Kxxnz7DM-JgHaEK?pid=Api
2025-12-17 22:36:03.162 | DEBUG    | src.ui.widgets.async_image:load_from_url:75 - Loaded image from https://tse4.mm.bing.net/th/id/OIP.k2zCFnjRQlIvd_zCfb6dJAHaE6?pid=Api
2025-12-17 22:36:03.169 | DEBUG    | src.ui.widgets.async_image:load_from_url:75 - Loaded image from https://tse2.mm.bing.net/th/id/OIP.F9LGVGkyHVvwK9jMlc2TJAHaHa?pid=Api
2025-12-17 22:36:03.171 | DEBUG    | src.ui.widgets.async_image:load_from_url:75 - Loaded image from https://tse4.mm.bing.net/th/id/OIP.HUPOSpJ-bZScfoxjKavc0QHaCR?pid=Api
2025-12-17 22:36:03.173 | DEBUG    | src.ui.widgets.async_image:load_from_url:75 - Loaded image from https://tse3.mm.bing.net/th/id/OIP.r8UZNWMUGOtemPOpCANxDQHaE6?pid=Api
2025-12-17 22:36:03.176 | DEBUG    | src.ui.widgets.async_image:load_from_url:75 - Loaded image from https://tse4.mm.bing.net/th/id/OIP.1leuJQVANqL8OPdimBu3gQHaHa?pid=Api
2025-12-17 22:36:03.178 | DEBUG    | src.ui.widgets.async_image:load_from_url:75 - Loaded image from https://tse4.mm.bing.net/th/id/OIP.Hf8p2UqnGPKYZYlx_5ZZjQAAAA?pid=Api
2025-12-17 22:36:03.180 | DEBUG    | src.ui.widgets.async_image:load_from_url:75 - Loaded image from https://tse3.explicit.bing.net/th/id/OIF.v1Z0rZrQpVhIg604rSgYZA?pid=Api
2025-12-17 22:36:03.183 | DEBUG    | src.ui.widgets.async_image:load_from_url:75 - Loaded image from https://tse3.explicit.bing.net/th/id/OIP.MzU94wsMIMJpSFt7Q_RoDAHaE8?pid=Api
2025-12-17 22:36:03.186 | DEBUG    | src.ui.widgets.async_image:load_from_url:75 - Loaded image from https://tse4.mm.bing.net/th/id/OIF.8MGr3G5YSM5Ra4LlmLZ65w?pid=Api
2025-12-17 22:36:03.194 | DEBUG    | src.ui.widgets.async_image:load_from_url:75 - Loaded image from https://tse1.mm.bing.net/th/id/OIP.ry7a63qsTZuPqKqUR7D8-wHaKh?cb=ucfimg2&pid=Api&ucfimg=1
2025-12-17 22:36:03.198 | DEBUG    | src.ui.widgets.async_image:load_from_url:75 - Loaded image from https://tse2.mm.bing.net/th?id=OIF.s2e/Q3yrpfpuO3Mwf5RoYg&pid=Api
2025-12-17 22:36:03.200 | DEBUG    | src.ui.widgets.async_image:load_from_url:75 - Loaded image from https://tse4.mm.bing.net/th/id/OIF.0hvnc8NmESTNcMUD4nU0Lw?pid=Api
2025-12-17 22:36:03.207 | DEBUG    | src.ui.widgets.async_image:load_from_url:75 - Loaded image from https://tse1.mm.bing.net/th/id/OIP.yxjzcvTHkf6uALA3cuH9tgHaE7?pid=Api
2025-12-17 22:36:03.212 | DEBUG    | src.ui.widgets.async_image:load_from_url:75 - Loaded image from https://tse1.explicit.bing.net/th/id/OIP.Z0YLenkfAfG4UGyA4jstkQHaFi?cb=ucfimg2&pid=Api&ucfimg=1
2025-12-17 22:36:03.215 | DEBUG    | src.ui.widgets.async_image:load_from_url:75 - Loaded image from https://tse2.explicit.bing.net/th/id/OIP.ULq5QQnJfNFuhcLNBVqzAwHaE7?pid=Api
2025-12-17 22:36:03.219 | DEBUG    | src.ui.widgets.async_image:load_from_url:75 - Loaded image from https://tse1.explicit.bing.net/th/id/OIP.Z0YLenkfAfG4UGyA4jstkQHaFi?cb=ucfimg2&pid=Api&ucfimg=1
2025-12-17 22:36:03.222 | DEBUG    | src.ui.widgets.async_image:load_from_url:75 - Loaded image from https://tse1.mm.bing.net/th/id/OIP.REFjuSGKvswknJOtVzU4cQHaH5?pid=Api
2025-12-17 22:36:03.227 | DEBUG    | src.ui.widgets.async_image:load_from_url:75 - Loaded image from https://tse4.mm.bing.net/th/id/OIF.4HHVTEU4K2CY7CnwwZ2nmA?pid=Api
2025-12-17 22:36:03.228 | DEBUG    | src.ui.widgets.async_image:load_from_url:75 - Loaded image from https://tse4.mm.bing.net/th/id/OIP.H-7hzEM4sXFsFLMF-dK4wAHaDE?pid=Api
2025-12-17 22:36:03.232 | DEBUG    | src.ui.widgets.async_image:load_from_url:75 - Loaded image from https://tse2.mm.bing.net/th/id/OIP.5bGpPrXuOBu9FJUL0kxZrwHaHa?pid=Api
2025-12-17 22:36:03.235 | DEBUG    | src.ui.widgets.async_image:load_from_url:75 - Loaded image from https://tse2.mm.bing.net/th/id/OIP.xFhtsj_CShPy7aZ6B7b8SwHaHZ?pid=Api
2025-12-17 22:36:03.237 | DEBUG    | src.ui.widgets.async_image:load_from_url:75 - Loaded image from https://tse4.mm.bing.net/th/id/OIP.8EYPyCU4GgOfq6qrzRH_OwHaE8?cb=ucfimg2&pid=Api&ucfimg=1
2025-12-17 22:36:03.239 | DEBUG    | src.ui.widgets.async_image:load_from_url:75 - Loaded image from https://tse2.mm.bing.net/th/id/OIP.oB33MXr-PXqymkT5XSORIgHaGw?pid=Api
2025-12-17 22:36:03.242 | DEBUG    | src.ui.widgets.async_image:load_from_url:75 - Loaded image from https://tse1.mm.bing.net/th/id/OIP.BjXjHzBXZH1GTkKp1Yw6uQHaFz?pid=Api
2025-12-17 22:36:03.243 | DEBUG    | src.ui.widgets.async_image:load_from_url:75 - Loaded image from https://tse1.mm.bing.net/th/id/OIP.UQ9WJHozb5i8rzVBe2BEwwHaEI?pid=Api
2025-12-17 22:36:03.244 | DEBUG    | src.ui.widgets.async_image:load_from_url:75 - Loaded image from https://tse1.mm.bing.net/th/id/OIP.EILpsWVe3xP131jhGMxrVAAAAA?pid=Api
2025-12-17 22:36:03.246 | DEBUG    | src.ui.widgets.async_image:load_from_url:75 - Loaded image from https://tse4.mm.bing.net/th/id/OIP.RuolWPFLq-kZqNULDyzjagHaE8?cb=ucfimg2&pid=Api&ucfimg=1
2025-12-17 22:36:03.247 | DEBUG    | src.ui.widgets.async_image:load_from_url:75 - Loaded image from https://tse1.mm.bing.net/th/id/OIF.sKqDRvbsNcETwXusENJSlA?pid=Api
2025-12-17 22:36:03.249 | DEBUG    | src.ui.widgets.async_image:load_from_url:75 - Loaded image from https://tse2.mm.bing.net/th/id/OIP.96xGC-g0IvkanPsCqf7YhAHaE7?cb=ucfimg2&pid=Api&ucfimg=1
2025-12-17 22:36:03.251 | DEBUG    | src.ui.widgets.async_image:load_from_url:75 - Loaded image from https://tse3.mm.bing.net/th/id/OIP.ZS6zTvqdDt4aO2XzuD63OAHaEZ?cb=ucfimg2&pid=Api&ucfimg=1
2025-12-17 22:36:03.254 | DEBUG    | src.ui.widgets.async_image:load_from_url:75 - Loaded image from https://tse3.mm.bing.net/th/id/OIP.kWki_30q0PQXNem-_NXmaQHaFj?cb=ucfimg2&pid=Api&ucfimg=1
2025-12-17 22:36:03.255 | DEBUG    | src.ui.widgets.async_image:load_from_url:75 - Loaded image from https://tse3.mm.bing.net/th/id/OIP.-jm8WnPBzvqTeC-lz_eR_AHaFj?cb=ucfimg2&pid=Api&ucfimg=1
2025-12-17 22:36:03.259 | DEBUG    | src.ui.widgets.async_image:load_from_url:75 - Loaded image from https://tse4.mm.bing.net/th/id/OIP.q7pRCGAokNXeU6wA8wYbNAHaEK?cb=ucfimg2&pid=Api&ucfimg=1
2025-12-17 22:36:03.262 | DEBUG    | src.ui.widgets.async_image:load_from_url:75 - Loaded image from https://tse4.mm.bing.net/th/id/OIP.PxX1s048z_BeTlJfxk5HEgHaFj?cb=ucfimg2&pid=Api&ucfimg=1
2025-12-17 22:36:03.265 | DEBUG    | src.ui.widgets.async_image:load_from_url:75 - Loaded image from https://tse4.mm.bing.net/th/id/OIP.yvj61X0dbFFF8viA7fmKcAHaEV?cb=ucfimg2&pid=Api&ucfimg=1
2025-12-17 22:36:03.268 | DEBUG    | src.ui.widgets.async_image:load_from_url:75 - Loaded image from https://tse2.mm.bing.net/th/id/OIP.N0xm_MvMR4tvurIctKaCEwHaEK?cb=ucfimg2&pid=Api&ucfimg=1
2025-12-17 22:36:03.270 | DEBUG    | src.ui.widgets.async_image:load_from_url:75 - Loaded image from https://tse1.mm.bing.net/th/id/OIP.4TuqjnIG3bIxXgHI5QJhogHaE8?cb=ucfimg2&pid=Api&ucfimg=1
2025-12-17 22:36:03.272 | DEBUG    | src.ui.widgets.async_image:load_from_url:75 - Loaded image from https://tse1.mm.bing.net/th/id/OIP.OsIwy6hxoLMTCnaYNyw5lAHaE8?cb=ucfimg2&pid=Api&ucfimg=1
2025-12-17 22:36:03.274 | DEBUG    | src.ui.widgets.async_image:load_from_url:75 - Loaded image from https://tse1.mm.bing.net/th/id/OIP.TR3c9vnvpkKLVgBteDtyAgHaE8?cb=ucfimg2&pid=Api&ucfimg=1
2025-12-17 22:36:03.277 | DEBUG    | src.ui.widgets.async_image:load_from_url:75 - Loaded image from https://tse1.mm.bing.net/th/id/OIP.267gNV0g4IfZu1SKQalamAHaGu?cb=ucfimg2&pid=Api&ucfimg=1
2025-12-17 22:36:03.279 | DEBUG    | src.ui.widgets.async_image:load_from_url:75 - Loaded image from https://tse1.mm.bing.net/th/id/OIP.XEIAUqfBYFrwH-PLpcEMgAHaGQ?cb=ucfimg2&pid=Api&ucfimg=1
2025-12-17 22:36:03.282 | DEBUG    | src.ui.widgets.async_image:load_from_url:75 - Loaded image from https://tse1.mm.bing.net/th/id/OIP.BNVLlRkcRfAMkQkFgV6bDAHaFj?cb=ucfimg2&pid=Api&ucfimg=1
2025-12-17 22:36:03.285 | DEBUG    | src.ui.widgets.async_image:load_from_url:75 - Loaded image from https://tse1.mm.bing.net/th/id/OIP.jAGYnfZRDypurXptdPxzjgHaJQ?cb=ucfimg2&pid=Api&ucfimg=1
2025-12-17 22:36:03.288 | DEBUG    | src.ui.widgets.async_image:load_from_url:75 - Loaded image from https://tse1.mm.bing.net/th/id/OIP.XAeHchsCgXxL2zwMTcCOmgHaFj?cb=ucfimg2&pid=Api&ucfimg=1
2025-12-17 22:36:03.290 | DEBUG    | src.ui.widgets.async_image:load_from_url:75 - Loaded image from https://tse1.mm.bing.net/th/id/OIP.1zY_WjFMf_H4rtbc1GvSUgHaE8?cb=ucfimg2&pid=Api&ucfimg=1
2025-12-17 22:36:03.304 | ERROR    | src.ui.widgets.async_image:load_from_url:84 - Failed to load image from https://tse2.mm.bing.net/th?id=OIF.H7xkwKWS+h7TcmqtIqbaLA&pid=Api: HTTP 404
2025-12-17 22:36:03.307 | ERROR    | src.ui.widgets.async_image:load_from_url:84 - Failed to load image from https://tse1.mm.bing.net/th?id=OIF.HN+jULY4o5vIDI8D/lDd5w&pid=Api: HTTP 404
2025-12-17 22:36:03.307 | ERROR    | src.ui.widgets.async_image:load_from_url:84 - Failed to load image from https://tse1.mm.bing.net/th?id=OIF.X+w9NN5ggXxpUFRVKPc3+w&pid=Api: HTTP 404
2025-12-17 22:36:14.646 | DEBUG    | app_gallery_panel:_on_thumbnail_clicked:108 - Thumbnail clicked: Premium Photo | Experience the eerie spectacle of a fearsome werew ...
2025-12-17 22:36:14.647 | DEBUG    | app_gallery_panel:_on_thumbnail_clicked:127 - ✅ Selected: Premium Photo | Experience the eerie spectacle of a fearsome werew ...
2025-12-17 22:36:14.647 | DEBUG    | app_gallery_panel:_on_thumbnail_clicked:130 - Total selected: 1
2025-12-17 22:36:20.117 | DEBUG    | app_gallery_panel:_on_thumbnail_clicked:108 - Thumbnail clicked: ArtStation - Werewolf fanart
2025-12-17 22:36:20.118 | DEBUG    | app_gallery_panel:_on_thumbnail_clicked:127 - ✅ Selected: ArtStation - Werewolf fanart
2025-12-17 22:36:20.118 | DEBUG    | app_gallery_panel:_on_thumbnail_clicked:130 - Total selected: 2
2025-12-17 22:36:21.653 | DEBUG    | app_gallery_panel:_on_thumbnail_clicked:108 - Thumbnail clicked: Intense Werewolf Photography with Cinematic Lighting and Intricate ...
2025-12-17 22:36:21.654 | DEBUG    | app_gallery_panel:_on_thumbnail_clicked:127 - ✅ Selected: Intense Werewolf Photography with Cinematic Lighting and Intricate ...
2025-12-17 22:36:21.655 | DEBUG    | app_gallery_panel:_on_thumbnail_clicked:130 - Total selected: 3
2025-12-17 22:36:24.270 | DEBUG    | app_gallery_panel:_on_thumbnail_clicked:108 - Thumbnail clicked: Where vs. Were: Understanding the Key Differences • 7ESL
2025-12-17 22:36:24.271 | DEBUG    | app_gallery_panel:_on_thumbnail_clicked:127 - ✅ Selected: Where vs. Were: Understanding the Key Differences • 7ESL
2025-12-17 22:36:24.271 | DEBUG    | app_gallery_panel:_on_thumbnail_clicked:130 - Total selected: 4
2025-12-17 22:36:33.788 | DEBUG    | app_gallery_panel:_on_thumbnail_clicked:108 - Thumbnail clicked: Cats photos (III)
2025-12-17 22:36:33.789 | DEBUG    | app_gallery_panel:_on_thumbnail_clicked:127 - ✅ Selected: Cats photos (III)
2025-12-17 22:36:33.790 | DEBUG    | app_gallery_panel:_on_thumbnail_clicked:130 - Total selected: 5
2025-12-17 22:36:35.933 | DEBUG    | app_gallery_panel:_on_thumbnail_clicked:108 - Thumbnail clicked: Pretty Cats, Beautiful Cats, Gorgeous, Kittens Cutest, Cats And Kittens ...
2025-12-17 22:36:35.934 | DEBUG    | app_gallery_panel:_on_thumbnail_clicked:127 - ✅ Selected: Pretty Cats, Beautiful Cats, Gorgeous, Kittens Cutest, Cats And Kittens ...
2025-12-17 22:36:35.934 | DEBUG    | app_gallery_panel:_on_thumbnail_clicked:130 - Total selected: 6
2025-12-17 22:36:43.509 | DEBUG    | app_gallery_panel:_on_thumbnail_clicked:108 - Thumbnail clicked: Taking Tests
2025-12-17 22:36:43.510 | DEBUG    | app_gallery_panel:_on_thumbnail_clicked:127 - ✅ Selected: Taking Tests
2025-12-17 22:36:43.510 | DEBUG    | app_gallery_panel:_on_thumbnail_clicked:130 - Total selected: 7
2025-12-17 22:36:44.421 | DEBUG    | app_gallery_panel:_on_thumbnail_clicked:108 - Thumbnail clicked: Corona: Das gilt bei Corona-Tests | Bundesregierung
2025-12-17 22:36:44.422 | DEBUG    | app_gallery_panel:_on_thumbnail_clicked:127 - ✅ Selected: Corona: Das gilt bei Corona-Tests | Bundesregierung
2025-12-17 22:36:44.422 | DEBUG    | app_gallery_panel:_on_thumbnail_clicked:130 - Total selected: 8
2025-12-17 22:36:44.877 | DEBUG    | app_gallery_panel:_on_thumbnail_clicked:108 - Thumbnail clicked: Standardized Tests: The Ultimate Guide to the SAT, ACT, & More
2025-12-17 22:36:44.878 | DEBUG    | app_gallery_panel:_on_thumbnail_clicked:127 - ✅ Selected: Standardized Tests: The Ultimate Guide to the SAT, ACT, & More
2025-12-17 22:36:44.879 | DEBUG    | app_gallery_panel:_on_thumbnail_clicked:130 - Total selected: 9
2025-12-17 22:36:45.245 | DEBUG    | app_gallery_panel:_on_thumbnail_clicked:108 - Thumbnail clicked: Take the Better Test - BJU Press Homeschool Blog
2025-12-17 22:36:45.246 | DEBUG    | app_gallery_panel:_on_thumbnail_clicked:127 - ✅ Selected: Take the Better Test - BJU Press Homeschool Blog
2025-12-17 22:36:45.246 | DEBUG    | app_gallery_panel:_on_thumbnail_clicked:130 - Total selected: 10
