2025-12-17 22:30:18.040 | INFO     | src.core.logging:setup_logging:22 - Logging initialized.
2025-12-17 22:30:18.040 | INFO     | __main__:main:76 - ============================================================
2025-12-17 22:30:18.041 | INFO     | __main__:main:77 - Image Search Application Starting
2025-12-17 22:30:18.041 | INFO     | __main__:main:78 - ============================================================
2025-12-17 22:30:18.042 | INFO     | src.core.locator:init:36 - ServiceLocator initialized.
2025-12-17 22:30:18.057 | INFO     | src.core.database.manager:connect:22 - Connected to MongoDB at mongodb://localhost:27017, DB: image_search_db
2025-12-17 22:30:18.057 | DEBUG    | src.core.locator:register_system:45 - Registering system: CommandBus
2025-12-17 22:30:18.058 | DEBUG    | src.core.locator:register_system:45 - Registering system: JournalService
2025-12-17 22:30:18.058 | DEBUG    | src.core.locator:register_system:45 - Registering system: AssetManager
2025-12-17 22:30:18.058 | DEBUG    | src.core.locator:register_system:45 - Registering system: TaskSystem
2025-12-17 22:30:18.058 | DEBUG    | src.core.locator:register_system:45 - Registering system: SearchService
2025-12-17 22:30:18.059 | INFO     | src.core.locator:start_all:62 - Starting all systems...
2025-12-17 22:30:18.059 | INFO     | src.core.commands.bus:initialize:15 - CommandBus initialized.
2025-12-17 22:30:18.059 | INFO     | src.core.locator:start_all:66 - System CommandBus started.
2025-12-17 22:30:18.059 | INFO     | src.core.journal.service:initialize:11 - JournalService initialized.
2025-12-17 22:30:18.059 | INFO     | src.core.locator:start_all:66 - System JournalService started.
2025-12-17 22:30:18.060 | INFO     | src.core.assets.manager:initialize:17 - AssetManager initialized.
2025-12-17 22:30:18.060 | INFO     | src.core.locator:start_all:66 - System AssetManager started.
2025-12-17 22:30:18.060 | INFO     | src.core.tasks.system:initialize:19 - TaskSystem initializing...
2025-12-17 22:30:18.064 | INFO     | src.core.tasks.system:initialize:35 - Loaded 0 pending tasks.
2025-12-17 22:30:18.064 | INFO     | src.core.locator:start_all:66 - System TaskSystem started.
2025-12-17 22:30:18.064 | INFO     | app_search_service:initialize:31 - SearchService initialized
2025-12-17 22:30:18.065 | INFO     | src.core.locator:start_all:66 - System SearchService started.
2025-12-17 22:30:18.065 | INFO     | src.ui.menus.action_registry:__init__:17 - ActionRegistry initialized
2025-12-17 22:30:18.066 | INFO     | src.ui.docking.dock_manager:__init__:50 - DockManager initialized
2025-12-17 22:30:18.075 | INFO     | src.ui.menus.menu_builder:__init__:16 - MenuBuilder initialized
2025-12-17 22:30:18.329 | DEBUG    | src.ui.docking.dock_manager:register_panel:59 - Panel registered: search
2025-12-17 22:30:18.330 | DEBUG    | src.ui.docking.dock_manager:register_panel:59 - Panel registered: gallery
2025-12-17 22:30:18.333 | DEBUG    | src.ui.docking.panel_base:__init__:29 - Panel created: search
2025-12-17 22:30:18.364 | INFO     | src.ui.docking.dock_manager:create_panel:92 - Panel created: search
2025-12-17 22:30:18.365 | DEBUG    | src.ui.docking.panel_base:__init__:29 - Panel created: gallery
2025-12-17 22:30:18.366 | DEBUG    | app_gallery_panel:initialize_ui:63 - GalleryPanel UI initialized
2025-12-17 22:30:18.368 | DEBUG    | src.ui.menus.action_registry:register_action:56 - Action registered: file_new_search
2025-12-17 22:30:18.368 | DEBUG    | src.ui.menus.action_registry:register_action:56 - Action registered: file_open_downloads
2025-12-17 22:30:18.369 | DEBUG    | src.ui.menus.action_registry:register_action:56 - Action registered: file_exit
2025-12-17 22:30:18.369 | DEBUG    | src.ui.menus.action_registry:register_action:56 - Action registered: edit_select_all
2025-12-17 22:30:18.369 | DEBUG    | src.ui.menus.action_registry:register_action:56 - Action registered: edit_deselect_all
2025-12-17 22:30:18.370 | DEBUG    | src.ui.menus.action_registry:register_action:56 - Action registered: search_images
2025-12-17 22:30:18.370 | DEBUG    | src.ui.menus.action_registry:register_action:56 - Action registered: download_selected
2025-12-17 22:30:18.371 | DEBUG    | src.ui.menus.action_registry:register_action:56 - Action registered: download_all
2025-12-17 22:30:18.372 | INFO     | app_main_window:__init__:39 - Image Search MainWindow initialized
2025-12-17 22:30:18.559 | INFO     | __main__:main:106 - Application started successfully
2025-12-17 22:30:18.597 | DEBUG    | src.core.tasks.system:_worker:90 - Worker 0 started.
2025-12-17 22:30:18.597 | DEBUG    | src.core.tasks.system:_worker:90 - Worker 1 started.
2025-12-17 22:30:18.598 | DEBUG    | src.core.tasks.system:_worker:90 - Worker 2 started.
2025-12-17 22:30:18.632 | INFO     | app_search_panel:_load_recent_searches:151 - ✅ Loaded 4 recent searches
2025-12-17 22:30:18.634 | INFO     | app_main_window:_load_latest_results:214 - 📊 Loaded 80 results from MongoDB
2025-12-17 22:30:18.634 | INFO     | app_gallery_panel:load_images:72 - 📸 Loading 80 images into gallery
2025-12-17 22:30:18.656 | DEBUG    | app_gallery_panel:load_images:99 -   Loaded 10/80 thumbnails
2025-12-17 22:30:18.676 | DEBUG    | app_gallery_panel:load_images:99 -   Loaded 20/80 thumbnails
2025-12-17 22:30:18.691 | DEBUG    | app_gallery_panel:load_images:99 -   Loaded 30/80 thumbnails
2025-12-17 22:30:18.710 | DEBUG    | app_gallery_panel:load_images:99 -   Loaded 40/80 thumbnails
2025-12-17 22:30:18.724 | DEBUG    | app_gallery_panel:load_images:99 -   Loaded 50/80 thumbnails
2025-12-17 22:30:18.743 | DEBUG    | app_gallery_panel:load_images:99 -   Loaded 60/80 thumbnails
2025-12-17 22:30:18.766 | DEBUG    | app_gallery_panel:load_images:99 -   Loaded 70/80 thumbnails
2025-12-17 22:30:18.782 | DEBUG    | app_gallery_panel:load_images:99 -   Loaded 80/80 thumbnails
2025-12-17 22:30:18.782 | INFO     | app_gallery_panel:load_images:103 - ✅ Gallery loaded with 80 images
2025-12-17 22:30:20.166 | DEBUG    | src.ui.widgets.async_image:load_from_url:75 - Loaded image from https://tse2.mm.bing.net/th/id/OIP.c-vjbmkRnixJ7GtOGWAfnAHaGo?cb=ucfimg2&pid=Api&ucfimg=1
2025-12-17 22:30:20.171 | DEBUG    | src.ui.widgets.async_image:load_from_url:75 - Loaded image from https://tse4.mm.bing.net/th/id/OIP.FND-9z9Fov7SLX_FMX_U5QHaEK?cb=ucfimg2&pid=Api&ucfimg=1
2025-12-17 22:30:20.174 | DEBUG    | src.ui.widgets.async_image:load_from_url:75 - Loaded image from https://tse2.mm.bing.net/th/id/OIP.-jcjUz5sP_EQ-PfRjq5fzwHaEk?cb=ucfimg2&pid=Api&ucfimg=1
2025-12-17 22:30:20.177 | DEBUG    | src.ui.widgets.async_image:load_from_url:75 - Loaded image from https://tse4.mm.bing.net/th/id/OIP.ORzhcMSxQsArjgvtNJisOQHaLH?cb=ucfimg2&pid=Api&ucfimg=1
2025-12-17 22:30:20.181 | DEBUG    | src.ui.widgets.async_image:load_from_url:75 - Loaded image from https://tse3.mm.bing.net/th/id/OIP.RIHIVMOeAPjgLR0jhDuQ6QHaHa?cb=ucfimg2&pid=Api&ucfimg=1
2025-12-17 22:30:20.190 | DEBUG    | src.ui.widgets.async_image:load_from_url:75 - Loaded image from https://tse2.mm.bing.net/th/id/OIP.VX4oFweKGDPYUYS2Yd8gJgHaNL?cb=ucfimg2&pid=Api&ucfimg=1
2025-12-17 22:30:20.192 | DEBUG    | src.ui.widgets.async_image:load_from_url:75 - Loaded image from https://tse4.mm.bing.net/th/id/OIP.TvyxO2qZHUb1YJIdSv4mRwHaEK?cb=ucfimg2&pid=Api&ucfimg=1
2025-12-17 22:30:20.194 | DEBUG    | src.ui.widgets.async_image:load_from_url:75 - Loaded image from https://tse4.mm.bing.net/th/id/OIP.HSaLqf2d4d6ZIN9mmcAYGAHaE7?cb=ucfimg2&pid=Api&ucfimg=1
2025-12-17 22:30:20.199 | DEBUG    | src.ui.widgets.async_image:load_from_url:75 - Loaded image from https://tse2.mm.bing.net/th/id/OIP.vNa5RnKuNm6kGBPFchUlPwHaJJ?cb=ucfimg2&pid=Api&ucfimg=1
2025-12-17 22:30:20.203 | DEBUG    | src.ui.widgets.async_image:load_from_url:75 - Loaded image from https://tse2.mm.bing.net/th/id/OIP.gwoZdSkPPDgi-WJ2MzQUVwHaHa?cb=ucfimg2&pid=Api&ucfimg=1
2025-12-17 22:30:20.205 | DEBUG    | src.ui.widgets.async_image:load_from_url:75 - Loaded image from https://tse2.mm.bing.net/th/id/OIP.iPfMgMDziXVowjdhHIqJ1QHaHa?cb=ucfimg2&pid=Api&ucfimg=1
2025-12-17 22:30:20.208 | DEBUG    | src.ui.widgets.async_image:load_from_url:75 - Loaded image from https://tse2.mm.bing.net/th/id/OIP.N0xm_MvMR4tvurIctKaCEwHaEK?cb=ucfimg2&pid=Api&ucfimg=1
2025-12-17 22:30:20.211 | DEBUG    | src.ui.widgets.async_image:load_from_url:75 - Loaded image from https://tse3.mm.bing.net/th/id/OIP.AmDI_MZkA6UbjvT8FF5qMgHaIT?cb=ucfimg2&pid=Api&ucfimg=1
2025-12-17 22:30:20.214 | DEBUG    | src.ui.widgets.async_image:load_from_url:75 - Loaded image from https://tse3.mm.bing.net/th/id/OIP.4fFBrrPTdTTUvd7hVKhtqwHaEm?cb=ucfimg2&pid=Api&ucfimg=1
2025-12-17 22:30:20.216 | DEBUG    | src.ui.widgets.async_image:load_from_url:75 - Loaded image from https://tse4.mm.bing.net/th/id/OIP.PxX1s048z_BeTlJfxk5HEgHaFj?cb=ucfimg2&pid=Api&ucfimg=1
2025-12-17 22:30:20.219 | DEBUG    | src.ui.widgets.async_image:load_from_url:75 - Loaded image from https://tse3.mm.bing.net/th/id/OIP.fkmjOXuMCocqtIqbpZAzlAHaEK?cb=ucfimg2&pid=Api&ucfimg=1
2025-12-17 22:30:20.222 | DEBUG    | src.ui.widgets.async_image:load_from_url:75 - Loaded image from https://tse3.mm.bing.net/th/id/OIP.6a92DtLY3PnHbetbNqhEwQHaKa?cb=ucfimg2&pid=Api&ucfimg=1
2025-12-17 22:30:20.226 | DEBUG    | src.ui.widgets.async_image:load_from_url:75 - Loaded image from https://tse2.mm.bing.net/th/id/OIP.PRLenQIYWs9PPOACRXc9UAHaNl?cb=ucfimg2&pid=Api&ucfimg=1
2025-12-17 22:30:20.229 | DEBUG    | src.ui.widgets.async_image:load_from_url:75 - Loaded image from https://tse4.mm.bing.net/th/id/OIP.8EYPyCU4GgOfq6qrzRH_OwHaE8?cb=ucfimg2&pid=Api&ucfimg=1
2025-12-17 22:30:20.232 | DEBUG    | src.ui.widgets.async_image:load_from_url:75 - Loaded image from https://tse3.mm.bing.net/th/id/OIP.QEz08T8zJmAk9ov_oehSBgHaHa?cb=ucfimg2&pid=Api&ucfimg=1
2025-12-17 22:30:20.252 | DEBUG    | src.ui.widgets.async_image:load_from_url:75 - Loaded image from https://tse4.mm.bing.net/th/id/OIP.RuolWPFLq-kZqNULDyzjagHaE8?cb=ucfimg2&pid=Api&ucfimg=1
2025-12-17 22:30:20.255 | DEBUG    | src.ui.widgets.async_image:load_from_url:75 - Loaded image from https://tse3.mm.bing.net/th/id/OIP.CbtARvIT3gtAR9ReWqK5CQHaHa?cb=ucfimg2&pid=Api&ucfimg=1
2025-12-17 22:30:20.257 | DEBUG    | src.ui.widgets.async_image:load_from_url:75 - Loaded image from https://tse4.mm.bing.net/th/id/OIP.q7pRCGAokNXeU6wA8wYbNAHaEK?cb=ucfimg2&pid=Api&ucfimg=1
2025-12-17 22:30:20.259 | DEBUG    | src.ui.widgets.async_image:load_from_url:75 - Loaded image from https://tse3.mm.bing.net/th/id/OIP.ZS6zTvqdDt4aO2XzuD63OAHaEZ?cb=ucfimg2&pid=Api&ucfimg=1
2025-12-17 22:30:20.261 | DEBUG    | src.ui.widgets.async_image:load_from_url:75 - Loaded image from https://tse2.mm.bing.net/th/id/OIP.96xGC-g0IvkanPsCqf7YhAHaE7?cb=ucfimg2&pid=Api&ucfimg=1
2025-12-17 22:30:20.264 | DEBUG    | src.ui.widgets.async_image:load_from_url:75 - Loaded image from https://tse3.mm.bing.net/th/id/OIP.kWki_30q0PQXNem-_NXmaQHaFj?cb=ucfimg2&pid=Api&ucfimg=1
2025-12-17 22:30:20.266 | DEBUG    | src.ui.widgets.async_image:load_from_url:75 - Loaded image from https://tse4.mm.bing.net/th/id/OIP.yvj61X0dbFFF8viA7fmKcAHaEV?cb=ucfimg2&pid=Api&ucfimg=1
2025-12-17 22:30:20.271 | DEBUG    | src.ui.widgets.async_image:load_from_url:75 - Loaded image from https://tse3.mm.bing.net/th/id/OIP.-jm8WnPBzvqTeC-lz_eR_AHaFj?cb=ucfimg2&pid=Api&ucfimg=1
2025-12-17 22:30:20.276 | DEBUG    | src.ui.widgets.async_image:load_from_url:75 - Loaded image from https://tse1.mm.bing.net/th/id/OIP.WJy8q2tNuzgk7EWGzhYPWwHaLH?cb=ucfimg2&pid=Api&ucfimg=1
2025-12-17 22:30:20.280 | DEBUG    | src.ui.widgets.async_image:load_from_url:75 - Loaded image from https://tse1.mm.bing.net/th/id/OIP.ry7a63qsTZuPqKqUR7D8-wHaKh?cb=ucfimg2&pid=Api&ucfimg=1
2025-12-17 22:30:20.283 | DEBUG    | src.ui.widgets.async_image:load_from_url:75 - Loaded image from https://tse1.explicit.bing.net/th/id/OIP.Z0YLenkfAfG4UGyA4jstkQHaFi?cb=ucfimg2&pid=Api&ucfimg=1
2025-12-17 22:30:20.287 | DEBUG    | src.ui.widgets.async_image:load_from_url:75 - Loaded image from https://tse2.mm.bing.net/th/id/OIP.nblb4Mbe7_pNl7UVz-rSoQHaD4?pid=Api
2025-12-17 22:30:20.290 | DEBUG    | src.ui.widgets.async_image:load_from_url:75 - Loaded image from https://tse1.mm.bing.net/th/id/OIP.XAeHchsCgXxL2zwMTcCOmgHaFj?cb=ucfimg2&pid=Api&ucfimg=1
2025-12-17 22:30:20.293 | DEBUG    | src.ui.widgets.async_image:load_from_url:75 - Loaded image from https://tse1.mm.bing.net/th/id/OIP.OsIwy6hxoLMTCnaYNyw5lAHaE8?cb=ucfimg2&pid=Api&ucfimg=1
2025-12-17 22:30:20.295 | DEBUG    | src.ui.widgets.async_image:load_from_url:75 - Loaded image from https://tse4.mm.bing.net/th/id/OIP.k2zCFnjRQlIvd_zCfb6dJAHaE6?pid=Api
2025-12-17 22:30:20.296 | DEBUG    | src.ui.widgets.async_image:load_from_url:75 - Loaded image from https://tse1.mm.bing.net/th/id/OIP.dpCgDL0lVU3Kxxnz7DM-JgHaEK?pid=Api
2025-12-17 22:30:20.298 | DEBUG    | src.ui.widgets.async_image:load_from_url:75 - Loaded image from https://tse2.mm.bing.net/th/id/OIP.-sqyMLfR5PDgge_zQyfdCgHaFP?pid=Api
2025-12-17 22:30:20.301 | DEBUG    | src.ui.widgets.async_image:load_from_url:75 - Loaded image from https://tse1.mm.bing.net/th/id/OIP.AmS8XNM4YxY8AAm5gL1OgAHaFX?pid=Api
2025-12-17 22:30:20.303 | DEBUG    | src.ui.widgets.async_image:load_from_url:75 - Loaded image from https://tse1.mm.bing.net/th/id/OIP.XEIAUqfBYFrwH-PLpcEMgAHaGQ?cb=ucfimg2&pid=Api&ucfimg=1
2025-12-17 22:30:20.305 | DEBUG    | src.ui.widgets.async_image:load_from_url:75 - Loaded image from https://tse3.mm.bing.net/th/id/OIP.si0594KxN90yS3TKHX4QUwHaE5?pid=Api
2025-12-17 22:30:20.308 | DEBUG    | src.ui.widgets.async_image:load_from_url:75 - Loaded image from https://tse2.mm.bing.net/th/id/OIP.F9LGVGkyHVvwK9jMlc2TJAHaHa?pid=Api
2025-12-17 22:30:20.310 | DEBUG    | src.ui.widgets.async_image:load_from_url:75 - Loaded image from https://tse1.mm.bing.net/th/id/OIP.AOiFpFdhMc3azOUsarW76AHaE8?pid=Api
2025-12-17 22:30:20.313 | DEBUG    | src.ui.widgets.async_image:load_from_url:75 - Loaded image from https://tse3.mm.bing.net/th/id/OIP.r8UZNWMUGOtemPOpCANxDQHaE6?pid=Api
2025-12-17 22:30:20.314 | DEBUG    | src.ui.widgets.async_image:load_from_url:75 - Loaded image from https://tse4.mm.bing.net/th/id/OIP.HUPOSpJ-bZScfoxjKavc0QHaCR?pid=Api
2025-12-17 22:30:20.317 | DEBUG    | src.ui.widgets.async_image:load_from_url:75 - Loaded image from https://tse3.mm.bing.net/th/id/OIP.dXhGspiBElhoc6HtIcOkhQHaE7?pid=Api
2025-12-17 22:30:20.321 | DEBUG    | src.ui.widgets.async_image:load_from_url:75 - Loaded image from https://tse4.mm.bing.net/th/id/OIF.4HHVTEU4K2CY7CnwwZ2nmA?pid=Api
2025-12-17 22:30:20.321 | DEBUG    | src.ui.widgets.async_image:load_from_url:75 - Loaded image from https://tse4.mm.bing.net/th/id/OIP.H-7hzEM4sXFsFLMF-dK4wAHaDE?pid=Api
2025-12-17 22:30:20.324 | DEBUG    | src.ui.widgets.async_image:load_from_url:75 - Loaded image from https://tse4.mm.bing.net/th/id/OIF.0hvnc8NmESTNcMUD4nU0Lw?pid=Api
2025-12-17 22:30:20.326 | DEBUG    | src.ui.widgets.async_image:load_from_url:75 - Loaded image from https://tse1.mm.bing.net/th/id/OIP.yxjzcvTHkf6uALA3cuH9tgHaE7?pid=Api
2025-12-17 22:30:20.328 | DEBUG    | src.ui.widgets.async_image:load_from_url:75 - Loaded image from https://tse1.mm.bing.net/th/id/OIP.BjXjHzBXZH1GTkKp1Yw6uQHaFz?pid=Api
2025-12-17 22:30:20.330 | DEBUG    | src.ui.widgets.async_image:load_from_url:75 - Loaded image from https://tse1.mm.bing.net/th/id/OIP.EILpsWVe3xP131jhGMxrVAAAAA?pid=Api
2025-12-17 22:30:20.341 | DEBUG    | src.ui.widgets.async_image:load_from_url:75 - Loaded image from https://tse1.mm.bing.net/th/id/OIP.UQ9WJHozb5i8rzVBe2BEwwHaEI?pid=Api
2025-12-17 22:30:20.349 | DEBUG    | src.ui.widgets.async_image:load_from_url:75 - Loaded image from https://tse3.explicit.bing.net/th/id/OIP.MzU94wsMIMJpSFt7Q_RoDAHaE8?pid=Api
2025-12-17 22:30:20.351 | DEBUG    | src.ui.widgets.async_image:load_from_url:75 - Loaded image from https://tse3.explicit.bing.net/th/id/OIF.v1Z0rZrQpVhIg604rSgYZA?pid=Api
2025-12-17 22:30:20.353 | DEBUG    | src.ui.widgets.async_image:load_from_url:75 - Loaded image from https://tse2.explicit.bing.net/th/id/OIP.ULq5QQnJfNFuhcLNBVqzAwHaE7?pid=Api
2025-12-17 22:30:20.355 | DEBUG    | src.ui.widgets.async_image:load_from_url:75 - Loaded image from https://tse2.mm.bing.net/th/id/OIP.DoyS1y9ui39_ZrZZc1utcAHaEK?pid=Api
2025-12-17 22:30:20.357 | DEBUG    | src.ui.widgets.async_image:load_from_url:75 - Loaded image from https://tse2.mm.bing.net/th/id/OIP.OCOXY5Wvj5pQvgIG-LmpYQAAAA?pid=Api
2025-12-17 22:30:20.359 | DEBUG    | src.ui.widgets.async_image:load_from_url:75 - Loaded image from https://tse1.mm.bing.net/th/id/OIP.4TuqjnIG3bIxXgHI5QJhogHaE8?cb=ucfimg2&pid=Api&ucfimg=1
2025-12-17 22:30:20.361 | DEBUG    | src.ui.widgets.async_image:load_from_url:75 - Loaded image from https://tse3.mm.bing.net/th/id/OIP.bAou8dQdiXvZVd0VeKkeWQHaEK?pid=Api
2025-12-17 22:30:20.363 | DEBUG    | src.ui.widgets.async_image:load_from_url:75 - Loaded image from https://tse2.mm.bing.net/th/id/OIP.5bGpPrXuOBu9FJUL0kxZrwHaHa?pid=Api
2025-12-17 22:30:20.364 | DEBUG    | src.ui.widgets.async_image:load_from_url:75 - Loaded image from https://tse4.mm.bing.net/th/id/OIP.Hf8p2UqnGPKYZYlx_5ZZjQAAAA?pid=Api
2025-12-17 22:30:20.366 | DEBUG    | src.ui.widgets.async_image:load_from_url:75 - Loaded image from https://tse2.mm.bing.net/th?id=OIF.s2e/Q3yrpfpuO3Mwf5RoYg&pid=Api
2025-12-17 22:30:20.369 | DEBUG    | src.ui.widgets.async_image:load_from_url:75 - Loaded image from https://tse2.mm.bing.net/th/id/OIP.xFhtsj_CShPy7aZ6B7b8SwHaHZ?pid=Api
2025-12-17 22:30:20.372 | DEBUG    | src.ui.widgets.async_image:load_from_url:75 - Loaded image from https://tse1.mm.bing.net/th/id/OIP.REFjuSGKvswknJOtVzU4cQHaH5?pid=Api
2025-12-17 22:30:20.374 | DEBUG    | src.ui.widgets.async_image:load_from_url:75 - Loaded image from https://tse2.mm.bing.net/th/id/OIP.oB33MXr-PXqymkT5XSORIgHaGw?pid=Api
2025-12-17 22:30:20.375 | DEBUG    | src.ui.widgets.async_image:load_from_url:75 - Loaded image from https://tse4.mm.bing.net/th/id/OIP.WM1GtZDdfJyJtwB66ETlaQHaEB?pid=Api
2025-12-17 22:30:20.377 | DEBUG    | src.ui.widgets.async_image:load_from_url:75 - Loaded image from https://tse1.mm.bing.net/th/id/OIF.sKqDRvbsNcETwXusENJSlA?pid=Api
2025-12-17 22:30:20.379 | DEBUG    | src.ui.widgets.async_image:load_from_url:75 - Loaded image from https://tse1.mm.bing.net/th/id/OIP.1zY_WjFMf_H4rtbc1GvSUgHaE8?cb=ucfimg2&pid=Api&ucfimg=1
2025-12-17 22:30:20.381 | DEBUG    | src.ui.widgets.async_image:load_from_url:75 - Loaded image from https://tse3.mm.bing.net/th/id/OIP.uRTpI1zraWuEklfjJVjAMwHaD4?pid=Api
2025-12-17 22:30:20.384 | DEBUG    | src.ui.widgets.async_image:load_from_url:75 - Loaded image from https://tse1.mm.bing.net/th/id/OIP.jAGYnfZRDypurXptdPxzjgHaJQ?cb=ucfimg2&pid=Api&ucfimg=1
2025-12-17 22:30:20.386 | DEBUG    | src.ui.widgets.async_image:load_from_url:75 - Loaded image from https://tse4.mm.bing.net/th/id/OIP.1leuJQVANqL8OPdimBu3gQHaHa?pid=Api
2025-12-17 22:30:20.389 | DEBUG    | src.ui.widgets.async_image:load_from_url:75 - Loaded image from https://tse4.mm.bing.net/th/id/OIF.8MGr3G5YSM5Ra4LlmLZ65w?pid=Api
2025-12-17 22:30:20.393 | DEBUG    | src.ui.widgets.async_image:load_from_url:75 - Loaded image from https://tse3.mm.bing.net/th/id/OIP.y_gVzYDI1IKsZX1cv_LVjQHaLH?pid=Api
2025-12-17 22:30:20.395 | DEBUG    | src.ui.widgets.async_image:load_from_url:75 - Loaded image from https://tse1.mm.bing.net/th/id/OIP.BNVLlRkcRfAMkQkFgV6bDAHaFj?cb=ucfimg2&pid=Api&ucfimg=1
2025-12-17 22:30:20.398 | DEBUG    | src.ui.widgets.async_image:load_from_url:75 - Loaded image from https://tse1.mm.bing.net/th/id/OIP.267gNV0g4IfZu1SKQalamAHaGu?cb=ucfimg2&pid=Api&ucfimg=1
2025-12-17 22:30:20.407 | DEBUG    | src.ui.widgets.async_image:load_from_url:75 - Loaded image from https://tse3.mm.bing.net/th/id/OIP.VljEFRrXH196ZeaESK2xfwHaD4?pid=Api
2025-12-17 22:30:20.410 | DEBUG    | src.ui.widgets.async_image:load_from_url:75 - Loaded image from https://tse1.mm.bing.net/th/id/OIP.TR3c9vnvpkKLVgBteDtyAgHaE8?cb=ucfimg2&pid=Api&ucfimg=1
2025-12-17 22:30:20.414 | ERROR    | src.ui.widgets.async_image:load_from_url:84 - Failed to load image from https://tse1.mm.bing.net/th?id=OIF.X+w9NN5ggXxpUFRVKPc3+w&pid=Api: HTTP 404
2025-12-17 22:30:20.415 | ERROR    | src.ui.widgets.async_image:load_from_url:84 - Failed to load image from https://tse1.mm.bing.net/th?id=OIF.HN+jULY4o5vIDI8D/lDd5w&pid=Api: HTTP 404
2025-12-17 22:30:20.416 | ERROR    | src.ui.widgets.async_image:load_from_url:84 - Failed to load image from https://tse2.mm.bing.net/th?id=OIF.H7xkwKWS+h7TcmqtIqbaLA&pid=Api: HTTP 404
2025-12-17 22:30:21.350 | DEBUG    | app_gallery_panel:_on_thumbnail_clicked:107 - Thumbnail clicked: Pin on WereW
2025-12-17 22:30:23.293 | DEBUG    | app_gallery_panel:_on_thumbnail_clicked:107 - Thumbnail clicked: Diferencia entre "was" y "were" en inglés: Explicación y ejemplos
2025-12-17 22:30:26.046 | DEBUG    | app_gallery_panel:_on_thumbnail_clicked:107 - Thumbnail clicked: ArtStation - Werewolf fanart
2025-12-17 22:30:28.125 | DEBUG    | app_gallery_panel:_on_thumbnail_clicked:107 - Thumbnail clicked: Movie - WEREWOLVES Werewolves (2024) is a dramatic action horror film ...
