2025-12-17 21:52:44.563 | INFO     | src.core.logging:setup_logging:22 - Logging initialized.
2025-12-17 21:52:44.563 | INFO     | __main__:main:76 - ============================================================
2025-12-17 21:52:44.564 | INFO     | __main__:main:77 - Image Search Application Starting
2025-12-17 21:52:44.564 | INFO     | __main__:main:78 - ============================================================
2025-12-17 21:52:44.565 | INFO     | src.core.locator:init:36 - ServiceLocator initialized.
2025-12-17 21:52:44.592 | INFO     | src.core.database.manager:connect:22 - Connected to MongoDB at mongodb://localhost:27017, DB: image_search_db
2025-12-17 21:52:44.593 | DEBUG    | src.core.locator:register_system:45 - Registering system: CommandBus
2025-12-17 21:52:44.594 | DEBUG    | src.core.locator:register_system:45 - Registering system: JournalService
2025-12-17 21:52:44.594 | DEBUG    | src.core.locator:register_system:45 - Registering system: AssetManager
2025-12-17 21:52:44.594 | DEBUG    | src.core.locator:register_system:45 - Registering system: TaskSystem
2025-12-17 21:52:44.595 | DEBUG    | src.core.locator:register_system:45 - Registering system: SearchService
2025-12-17 21:52:44.595 | INFO     | src.core.locator:start_all:62 - Starting all systems...
2025-12-17 21:52:44.595 | INFO     | src.core.commands.bus:initialize:15 - CommandBus initialized.
2025-12-17 21:52:44.596 | INFO     | src.core.locator:start_all:66 - System CommandBus started.
2025-12-17 21:52:44.596 | INFO     | src.core.journal.service:initialize:11 - JournalService initialized.
2025-12-17 21:52:44.596 | INFO     | src.core.locator:start_all:66 - System JournalService started.
2025-12-17 21:52:44.596 | INFO     | src.core.assets.manager:initialize:17 - AssetManager initialized.
2025-12-17 21:52:44.597 | INFO     | src.core.locator:start_all:66 - System AssetManager started.
2025-12-17 21:52:44.597 | INFO     | src.core.tasks.system:initialize:19 - TaskSystem initializing...
2025-12-17 21:52:44.604 | INFO     | src.core.tasks.system:initialize:35 - Loaded 0 pending tasks.
2025-12-17 21:52:44.604 | INFO     | src.core.locator:start_all:66 - System TaskSystem started.
2025-12-17 21:52:44.605 | INFO     | app_search_service:initialize:31 - SearchService initialized
2025-12-17 21:52:44.605 | INFO     | src.core.locator:start_all:66 - System SearchService started.
2025-12-17 21:52:44.605 | INFO     | src.ui.menus.action_registry:__init__:17 - ActionRegistry initialized
2025-12-17 21:52:44.606 | INFO     | src.ui.docking.dock_manager:__init__:50 - DockManager initialized
2025-12-17 21:52:44.615 | INFO     | src.ui.menus.menu_builder:__init__:16 - MenuBuilder initialized
2025-12-17 21:52:44.621 | DEBUG    | src.ui.docking.dock_manager:register_panel:59 - Panel registered: search
2025-12-17 21:52:44.624 | DEBUG    | src.ui.docking.panel_base:__init__:29 - Panel created: search
2025-12-17 21:52:44.633 | INFO     | src.ui.docking.dock_manager:create_panel:92 - Panel created: search
2025-12-17 21:52:44.636 | DEBUG    | src.ui.menus.action_registry:register_action:56 - Action registered: file_new_search
2025-12-17 21:52:44.637 | DEBUG    | src.ui.menus.action_registry:register_action:56 - Action registered: file_open_downloads
2025-12-17 21:52:44.637 | DEBUG    | src.ui.menus.action_registry:register_action:56 - Action registered: file_exit
2025-12-17 21:52:44.638 | DEBUG    | src.ui.menus.action_registry:register_action:56 - Action registered: edit_select_all
2025-12-17 21:52:44.638 | DEBUG    | src.ui.menus.action_registry:register_action:56 - Action registered: edit_deselect_all
2025-12-17 21:52:44.638 | DEBUG    | src.ui.menus.action_registry:register_action:56 - Action registered: search_images
2025-12-17 21:52:44.639 | DEBUG    | src.ui.menus.action_registry:register_action:56 - Action registered: download_selected
2025-12-17 21:52:44.639 | DEBUG    | src.ui.menus.action_registry:register_action:56 - Action registered: download_all
2025-12-17 21:52:44.640 | INFO     | app_main_window:__init__:39 - Image Search MainWindow initialized
2025-12-17 21:52:44.811 | INFO     | __main__:main:106 - Application started successfully
2025-12-17 21:52:44.846 | DEBUG    | src.core.tasks.system:_worker:90 - Worker 0 started.
2025-12-17 21:52:44.847 | DEBUG    | src.core.tasks.system:_worker:90 - Worker 1 started.
2025-12-17 21:52:44.848 | DEBUG    | src.core.tasks.system:_worker:90 - Worker 2 started.
2025-12-17 21:52:47.669 | INFO     | app_search_panel:_on_search_clicked:88 - Search requested: 'sfd' (count: 20)
2025-12-17 21:52:47.670 | INFO     | app_main_window:_execute_search:124 - Executing search: 'sfd' (count: 20)
2025-12-17 21:52:47.674 | DEBUG    | src.core.tasks.system:register_handler:55 - Registered task handler: search_images
2025-12-17 21:52:47.680 | INFO     | src.core.tasks.system:submit:83 - Task submitted: Search: sfd (69430a0feef6bd67205bed52)
2025-12-17 21:52:47.681 | INFO     | app_main_window:_run_search:162 - Search task submitted successfully
2025-12-17 21:52:47.692 | INFO     | app_search_task:search_images_handler:22 - Search handler executing: 'sfd' (count: 20)
2025-12-17 21:52:47.694 | INFO     | app_search_service:search_images:44 - Searching images: 'sfd' (max: 20)
2025-12-17 21:52:47.696 | ERROR    | app_search_service:search_images:70 - Search failed: No module named 'duckduckgo_search'
2025-12-17 21:52:47.696 | INFO     | app_search_task:search_images_handler:39 - Search returned 0 results
2025-12-17 21:52:47.713 | INFO     | app_search_task:search_images_handler:49 - Created search history record: 69430a0feef6bd67205bed53
2025-12-17 21:52:47.713 | INFO     | app_search_task:search_images_handler:63 - Saved 0 image records to database
