2025-12-17 22:22:32.071 | INFO     | src.core.logging:setup_logging:22 - Logging initialized.
2025-12-17 22:22:32.071 | INFO     | __main__:main:76 - ============================================================
2025-12-17 22:22:32.072 | INFO     | __main__:main:77 - Image Search Application Starting
2025-12-17 22:22:32.072 | INFO     | __main__:main:78 - ============================================================
2025-12-17 22:22:32.073 | INFO     | src.core.locator:init:36 - ServiceLocator initialized.
2025-12-17 22:22:32.090 | INFO     | src.core.database.manager:connect:22 - Connected to MongoDB at mongodb://localhost:27017, DB: image_search_db
2025-12-17 22:22:32.091 | DEBUG    | src.core.locator:register_system:45 - Registering system: CommandBus
2025-12-17 22:22:32.091 | DEBUG    | src.core.locator:register_system:45 - Registering system: JournalService
2025-12-17 22:22:32.091 | DEBUG    | src.core.locator:register_system:45 - Registering system: AssetManager
2025-12-17 22:22:32.092 | DEBUG    | src.core.locator:register_system:45 - Registering system: TaskSystem
2025-12-17 22:22:32.092 | DEBUG    | src.core.locator:register_system:45 - Registering system: SearchService
2025-12-17 22:22:32.092 | INFO     | src.core.locator:start_all:62 - Starting all systems...
2025-12-17 22:22:32.092 | INFO     | src.core.commands.bus:initialize:15 - CommandBus initialized.
2025-12-17 22:22:32.093 | INFO     | src.core.locator:start_all:66 - System CommandBus started.
2025-12-17 22:22:32.093 | INFO     | src.core.journal.service:initialize:11 - JournalService initialized.
2025-12-17 22:22:32.093 | INFO     | src.core.locator:start_all:66 - System JournalService started.
2025-12-17 22:22:32.093 | INFO     | src.core.assets.manager:initialize:17 - AssetManager initialized.
2025-12-17 22:22:32.094 | INFO     | src.core.locator:start_all:66 - System AssetManager started.
2025-12-17 22:22:32.094 | INFO     | src.core.tasks.system:initialize:19 - TaskSystem initializing...
2025-12-17 22:22:32.097 | INFO     | src.core.tasks.system:initialize:35 - Loaded 0 pending tasks.
2025-12-17 22:22:32.098 | INFO     | src.core.locator:start_all:66 - System TaskSystem started.
2025-12-17 22:22:32.098 | INFO     | app_search_service:initialize:31 - SearchService initialized
2025-12-17 22:22:32.098 | INFO     | src.core.locator:start_all:66 - System SearchService started.
2025-12-17 22:22:32.099 | INFO     | src.ui.menus.action_registry:__init__:17 - ActionRegistry initialized
2025-12-17 22:22:32.099 | INFO     | src.ui.docking.dock_manager:__init__:50 - DockManager initialized
2025-12-17 22:22:32.109 | INFO     | src.ui.menus.menu_builder:__init__:16 - MenuBuilder initialized
2025-12-17 22:22:32.396 | DEBUG    | src.ui.docking.dock_manager:register_panel:59 - Panel registered: search
2025-12-17 22:22:32.397 | DEBUG    | src.ui.docking.dock_manager:register_panel:59 - Panel registered: gallery
2025-12-17 22:22:32.398 | DEBUG    | src.ui.docking.panel_base:__init__:29 - Panel created: search
2025-12-17 22:22:32.406 | INFO     | src.ui.docking.dock_manager:create_panel:92 - Panel created: search
2025-12-17 22:22:32.407 | DEBUG    | src.ui.docking.panel_base:__init__:29 - Panel created: gallery
2025-12-17 22:22:32.408 | DEBUG    | app_gallery_panel:initialize_ui:62 - GalleryPanel UI initialized
2025-12-17 22:22:32.410 | DEBUG    | src.ui.menus.action_registry:register_action:56 - Action registered: file_new_search
2025-12-17 22:22:32.410 | DEBUG    | src.ui.menus.action_registry:register_action:56 - Action registered: file_open_downloads
2025-12-17 22:22:32.410 | DEBUG    | src.ui.menus.action_registry:register_action:56 - Action registered: file_exit
2025-12-17 22:22:32.411 | DEBUG    | src.ui.menus.action_registry:register_action:56 - Action registered: edit_select_all
2025-12-17 22:22:32.411 | DEBUG    | src.ui.menus.action_registry:register_action:56 - Action registered: edit_deselect_all
2025-12-17 22:22:32.411 | DEBUG    | src.ui.menus.action_registry:register_action:56 - Action registered: search_images
2025-12-17 22:22:32.412 | DEBUG    | src.ui.menus.action_registry:register_action:56 - Action registered: download_selected
2025-12-17 22:22:32.412 | DEBUG    | src.ui.menus.action_registry:register_action:56 - Action registered: download_all
2025-12-17 22:22:32.413 | INFO     | app_main_window:__init__:39 - Image Search MainWindow initialized
2025-12-17 22:22:32.649 | INFO     | __main__:main:106 - Application started successfully
2025-12-17 22:22:32.685 | DEBUG    | src.core.tasks.system:_worker:90 - Worker 0 started.
2025-12-17 22:22:32.685 | DEBUG    | src.core.tasks.system:_worker:90 - Worker 1 started.
2025-12-17 22:22:32.686 | DEBUG    | src.core.tasks.system:_worker:90 - Worker 2 started.
2025-12-17 22:22:32.731 | INFO     | app_main_window:_load_latest_results:214 - 📊 Loaded 20 results from MongoDB
2025-12-17 22:22:32.732 | INFO     | app_gallery_panel:load_images:71 - 📸 Loading 20 images into gallery
2025-12-17 22:22:32.751 | DEBUG    | app_gallery_panel:load_images:95 -   Loaded 10/20 thumbnails
2025-12-17 22:22:32.766 | DEBUG    | app_gallery_panel:load_images:95 -   Loaded 20/20 thumbnails
2025-12-17 22:22:32.767 | INFO     | app_gallery_panel:load_images:99 - ✅ Gallery loaded with 20 images
2025-12-17 22:22:40.170 | DEBUG    | app_gallery_panel:_on_thumbnail_clicked:103 - Thumbnail clicked: Underworld inspired Werewolf V2 by IvizianMedia on DeviantArt
2025-12-17 22:22:41.133 | DEBUG    | app_gallery_panel:_on_thumbnail_clicked:103 - Thumbnail clicked: A Striking Alpha Male Werewolf Standing Tall And Proud Background ...
2025-12-17 22:22:41.975 | DEBUG    | app_gallery_panel:_on_thumbnail_clicked:103 - Thumbnail clicked: Werewolves: Frank Grillo & Dir on Classic Horror Inspiration & Action
2025-12-17 22:22:42.717 | DEBUG    | app_gallery_panel:_on_thumbnail_clicked:103 - Thumbnail clicked: Top 50 Best Werewolf Movies
