2025-12-17 22:19:03.623 | INFO     | src.core.logging:setup_logging:22 - Logging initialized.
2025-12-17 22:19:03.624 | INFO     | __main__:main:76 - ============================================================
2025-12-17 22:19:03.624 | INFO     | __main__:main:77 - Image Search Application Starting
2025-12-17 22:19:03.625 | INFO     | __main__:main:78 - ============================================================
2025-12-17 22:19:03.625 | INFO     | src.core.locator:init:36 - ServiceLocator initialized.
2025-12-17 22:19:03.641 | INFO     | src.core.database.manager:connect:22 - Connected to MongoDB at mongodb://localhost:27017, DB: image_search_db
2025-12-17 22:19:03.642 | DEBUG    | src.core.locator:register_system:45 - Registering system: CommandBus
2025-12-17 22:19:03.642 | DEBUG    | src.core.locator:register_system:45 - Registering system: JournalService
2025-12-17 22:19:03.642 | DEBUG    | src.core.locator:register_system:45 - Registering system: AssetManager
2025-12-17 22:19:03.642 | DEBUG    | src.core.locator:register_system:45 - Registering system: TaskSystem
2025-12-17 22:19:03.643 | DEBUG    | src.core.locator:register_system:45 - Registering system: SearchService
2025-12-17 22:19:03.643 | INFO     | src.core.locator:start_all:62 - Starting all systems...
2025-12-17 22:19:03.643 | INFO     | src.core.commands.bus:initialize:15 - CommandBus initialized.
2025-12-17 22:19:03.643 | INFO     | src.core.locator:start_all:66 - System CommandBus started.
2025-12-17 22:19:03.644 | INFO     | src.core.journal.service:initialize:11 - JournalService initialized.
2025-12-17 22:19:03.644 | INFO     | src.core.locator:start_all:66 - System JournalService started.
2025-12-17 22:19:03.644 | INFO     | src.core.assets.manager:initialize:17 - AssetManager initialized.
2025-12-17 22:19:03.644 | INFO     | src.core.locator:start_all:66 - System AssetManager started.
2025-12-17 22:19:03.645 | INFO     | src.core.tasks.system:initialize:19 - TaskSystem initializing...
2025-12-17 22:19:03.648 | INFO     | src.core.tasks.system:initialize:35 - Loaded 0 pending tasks.
2025-12-17 22:19:03.649 | INFO     | src.core.locator:start_all:66 - System TaskSystem started.
2025-12-17 22:19:03.649 | INFO     | app_search_service:initialize:31 - SearchService initialized
2025-12-17 22:19:03.649 | INFO     | src.core.locator:start_all:66 - System SearchService started.
2025-12-17 22:19:03.650 | INFO     | src.ui.menus.action_registry:__init__:17 - ActionRegistry initialized
2025-12-17 22:19:03.650 | INFO     | src.ui.docking.dock_manager:__init__:50 - DockManager initialized
2025-12-17 22:19:03.661 | INFO     | src.ui.menus.menu_builder:__init__:16 - MenuBuilder initialized
2025-12-17 22:19:03.958 | DEBUG    | src.ui.docking.dock_manager:register_panel:59 - Panel registered: search
2025-12-17 22:19:03.958 | DEBUG    | src.ui.docking.dock_manager:register_panel:59 - Panel registered: gallery
2025-12-17 22:19:03.960 | DEBUG    | src.ui.docking.panel_base:__init__:29 - Panel created: search
2025-12-17 22:19:03.966 | INFO     | src.ui.docking.dock_manager:create_panel:92 - Panel created: search
2025-12-17 22:19:03.967 | DEBUG    | src.ui.docking.panel_base:__init__:29 - Panel created: gallery
2025-12-17 22:19:03.969 | DEBUG    | src.ui.menus.action_registry:register_action:56 - Action registered: file_new_search
2025-12-17 22:19:03.969 | DEBUG    | src.ui.menus.action_registry:register_action:56 - Action registered: file_open_downloads
2025-12-17 22:19:03.970 | DEBUG    | src.ui.menus.action_registry:register_action:56 - Action registered: file_exit
2025-12-17 22:19:03.970 | DEBUG    | src.ui.menus.action_registry:register_action:56 - Action registered: edit_select_all
2025-12-17 22:19:03.970 | DEBUG    | src.ui.menus.action_registry:register_action:56 - Action registered: edit_deselect_all
2025-12-17 22:19:03.971 | DEBUG    | src.ui.menus.action_registry:register_action:56 - Action registered: search_images
2025-12-17 22:19:03.971 | DEBUG    | src.ui.menus.action_registry:register_action:56 - Action registered: download_selected
2025-12-17 22:19:03.971 | DEBUG    | src.ui.menus.action_registry:register_action:56 - Action registered: download_all
2025-12-17 22:19:03.972 | INFO     | app_main_window:__init__:39 - Image Search MainWindow initialized
2025-12-17 22:19:04.130 | INFO     | __main__:main:106 - Application started successfully
2025-12-17 22:19:04.158 | DEBUG    | src.core.tasks.system:_worker:90 - Worker 0 started.
2025-12-17 22:19:04.158 | DEBUG    | src.core.tasks.system:_worker:90 - Worker 1 started.
2025-12-17 22:19:04.159 | DEBUG    | src.core.tasks.system:_worker:90 - Worker 2 started.
2025-12-17 22:19:04.221 | INFO     | app_main_window:_load_latest_results:214 - 📊 Loaded 20 results from MongoDB
2025-12-17 22:19:04.223 | INFO     | app_gallery_panel:load_images:68 - 📸 Loading 20 images into gallery
2025-12-17 22:19:04.223 | ERROR    | app_main_window:_load_latest_results:226 - Failed to load results: 'GalleryPanel' object has no attribute 'grid'
2025-12-17 22:19:04.223 | ERROR    | app_main_window:_load_latest_results:227 - Traceback:
Traceback (most recent call last):

  File "D:\github\USCore\samples\image_search\main.py", line 121, in <module>
    loop.run_forever()
    │    └ <function _QEventLoop.run_forever at 0x00000203ED076CA0>
    └ <QIOCPEventLoop running=True closed=False debug=False>

  File "D:\github\USCore\.venv\Lib\site-packages\qasync\__init__.py", line 404, in run_forever
    rslt = self.__app.exec()
           └ <QIOCPEventLoop running=True closed=False debug=False>
  File "D:\github\USCore\.venv\Lib\site-packages\qasync\__init__.py", line 307, in timerEvent
    handle._run()
    │      └ <function Handle._run at 0x00000203EC8E2840>
    └ <Handle Task.task_wakeup(<Future finished result=20>)>
  File "C:\Users\User\AppData\Local\Programs\Python\Python311\Lib\asyncio\events.py", line 84, in _run
    self._context.run(self._callback, *self._args)
    │    │            │    │           │    └ <member '_args' of 'Handle' objects>
    │    │            │    │           └ <Handle Task.task_wakeup(<Future finished result=20>)>
    │    │            │    └ <member '_callback' of 'Handle' objects>
    │    │            └ <Handle Task.task_wakeup(<Future finished result=20>)>
    │    └ <member '_context' of 'Handle' objects>
    └ <Handle Task.task_wakeup(<Future finished result=20>)>

> File "D:\github\USCore\samples\image_search\src\ui\main_window.py", line 217, in _load_latest_results
    self.gallery_panel.load_images(images)
    │    │             │           └ [<app_image_record.ImageRecord object at 0x00000203EFB1BF90>, <app_image_record.ImageRecord object at 0x00000203EF5D7850>, <a...
    │    │             └ <function GalleryPanel.load_images at 0x00000203EFB0B600>
    │    └ <app_gallery_panel.GalleryPanel(0x203efc742e0) at 0x00000203EFB154C0>
    └ <app_main_window.MainWindow(0x203ecb6e0f0) at 0x00000203EF56C540>

  File "D:\github\USCore\samples\image_search\src\ui\panels\gallery_panel.py", line 74, in load_images
    self.grid.clear()
    └ <app_gallery_panel.GalleryPanel(0x203efc742e0) at 0x00000203EFB154C0>

AttributeError: 'GalleryPanel' object has no attribute 'grid'
