2025-12-17 21:44:25.932 | INFO     | src.core.logging:setup_logging:22 - Logging initialized.
2025-12-17 21:44:25.933 | INFO     | __main__:main:76 - ============================================================
2025-12-17 21:44:25.934 | INFO     | __main__:main:77 - Image Search Application Starting
2025-12-17 21:44:25.934 | INFO     | __main__:main:78 - ============================================================
2025-12-17 21:44:25.935 | INFO     | src.core.locator:init:36 - ServiceLocator initialized.
2025-12-17 21:44:25.950 | INFO     | src.core.database.manager:connect:22 - Connected to MongoDB at mongodb://localhost:27017, DB: image_search_db
2025-12-17 21:44:25.950 | DEBUG    | src.core.locator:register_system:45 - Registering system: CommandBus
2025-12-17 21:44:25.951 | DEBUG    | src.core.locator:register_system:45 - Registering system: JournalService
2025-12-17 21:44:25.951 | DEBUG    | src.core.locator:register_system:45 - Registering system: AssetManager
2025-12-17 21:44:25.951 | DEBUG    | src.core.locator:register_system:45 - Registering system: TaskSystem
2025-12-17 21:44:25.951 | DEBUG    | src.core.locator:register_system:45 - Registering system: SearchService
2025-12-17 21:44:25.952 | INFO     | src.core.locator:start_all:62 - Starting all systems...
2025-12-17 21:44:25.952 | INFO     | src.core.commands.bus:initialize:15 - CommandBus initialized.
2025-12-17 21:44:25.952 | INFO     | src.core.locator:start_all:66 - System CommandBus started.
2025-12-17 21:44:25.952 | INFO     | src.core.journal.service:initialize:11 - JournalService initialized.
2025-12-17 21:44:25.953 | INFO     | src.core.locator:start_all:66 - System JournalService started.
2025-12-17 21:44:25.953 | INFO     | src.core.assets.manager:initialize:17 - AssetManager initialized.
2025-12-17 21:44:25.953 | INFO     | src.core.locator:start_all:66 - System AssetManager started.
2025-12-17 21:44:25.953 | INFO     | src.core.tasks.system:initialize:19 - TaskSystem initializing...
2025-12-17 21:44:25.956 | INFO     | src.core.tasks.system:initialize:35 - Loaded 0 pending tasks.
2025-12-17 21:44:25.957 | INFO     | src.core.locator:start_all:66 - System TaskSystem started.
2025-12-17 21:44:25.957 | INFO     | app_search_service:initialize:31 - SearchService initialized
2025-12-17 21:44:25.957 | INFO     | src.core.locator:start_all:66 - System SearchService started.
2025-12-17 21:44:25.958 | INFO     | src.ui.menus.action_registry:__init__:17 - ActionRegistry initialized
2025-12-17 21:44:25.958 | INFO     | src.ui.docking.dock_manager:__init__:50 - DockManager initialized
2025-12-17 21:44:25.968 | INFO     | src.ui.menus.menu_builder:__init__:16 - MenuBuilder initialized
2025-12-17 21:44:25.973 | DEBUG    | src.ui.docking.dock_manager:register_panel:59 - Panel registered: search
2025-12-17 21:44:25.976 | DEBUG    | src.ui.docking.panel_base:__init__:29 - Panel created: search
2025-12-17 21:44:25.987 | INFO     | src.ui.docking.dock_manager:create_panel:92 - Panel created: search
2025-12-17 21:44:25.990 | DEBUG    | src.ui.menus.action_registry:register_action:56 - Action registered: file_new_search
2025-12-17 21:44:25.990 | DEBUG    | src.ui.menus.action_registry:register_action:56 - Action registered: file_open_downloads
2025-12-17 21:44:25.990 | DEBUG    | src.ui.menus.action_registry:register_action:56 - Action registered: file_exit
2025-12-17 21:44:25.991 | DEBUG    | src.ui.menus.action_registry:register_action:56 - Action registered: edit_select_all
2025-12-17 21:44:25.991 | DEBUG    | src.ui.menus.action_registry:register_action:56 - Action registered: edit_deselect_all
2025-12-17 21:44:25.991 | DEBUG    | src.ui.menus.action_registry:register_action:56 - Action registered: search_images
2025-12-17 21:44:25.992 | DEBUG    | src.ui.menus.action_registry:register_action:56 - Action registered: download_selected
2025-12-17 21:44:25.993 | DEBUG    | src.ui.menus.action_registry:register_action:56 - Action registered: download_all
2025-12-17 21:44:25.993 | INFO     | app_main_window:__init__:39 - Image Search MainWindow initialized
2025-12-17 21:44:26.160 | INFO     | __main__:main:106 - Application started successfully
2025-12-17 21:44:26.199 | DEBUG    | src.core.tasks.system:_worker:90 - Worker 0 started.
2025-12-17 21:44:26.200 | DEBUG    | src.core.tasks.system:_worker:90 - Worker 1 started.
2025-12-17 21:44:26.201 | DEBUG    | src.core.tasks.system:_worker:90 - Worker 2 started.
2025-12-17 21:44:39.478 | INFO     | app_search_panel:_on_search_clicked:88 - Search requested: 'test' (count: 20)
2025-12-17 21:44:39.478 | INFO     | app_main_window:_execute_search:124 - Executing search: 'test' (count: 20)
