2025-12-17 22:25:40.831 | INFO     | src.core.logging:setup_logging:22 - Logging initialized.
2025-12-17 22:25:40.832 | INFO     | __main__:main:76 - ============================================================
2025-12-17 22:25:40.832 | INFO     | __main__:main:77 - Image Search Application Starting
2025-12-17 22:25:40.832 | INFO     | __main__:main:78 - ============================================================
2025-12-17 22:25:40.833 | INFO     | src.core.locator:init:36 - ServiceLocator initialized.
2025-12-17 22:25:40.865 | INFO     | src.core.database.manager:connect:22 - Connected to MongoDB at mongodb://localhost:27017, DB: image_search_db
2025-12-17 22:25:40.866 | DEBUG    | src.core.locator:register_system:45 - Registering system: CommandBus
2025-12-17 22:25:40.866 | DEBUG    | src.core.locator:register_system:45 - Registering system: JournalService
2025-12-17 22:25:40.867 | DEBUG    | src.core.locator:register_system:45 - Registering system: AssetManager
2025-12-17 22:25:40.867 | DEBUG    | src.core.locator:register_system:45 - Registering system: TaskSystem
2025-12-17 22:25:40.868 | DEBUG    | src.core.locator:register_system:45 - Registering system: SearchService
2025-12-17 22:25:40.868 | INFO     | src.core.locator:start_all:62 - Starting all systems...
2025-12-17 22:25:40.868 | INFO     | src.core.commands.bus:initialize:15 - CommandBus initialized.
2025-12-17 22:25:40.869 | INFO     | src.core.locator:start_all:66 - System CommandBus started.
2025-12-17 22:25:40.869 | INFO     | src.core.journal.service:initialize:11 - JournalService initialized.
2025-12-17 22:25:40.869 | INFO     | src.core.locator:start_all:66 - System JournalService started.
2025-12-17 22:25:40.869 | INFO     | src.core.assets.manager:initialize:17 - AssetManager initialized.
2025-12-17 22:25:40.869 | INFO     | src.core.locator:start_all:66 - System AssetManager started.
2025-12-17 22:25:40.870 | INFO     | src.core.tasks.system:initialize:19 - TaskSystem initializing...
2025-12-17 22:25:40.876 | INFO     | src.core.tasks.system:initialize:35 - Loaded 0 pending tasks.
2025-12-17 22:25:40.876 | INFO     | src.core.locator:start_all:66 - System TaskSystem started.
2025-12-17 22:25:40.877 | INFO     | app_search_service:initialize:31 - SearchService initialized
2025-12-17 22:25:40.877 | INFO     | src.core.locator:start_all:66 - System SearchService started.
2025-12-17 22:25:40.878 | INFO     | src.ui.menus.action_registry:__init__:17 - ActionRegistry initialized
2025-12-17 22:25:40.878 | INFO     | src.ui.docking.dock_manager:__init__:50 - DockManager initialized
2025-12-17 22:25:40.888 | INFO     | src.ui.menus.menu_builder:__init__:16 - MenuBuilder initialized
2025-12-17 22:25:41.135 | DEBUG    | src.ui.docking.dock_manager:register_panel:59 - Panel registered: search
2025-12-17 22:25:41.136 | DEBUG    | src.ui.docking.dock_manager:register_panel:59 - Panel registered: gallery
2025-12-17 22:25:41.138 | DEBUG    | src.ui.docking.panel_base:__init__:29 - Panel created: search
2025-12-17 22:25:41.138 | DEBUG    | src.core.tasks.system:_worker:90 - Worker 0 started.
2025-12-17 22:25:41.138 | DEBUG    | src.core.tasks.system:_worker:90 - Worker 1 started.
2025-12-17 22:25:41.139 | DEBUG    | src.core.tasks.system:_worker:90 - Worker 2 started.
