2025-12-17 22:43:00.858 | INFO     | src.core.logging:setup_logging:22 - Logging initialized.
2025-12-17 22:43:00.859 | INFO     | __main__:main:76 - ============================================================
2025-12-17 22:43:00.859 | INFO     | __main__:main:77 - Image Search Application Starting
2025-12-17 22:43:00.859 | INFO     | __main__:main:78 - ============================================================
2025-12-17 22:43:00.860 | INFO     | src.core.locator:init:36 - ServiceLocator initialized.
2025-12-17 22:43:00.876 | INFO     | src.core.database.manager:connect:22 - Connected to MongoDB at mongodb://localhost:27017, DB: image_search_db
2025-12-17 22:43:00.877 | DEBUG    | src.core.locator:register_system:45 - Registering system: CommandBus
2025-12-17 22:43:00.877 | DEBUG    | src.core.locator:register_system:45 - Registering system: JournalService
2025-12-17 22:43:00.877 | DEBUG    | src.core.locator:register_system:45 - Registering system: AssetManager
2025-12-17 22:43:00.878 | DEBUG    | src.core.locator:register_system:45 - Registering system: TaskSystem
2025-12-17 22:43:00.878 | DEBUG    | src.core.locator:register_system:45 - Registering system: SearchService
2025-12-17 22:43:00.878 | INFO     | src.core.locator:start_all:62 - Starting all systems...
2025-12-17 22:43:00.878 | INFO     | src.core.commands.bus:initialize:15 - CommandBus initialized.
2025-12-17 22:43:00.878 | INFO     | src.core.locator:start_all:66 - System CommandBus started.
2025-12-17 22:43:00.878 | INFO     | src.core.journal.service:initialize:11 - JournalService initialized.
2025-12-17 22:43:00.879 | INFO     | src.core.locator:start_all:66 - System JournalService started.
2025-12-17 22:43:00.879 | INFO     | src.core.assets.manager:initialize:17 - AssetManager initialized.
2025-12-17 22:43:00.879 | INFO     | src.core.locator:start_all:66 - System AssetManager started.
2025-12-17 22:43:00.879 | INFO     | src.core.tasks.system:initialize:19 - TaskSystem initializing...
2025-12-17 22:43:00.883 | INFO     | src.core.tasks.system:initialize:35 - Loaded 0 pending tasks.
2025-12-17 22:43:00.884 | INFO     | src.core.locator:start_all:66 - System TaskSystem started.
2025-12-17 22:43:00.885 | INFO     | app_search_service:initialize:31 - SearchService initialized
2025-12-17 22:43:00.885 | INFO     | src.core.locator:start_all:66 - System SearchService started.
2025-12-17 22:43:00.885 | INFO     | src.ui.menus.action_registry:__init__:17 - ActionRegistry initialized
2025-12-17 22:43:00.886 | INFO     | src.ui.docking.dock_manager:__init__:50 - DockManager initialized
2025-12-17 22:43:00.896 | INFO     | src.ui.menus.menu_builder:__init__:16 - MenuBuilder initialized
2025-12-17 22:43:01.190 | DEBUG    | src.ui.docking.dock_manager:register_panel:59 - Panel registered: search
2025-12-17 22:43:01.190 | DEBUG    | src.ui.docking.dock_manager:register_panel:59 - Panel registered: gallery
2025-12-17 22:43:01.193 | DEBUG    | src.ui.docking.panel_base:__init__:29 - Panel created: search
2025-12-17 22:43:01.212 | INFO     | src.ui.docking.dock_manager:create_panel:92 - Panel created: search
2025-12-17 22:43:01.213 | DEBUG    | src.ui.docking.panel_base:__init__:29 - Panel created: gallery
2025-12-17 22:43:01.214 | DEBUG    | app_gallery_panel:initialize_ui:63 - GalleryPanel UI initialized
2025-12-17 22:43:01.215 | DEBUG    | src.ui.menus.action_registry:register_action:56 - Action registered: file_new_search
2025-12-17 22:43:01.216 | DEBUG    | src.ui.menus.action_registry:register_action:56 - Action registered: file_open_downloads
2025-12-17 22:43:01.216 | DEBUG    | src.ui.menus.action_registry:register_action:56 - Action registered: file_exit
2025-12-17 22:43:01.216 | DEBUG    | src.ui.menus.action_registry:register_action:56 - Action registered: edit_select_all
2025-12-17 22:43:01.216 | DEBUG    | src.ui.menus.action_registry:register_action:56 - Action registered: edit_deselect_all
2025-12-17 22:43:01.217 | DEBUG    | src.ui.menus.action_registry:register_action:56 - Action registered: search_images
2025-12-17 22:43:01.217 | DEBUG    | src.ui.menus.action_registry:register_action:56 - Action registered: download_selected
2025-12-17 22:43:01.218 | DEBUG    | src.ui.menus.action_registry:register_action:56 - Action registered: download_all
2025-12-17 22:43:01.218 | INFO     | app_main_window:__init__:39 - Image Search MainWindow initialized
2025-12-17 22:43:01.401 | INFO     | __main__:main:106 - Application started successfully
2025-12-17 22:43:01.422 | DEBUG    | src.core.tasks.system:_worker:90 - Worker 0 started.
2025-12-17 22:43:01.423 | DEBUG    | src.core.tasks.system:_worker:90 - Worker 1 started.
2025-12-17 22:43:01.423 | DEBUG    | src.core.tasks.system:_worker:90 - Worker 2 started.
2025-12-17 22:43:01.465 | INFO     | app_search_panel:_load_recent_searches:151 - ✅ Loaded 4 recent searches
2025-12-17 22:43:01.468 | INFO     | app_main_window:_load_latest_results:214 - 📊 Loaded 100 results from MongoDB
2025-12-17 22:43:01.469 | INFO     | app_gallery_panel:load_images:72 - 📸 Loading 100 images into gallery
2025-12-17 22:43:01.487 | DEBUG    | app_gallery_panel:load_images:100 -   Loaded 10/100 thumbnails
2025-12-17 22:43:01.500 | DEBUG    | app_gallery_panel:load_images:100 -   Loaded 20/100 thumbnails
2025-12-17 22:43:01.513 | DEBUG    | app_gallery_panel:load_images:100 -   Loaded 30/100 thumbnails
2025-12-17 22:43:01.527 | DEBUG    | app_gallery_panel:load_images:100 -   Loaded 40/100 thumbnails
2025-12-17 22:43:01.541 | DEBUG    | app_gallery_panel:load_images:100 -   Loaded 50/100 thumbnails
2025-12-17 22:43:01.559 | DEBUG    | app_gallery_panel:load_images:100 -   Loaded 60/100 thumbnails
2025-12-17 22:43:01.575 | DEBUG    | app_gallery_panel:load_images:100 -   Loaded 70/100 thumbnails
2025-12-17 22:43:01.598 | DEBUG    | app_gallery_panel:load_images:100 -   Loaded 80/100 thumbnails
2025-12-17 22:43:01.612 | DEBUG    | app_gallery_panel:load_images:100 -   Loaded 90/100 thumbnails
2025-12-17 22:43:01.632 | DEBUG    | app_gallery_panel:load_images:100 -   Loaded 100/100 thumbnails
2025-12-17 22:43:01.632 | INFO     | app_gallery_panel:load_images:104 - ✅ Gallery loaded with 100 images
2025-12-17 22:43:03.232 | DEBUG    | src.ui.widgets.async_image:load_from_url:75 - Loaded image from https://tse1.explicit.bing.net/th/id/OIP.Z0YLenkfAfG4UGyA4jstkQHaFi?cb=ucfimg2&pid=Api&ucfimg=1
2025-12-17 22:43:03.236 | DEBUG    | src.ui.widgets.async_image:load_from_url:75 - Loaded image from https://tse3.mm.bing.net/th/id/OIP.RIHIVMOeAPjgLR0jhDuQ6QHaHa?cb=ucfimg2&pid=Api&ucfimg=1
2025-12-17 22:43:03.240 | DEBUG    | src.ui.widgets.async_image:load_from_url:75 - Loaded image from https://tse1.explicit.bing.net/th/id/OIP.Z0YLenkfAfG4UGyA4jstkQHaFi?cb=ucfimg2&pid=Api&ucfimg=1
2025-12-17 22:43:03.246 | DEBUG    | src.ui.widgets.async_image:load_from_url:75 - Loaded image from https://tse4.mm.bing.net/th/id/OIP.ORzhcMSxQsArjgvtNJisOQHaLH?cb=ucfimg2&pid=Api&ucfimg=1
2025-12-17 22:43:03.249 | DEBUG    | src.ui.widgets.async_image:load_from_url:75 - Loaded image from https://tse4.mm.bing.net/th/id/OIP.HSaLqf2d4d6ZIN9mmcAYGAHaE7?cb=ucfimg2&pid=Api&ucfimg=1
2025-12-17 22:43:03.252 | DEBUG    | src.ui.widgets.async_image:load_from_url:75 - Loaded image from https://tse2.explicit.bing.net/th/id/OIP.ULq5QQnJfNFuhcLNBVqzAwHaE7?pid=Api
2025-12-17 22:43:03.254 | DEBUG    | src.ui.widgets.async_image:load_from_url:75 - Loaded image from https://tse4.mm.bing.net/th/id/OIP.FND-9z9Fov7SLX_FMX_U5QHaEK?cb=ucfimg2&pid=Api&ucfimg=1
2025-12-17 22:43:03.256 | DEBUG    | src.ui.widgets.async_image:load_from_url:75 - Loaded image from https://tse3.explicit.bing.net/th/id/OIP.MzU94wsMIMJpSFt7Q_RoDAHaE8?pid=Api
2025-12-17 22:43:03.259 | DEBUG    | src.ui.widgets.async_image:load_from_url:75 - Loaded image from https://tse3.mm.bing.net/th/id/OIP.fkmjOXuMCocqtIqbpZAzlAHaEK?cb=ucfimg2&pid=Api&ucfimg=1
2025-12-17 22:43:03.260 | DEBUG    | src.ui.widgets.async_image:load_from_url:75 - Loaded image from https://tse3.explicit.bing.net/th/id/OIF.v1Z0rZrQpVhIg604rSgYZA?pid=Api
2025-12-17 22:43:03.263 | DEBUG    | src.ui.widgets.async_image:load_from_url:75 - Loaded image from https://tse3.mm.bing.net/th/id/OIP.AmDI_MZkA6UbjvT8FF5qMgHaIT?cb=ucfimg2&pid=Api&ucfimg=1
2025-12-17 22:43:03.268 | DEBUG    | src.ui.widgets.async_image:load_from_url:75 - Loaded image from https://tse3.mm.bing.net/th/id/OIP.6a92DtLY3PnHbetbNqhEwQHaKa?cb=ucfimg2&pid=Api&ucfimg=1
2025-12-17 22:43:03.272 | DEBUG    | src.ui.widgets.async_image:load_from_url:75 - Loaded image from https://tse3.mm.bing.net/th/id/OIP.QEz08T8zJmAk9ov_oehSBgHaHa?cb=ucfimg2&pid=Api&ucfimg=1
2025-12-17 22:43:03.275 | DEBUG    | src.ui.widgets.async_image:load_from_url:75 - Loaded image from https://tse2.mm.bing.net/th/id/OIP.iPfMgMDziXVowjdhHIqJ1QHaHa?cb=ucfimg2&pid=Api&ucfimg=1
2025-12-17 22:43:03.311 | DEBUG    | src.ui.widgets.async_image:load_from_url:75 - Loaded image from https://tse3.mm.bing.net/th/id/OIP.4fFBrrPTdTTUvd7hVKhtqwHaEm?cb=ucfimg2&pid=Api&ucfimg=1
2025-12-17 22:43:03.315 | DEBUG    | src.ui.widgets.async_image:load_from_url:75 - Loaded image from https://tse3.mm.bing.net/th/id/OIP.CbtARvIT3gtAR9ReWqK5CQHaHa?cb=ucfimg2&pid=Api&ucfimg=1
2025-12-17 22:43:03.318 | DEBUG    | src.ui.widgets.async_image:load_from_url:75 - Loaded image from https://tse2.mm.bing.net/th/id/OIP.c-vjbmkRnixJ7GtOGWAfnAHaGo?cb=ucfimg2&pid=Api&ucfimg=1
2025-12-17 22:43:03.327 | DEBUG    | src.ui.widgets.async_image:load_from_url:75 - Loaded image from https://tse2.mm.bing.net/th/id/OIP.vNa5RnKuNm6kGBPFchUlPwHaJJ?cb=ucfimg2&pid=Api&ucfimg=1
2025-12-17 22:43:03.329 | DEBUG    | src.ui.widgets.async_image:load_from_url:75 - Loaded image from https://tse2.mm.bing.net/th/id/OIP.-jcjUz5sP_EQ-PfRjq5fzwHaEk?cb=ucfimg2&pid=Api&ucfimg=1
2025-12-17 22:43:03.333 | DEBUG    | src.ui.widgets.async_image:load_from_url:75 - Loaded image from https://tse1.mm.bing.net/th/id/OIP.4TuqjnIG3bIxXgHI5QJhogHaE8?cb=ucfimg2&pid=Api&ucfimg=1
2025-12-17 22:43:03.335 | DEBUG    | src.ui.widgets.async_image:load_from_url:75 - Loaded image from https://tse2.mm.bing.net/th/id/OIP.96xGC-g0IvkanPsCqf7YhAHaE7?cb=ucfimg2&pid=Api&ucfimg=1
2025-12-17 22:43:03.340 | DEBUG    | src.ui.widgets.async_image:load_from_url:75 - Loaded image from https://tse2.mm.bing.net/th/id/OIP.PRLenQIYWs9PPOACRXc9UAHaNl?cb=ucfimg2&pid=Api&ucfimg=1
2025-12-17 22:43:03.344 | DEBUG    | src.ui.widgets.async_image:load_from_url:75 - Loaded image from https://tse1.mm.bing.net/th/id/OIP.TR3c9vnvpkKLVgBteDtyAgHaE8?cb=ucfimg2&pid=Api&ucfimg=1
2025-12-17 22:43:03.350 | DEBUG    | src.ui.widgets.async_image:load_from_url:75 - Loaded image from https://tse2.mm.bing.net/th/id/OIP.VX4oFweKGDPYUYS2Yd8gJgHaNL?cb=ucfimg2&pid=Api&ucfimg=1
2025-12-17 22:43:03.352 | DEBUG    | src.ui.widgets.async_image:load_from_url:75 - Loaded image from https://tse4.mm.bing.net/th/id/OIP.TvyxO2qZHUb1YJIdSv4mRwHaEK?cb=ucfimg2&pid=Api&ucfimg=1
2025-12-17 22:43:03.357 | DEBUG    | src.ui.widgets.async_image:load_from_url:75 - Loaded image from https://tse1.mm.bing.net/th/id/OIP.ry7a63qsTZuPqKqUR7D8-wHaKh?cb=ucfimg2&pid=Api&ucfimg=1
2025-12-17 22:43:03.362 | DEBUG    | src.ui.widgets.async_image:load_from_url:75 - Loaded image from https://tse1.mm.bing.net/th/id/OIP.WJy8q2tNuzgk7EWGzhYPWwHaLH?cb=ucfimg2&pid=Api&ucfimg=1
2025-12-17 22:43:03.365 | DEBUG    | src.ui.widgets.async_image:load_from_url:75 - Loaded image from https://tse1.mm.bing.net/th/id/OIP.OsIwy6hxoLMTCnaYNyw5lAHaE8?cb=ucfimg2&pid=Api&ucfimg=1
2025-12-17 22:43:03.368 | DEBUG    | src.ui.widgets.async_image:load_from_url:75 - Loaded image from https://tse4.mm.bing.net/th/id/OIP.RuolWPFLq-kZqNULDyzjagHaE8?cb=ucfimg2&pid=Api&ucfimg=1
2025-12-17 22:43:03.370 | DEBUG    | src.ui.widgets.async_image:load_from_url:75 - Loaded image from https://tse3.mm.bing.net/th/id/OIP.ZS6zTvqdDt4aO2XzuD63OAHaEZ?cb=ucfimg2&pid=Api&ucfimg=1
2025-12-17 22:43:03.373 | DEBUG    | src.ui.widgets.async_image:load_from_url:75 - Loaded image from https://tse1.mm.bing.net/th/id/OIP.jAGYnfZRDypurXptdPxzjgHaJQ?cb=ucfimg2&pid=Api&ucfimg=1
2025-12-17 22:43:03.376 | DEBUG    | src.ui.widgets.async_image:load_from_url:75 - Loaded image from https://tse3.mm.bing.net/th/id/OIP.kWki_30q0PQXNem-_NXmaQHaFj?cb=ucfimg2&pid=Api&ucfimg=1
2025-12-17 22:43:03.379 | DEBUG    | src.ui.widgets.async_image:load_from_url:75 - Loaded image from https://tse4.mm.bing.net/th/id/OIP.PxX1s048z_BeTlJfxk5HEgHaFj?cb=ucfimg2&pid=Api&ucfimg=1
2025-12-17 22:43:03.381 | DEBUG    | src.ui.widgets.async_image:load_from_url:75 - Loaded image from https://tse4.mm.bing.net/th/id/OIP.yvj61X0dbFFF8viA7fmKcAHaEV?cb=ucfimg2&pid=Api&ucfimg=1
2025-12-17 22:43:03.383 | DEBUG    | src.ui.widgets.async_image:load_from_url:75 - Loaded image from https://tse2.mm.bing.net/th/id/OIP.N0xm_MvMR4tvurIctKaCEwHaEK?cb=ucfimg2&pid=Api&ucfimg=1
2025-12-17 22:43:03.385 | DEBUG    | src.ui.widgets.async_image:load_from_url:75 - Loaded image from https://tse3.mm.bing.net/th/id/OIP.-jm8WnPBzvqTeC-lz_eR_AHaFj?cb=ucfimg2&pid=Api&ucfimg=1
2025-12-17 22:43:03.387 | DEBUG    | src.ui.widgets.async_image:load_from_url:75 - Loaded image from https://tse4.mm.bing.net/th/id/OIP.8EYPyCU4GgOfq6qrzRH_OwHaE8?cb=ucfimg2&pid=Api&ucfimg=1
2025-12-17 22:43:03.390 | DEBUG    | src.ui.widgets.async_image:load_from_url:75 - Loaded image from https://tse1.mm.bing.net/th/id/OIP.1zY_WjFMf_H4rtbc1GvSUgHaE8?cb=ucfimg2&pid=Api&ucfimg=1
2025-12-17 22:43:03.392 | DEBUG    | src.ui.widgets.async_image:load_from_url:75 - Loaded image from https://tse4.mm.bing.net/th/id/OIP.q7pRCGAokNXeU6wA8wYbNAHaEK?cb=ucfimg2&pid=Api&ucfimg=1
2025-12-17 22:43:03.395 | DEBUG    | src.ui.widgets.async_image:load_from_url:75 - Loaded image from https://tse1.mm.bing.net/th/id/OIP.XAeHchsCgXxL2zwMTcCOmgHaFj?cb=ucfimg2&pid=Api&ucfimg=1
2025-12-17 22:43:03.397 | DEBUG    | src.ui.widgets.async_image:load_from_url:75 - Loaded image from https://tse3.mm.bing.net/th/id/OIP.bAou8dQdiXvZVd0VeKkeWQHaEK?pid=Api
2025-12-17 22:43:03.399 | DEBUG    | src.ui.widgets.async_image:load_from_url:75 - Loaded image from https://tse3.mm.bing.net/th/id/OIP.uRTpI1zraWuEklfjJVjAMwHaD4?pid=Api
2025-12-17 22:43:03.401 | DEBUG    | src.ui.widgets.async_image:load_from_url:75 - Loaded image from https://tse1.mm.bing.net/th/id/OIP.XEIAUqfBYFrwH-PLpcEMgAHaGQ?cb=ucfimg2&pid=Api&ucfimg=1
2025-12-17 22:43:03.405 | DEBUG    | src.ui.widgets.async_image:load_from_url:75 - Loaded image from https://tse1.mm.bing.net/th/id/OIP.267gNV0g4IfZu1SKQalamAHaGu?cb=ucfimg2&pid=Api&ucfimg=1
2025-12-17 22:43:03.407 | DEBUG    | src.ui.widgets.async_image:load_from_url:75 - Loaded image from https://tse3.mm.bing.net/th/id/OIP.dXhGspiBElhoc6HtIcOkhQHaE7?pid=Api
2025-12-17 22:43:03.409 | DEBUG    | src.ui.widgets.async_image:load_from_url:75 - Loaded image from https://tse3.mm.bing.net/th/id/OIP.VljEFRrXH196ZeaESK2xfwHaD4?pid=Api
2025-12-17 22:43:03.412 | DEBUG    | src.ui.widgets.async_image:load_from_url:75 - Loaded image from https://tse3.mm.bing.net/th/id/OIP.r8UZNWMUGOtemPOpCANxDQHaE6?pid=Api
2025-12-17 22:43:03.414 | DEBUG    | src.ui.widgets.async_image:load_from_url:75 - Loaded image from https://tse3.mm.bing.net/th/id/OIP.si0594KxN90yS3TKHX4QUwHaE5?pid=Api
2025-12-17 22:43:03.418 | DEBUG    | src.ui.widgets.async_image:load_from_url:75 - Loaded image from https://tse3.mm.bing.net/th/id/OIP.y_gVzYDI1IKsZX1cv_LVjQHaLH?pid=Api
2025-12-17 22:43:03.420 | DEBUG    | src.ui.widgets.async_image:load_from_url:75 - Loaded image from https://tse2.mm.bing.net/th/id/OIP.nblb4Mbe7_pNl7UVz-rSoQHaD4?pid=Api
2025-12-17 22:43:03.422 | DEBUG    | src.ui.widgets.async_image:load_from_url:75 - Loaded image from https://tse2.mm.bing.net/th/id/OIP.DoyS1y9ui39_ZrZZc1utcAHaEK?pid=Api
2025-12-17 22:43:03.424 | DEBUG    | src.ui.widgets.async_image:load_from_url:75 - Loaded image from https://tse1.mm.bing.net/th/id/OIP.dpCgDL0lVU3Kxxnz7DM-JgHaEK?pid=Api
2025-12-17 22:43:03.426 | DEBUG    | src.ui.widgets.async_image:load_from_url:75 - Loaded image from https://tse1.mm.bing.net/th/id/OIP.BNVLlRkcRfAMkQkFgV6bDAHaFj?cb=ucfimg2&pid=Api&ucfimg=1
2025-12-17 22:43:03.430 | DEBUG    | src.ui.widgets.async_image:load_from_url:75 - Loaded image from https://tse2.mm.bing.net/th/id/OIP.F9LGVGkyHVvwK9jMlc2TJAHaHa?pid=Api
2025-12-17 22:43:03.436 | DEBUG    | src.ui.widgets.async_image:load_from_url:75 - Loaded image from https://tse2.mm.bing.net/th/id/OIP.gwoZdSkPPDgi-WJ2MzQUVwHaHa?cb=ucfimg2&pid=Api&ucfimg=1
2025-12-17 22:43:03.438 | DEBUG    | src.ui.widgets.async_image:load_from_url:75 - Loaded image from https://tse4.mm.bing.net/th/id/OIP.k2zCFnjRQlIvd_zCfb6dJAHaE6?pid=Api
2025-12-17 22:43:03.459 | DEBUG    | src.ui.widgets.async_image:load_from_url:75 - Loaded image from https://tse1.mm.bing.net/th/id/OIP.yxjzcvTHkf6uALA3cuH9tgHaE7?pid=Api
2025-12-17 22:43:03.465 | DEBUG    | src.ui.widgets.async_image:load_from_url:75 - Loaded image from https://tse4.mm.bing.net/th/id/OIP.1leuJQVANqL8OPdimBu3gQHaHa?pid=Api
2025-12-17 22:43:03.470 | DEBUG    | src.ui.widgets.async_image:load_from_url:75 - Loaded image from https://tse4.mm.bing.net/th/id/OIF.8MGr3G5YSM5Ra4LlmLZ65w?pid=Api
2025-12-17 22:43:03.473 | DEBUG    | src.ui.widgets.async_image:load_from_url:75 - Loaded image from https://tse1.mm.bing.net/th/id/OIP.AmS8XNM4YxY8AAm5gL1OgAHaFX?pid=Api
2025-12-17 22:43:03.475 | DEBUG    | src.ui.widgets.async_image:load_from_url:75 - Loaded image from https://tse4.mm.bing.net/th/id/OIP.WM1GtZDdfJyJtwB66ETlaQHaEB?pid=Api
2025-12-17 22:43:03.478 | DEBUG    | src.ui.widgets.async_image:load_from_url:75 - Loaded image from https://tse1.mm.bing.net/th/id/OIP.REFjuSGKvswknJOtVzU4cQHaH5?pid=Api
2025-12-17 22:43:03.479 | DEBUG    | src.ui.widgets.async_image:load_from_url:75 - Loaded image from https://tse4.mm.bing.net/th/id/OIP.Hf8p2UqnGPKYZYlx_5ZZjQAAAA?pid=Api
2025-12-17 22:43:03.481 | DEBUG    | src.ui.widgets.async_image:load_from_url:75 - Loaded image from https://tse1.mm.bing.net/th/id/OIP.AOiFpFdhMc3azOUsarW76AHaE8?pid=Api
2025-12-17 22:43:03.483 | DEBUG    | src.ui.widgets.async_image:load_from_url:75 - Loaded image from https://tse4.mm.bing.net/th/id/OIP.HUPOSpJ-bZScfoxjKavc0QHaCR?pid=Api
2025-12-17 22:43:03.485 | DEBUG    | src.ui.widgets.async_image:load_from_url:75 - Loaded image from https://tse2.mm.bing.net/th/id/OIP.-sqyMLfR5PDgge_zQyfdCgHaFP?pid=Api
2025-12-17 22:43:03.487 | DEBUG    | src.ui.widgets.async_image:load_from_url:75 - Loaded image from https://tse2.mm.bing.net/th/id/OIP.OCOXY5Wvj5pQvgIG-LmpYQAAAA?pid=Api
2025-12-17 22:43:03.489 | DEBUG    | src.ui.widgets.async_image:load_from_url:75 - Loaded image from https://tse4.mm.bing.net/th/id/OIF.0hvnc8NmESTNcMUD4nU0Lw?pid=Api
2025-12-17 22:43:03.493 | DEBUG    | src.ui.widgets.async_image:load_from_url:75 - Loaded image from https://tse2.mm.bing.net/th/id/OIP.5bGpPrXuOBu9FJUL0kxZrwHaHa?pid=Api
2025-12-17 22:43:03.496 | DEBUG    | src.ui.widgets.async_image:load_from_url:75 - Loaded image from https://tse1.mm.bing.net/th/id/OIP.BjXjHzBXZH1GTkKp1Yw6uQHaFz?pid=Api
2025-12-17 22:43:03.497 | DEBUG    | src.ui.widgets.async_image:load_from_url:75 - Loaded image from https://tse1.mm.bing.net/th/id/OIP.UQ9WJHozb5i8rzVBe2BEwwHaEI?pid=Api
2025-12-17 22:43:03.499 | DEBUG    | src.ui.widgets.async_image:load_from_url:75 - Loaded image from https://tse1.mm.bing.net/th/id/OIF.sKqDRvbsNcETwXusENJSlA?pid=Api
2025-12-17 22:43:03.501 | DEBUG    | src.ui.widgets.async_image:load_from_url:75 - Loaded image from https://tse1.mm.bing.net/th/id/OIP.TR3c9vnvpkKLVgBteDtyAgHaE8?cb=ucfimg2&pid=Api&ucfimg=1
2025-12-17 22:43:03.502 | DEBUG    | src.ui.widgets.async_image:load_from_url:75 - Loaded image from https://tse1.mm.bing.net/th/id/OIP.EILpsWVe3xP131jhGMxrVAAAAA?pid=Api
2025-12-17 22:43:03.507 | DEBUG    | src.ui.widgets.async_image:load_from_url:75 - Loaded image from https://tse1.mm.bing.net/th/id/OIP.jAGYnfZRDypurXptdPxzjgHaJQ?cb=ucfimg2&pid=Api&ucfimg=1
2025-12-17 22:43:03.510 | DEBUG    | src.ui.widgets.async_image:load_from_url:75 - Loaded image from https://tse2.mm.bing.net/th/id/OIP.oB33MXr-PXqymkT5XSORIgHaGw?pid=Api
2025-12-17 22:43:03.515 | DEBUG    | src.ui.widgets.async_image:load_from_url:75 - Loaded image from https://tse4.mm.bing.net/th/id/OIF.4HHVTEU4K2CY7CnwwZ2nmA?pid=Api
2025-12-17 22:43:03.518 | DEBUG    | src.ui.widgets.async_image:load_from_url:75 - Loaded image from https://tse4.mm.bing.net/th/id/OIP.H-7hzEM4sXFsFLMF-dK4wAHaDE?pid=Api
2025-12-17 22:43:03.520 | DEBUG    | src.ui.widgets.async_image:load_from_url:75 - Loaded image from https://tse1.mm.bing.net/th/id/OIP.OsIwy6hxoLMTCnaYNyw5lAHaE8?cb=ucfimg2&pid=Api&ucfimg=1
2025-12-17 22:43:03.523 | DEBUG    | src.ui.widgets.async_image:load_from_url:75 - Loaded image from https://tse4.mm.bing.net/th/id/OIP.8EYPyCU4GgOfq6qrzRH_OwHaE8?cb=ucfimg2&pid=Api&ucfimg=1
2025-12-17 22:43:03.526 | DEBUG    | src.ui.widgets.async_image:load_from_url:75 - Loaded image from https://tse3.mm.bing.net/th/id/OIP.ZS6zTvqdDt4aO2XzuD63OAHaEZ?cb=ucfimg2&pid=Api&ucfimg=1
2025-12-17 22:43:03.530 | DEBUG    | src.ui.widgets.async_image:load_from_url:75 - Loaded image from https://tse2.mm.bing.net/th/id/OIP.xFhtsj_CShPy7aZ6B7b8SwHaHZ?pid=Api
2025-12-17 22:43:03.533 | DEBUG    | src.ui.widgets.async_image:load_from_url:75 - Loaded image from https://tse4.mm.bing.net/th/id/OIP.PxX1s048z_BeTlJfxk5HEgHaFj?cb=ucfimg2&pid=Api&ucfimg=1
2025-12-17 22:43:03.536 | DEBUG    | src.ui.widgets.async_image:load_from_url:75 - Loaded image from https://tse3.mm.bing.net/th/id/OIP.-jm8WnPBzvqTeC-lz_eR_AHaFj?cb=ucfimg2&pid=Api&ucfimg=1
2025-12-17 22:43:03.539 | DEBUG    | src.ui.widgets.async_image:load_from_url:75 - Loaded image from https://tse3.mm.bing.net/th/id/OIP.kWki_30q0PQXNem-_NXmaQHaFj?cb=ucfimg2&pid=Api&ucfimg=1
2025-12-17 22:43:03.542 | DEBUG    | src.ui.widgets.async_image:load_from_url:75 - Loaded image from https://tse4.mm.bing.net/th/id/OIP.RuolWPFLq-kZqNULDyzjagHaE8?cb=ucfimg2&pid=Api&ucfimg=1
2025-12-17 22:43:03.546 | DEBUG    | src.ui.widgets.async_image:load_from_url:75 - Loaded image from https://tse1.mm.bing.net/th/id/OIP.1zY_WjFMf_H4rtbc1GvSUgHaE8?cb=ucfimg2&pid=Api&ucfimg=1
2025-12-17 22:43:03.549 | DEBUG    | src.ui.widgets.async_image:load_from_url:75 - Loaded image from https://tse1.mm.bing.net/th/id/OIP.4TuqjnIG3bIxXgHI5QJhogHaE8?cb=ucfimg2&pid=Api&ucfimg=1
2025-12-17 22:43:03.552 | DEBUG    | src.ui.widgets.async_image:load_from_url:75 - Loaded image from https://tse2.mm.bing.net/th/id/OIP.96xGC-g0IvkanPsCqf7YhAHaE7?cb=ucfimg2&pid=Api&ucfimg=1
2025-12-17 22:43:03.554 | DEBUG    | src.ui.widgets.async_image:load_from_url:75 - Loaded image from https://tse2.mm.bing.net/th/id/OIP.N0xm_MvMR4tvurIctKaCEwHaEK?cb=ucfimg2&pid=Api&ucfimg=1
2025-12-17 22:43:03.557 | DEBUG    | src.ui.widgets.async_image:load_from_url:75 - Loaded image from https://tse4.mm.bing.net/th/id/OIP.q7pRCGAokNXeU6wA8wYbNAHaEK?cb=ucfimg2&pid=Api&ucfimg=1
2025-12-17 22:43:03.560 | DEBUG    | src.ui.widgets.async_image:load_from_url:75 - Loaded image from https://tse1.mm.bing.net/th/id/OIP.XEIAUqfBYFrwH-PLpcEMgAHaGQ?cb=ucfimg2&pid=Api&ucfimg=1
2025-12-17 22:43:03.563 | DEBUG    | src.ui.widgets.async_image:load_from_url:75 - Loaded image from https://tse4.mm.bing.net/th/id/OIP.yvj61X0dbFFF8viA7fmKcAHaEV?cb=ucfimg2&pid=Api&ucfimg=1
2025-12-17 22:43:03.568 | DEBUG    | src.ui.widgets.async_image:load_from_url:75 - Loaded image from https://tse1.mm.bing.net/th/id/OIP.267gNV0g4IfZu1SKQalamAHaGu?cb=ucfimg2&pid=Api&ucfimg=1
2025-12-17 22:43:03.572 | DEBUG    | src.ui.widgets.async_image:load_from_url:75 - Loaded image from https://tse1.mm.bing.net/th/id/OIP.BNVLlRkcRfAMkQkFgV6bDAHaFj?cb=ucfimg2&pid=Api&ucfimg=1
2025-12-17 22:43:03.575 | DEBUG    | src.ui.widgets.async_image:load_from_url:75 - Loaded image from https://tse1.mm.bing.net/th/id/OIP.XAeHchsCgXxL2zwMTcCOmgHaFj?cb=ucfimg2&pid=Api&ucfimg=1
2025-12-17 22:43:03.601 | DEBUG    | src.ui.widgets.async_image:load_from_url:75 - Loaded image from https://tse2.mm.bing.net/th?id=OIF.s2e/Q3yrpfpuO3Mwf5RoYg&pid=Api
2025-12-17 22:43:03.605 | ERROR    | src.ui.widgets.async_image:load_from_url:84 - Failed to load image from https://tse2.mm.bing.net/th?id=OIF.H7xkwKWS+h7TcmqtIqbaLA&pid=Api: HTTP 404
2025-12-17 22:43:03.611 | ERROR    | src.ui.widgets.async_image:load_from_url:84 - Failed to load image from https://tse1.mm.bing.net/th?id=OIF.X+w9NN5ggXxpUFRVKPc3+w&pid=Api: HTTP 404
2025-12-17 22:43:03.613 | ERROR    | src.ui.widgets.async_image:load_from_url:84 - Failed to load image from https://tse1.mm.bing.net/th?id=OIF.HN+jULY4o5vIDI8D/lDd5w&pid=Api: HTTP 404
2025-12-17 22:43:04.558 | DEBUG    | app_gallery_panel:_on_thumbnail_clicked:108 - Thumbnail clicked: Pin on WereW
2025-12-17 22:43:04.562 | DEBUG    | app_gallery_panel:_on_thumbnail_clicked:127 - ✅ Selected: Pin on WereW
2025-12-17 22:43:04.562 | DEBUG    | app_gallery_panel:_on_thumbnail_clicked:130 - Total selected: 1
2025-12-17 22:43:05.703 | DEBUG    | app_gallery_panel:_on_thumbnail_clicked:108 - Thumbnail clicked: Premium Photo | Experience the eerie spectacle of a fearsome werew ...
2025-12-17 22:43:05.705 | DEBUG    | app_gallery_panel:_on_thumbnail_clicked:127 - ✅ Selected: Premium Photo | Experience the eerie spectacle of a fearsome werew ...
2025-12-17 22:43:05.705 | DEBUG    | app_gallery_panel:_on_thumbnail_clicked:130 - Total selected: 2
2025-12-17 22:43:06.701 | DEBUG    | app_gallery_panel:_on_thumbnail_clicked:108 - Thumbnail clicked: Intense Werewolf Photography with Cinematic Lighting and Intricate ...
2025-12-17 22:43:06.702 | DEBUG    | app_gallery_panel:_on_thumbnail_clicked:127 - ✅ Selected: Intense Werewolf Photography with Cinematic Lighting and Intricate ...
2025-12-17 22:43:06.703 | DEBUG    | app_gallery_panel:_on_thumbnail_clicked:130 - Total selected: 3
2025-12-17 22:43:16.565 | INFO     | app_search_panel:_on_search_clicked:92 - Search requested: 'sfd' (count: 20)
2025-12-17 22:43:16.566 | INFO     | app_main_window:_execute_search:139 - Executing search: 'sfd' (count: 20)
2025-12-17 22:43:16.567 | DEBUG    | src.core.tasks.system:register_handler:55 - Registered task handler: search_images
2025-12-17 22:43:16.571 | INFO     | src.core.tasks.system:submit:83 - Task submitted: Search: sfd (694315e4e59673ec46d6ebdb)
2025-12-17 22:43:16.571 | INFO     | app_main_window:_run_search:178 - Search task submitted successfully
2025-12-17 22:43:16.574 | INFO     | app_search_task:search_images_handler:22 - 🚀 Search handler started: 'sfd' (count: 20)
2025-12-17 22:43:16.574 | DEBUG    | app_search_task:search_images_handler:27 - Converted count to integer: 20
2025-12-17 22:43:16.575 | DEBUG    | app_search_task:search_images_handler:30 - Getting SearchService from ServiceLocator...
2025-12-17 22:43:16.575 | DEBUG    | app_search_task:search_images_handler:37 - ✅ SearchService retrieved
2025-12-17 22:43:16.576 | INFO     | app_search_task:search_images_handler:40 - 🔎 Executing search via SearchService...
2025-12-17 22:43:16.576 | INFO     | app_search_service:search_images:44 - 🔍 Starting image search: 'sfd' (max: 20)
2025-12-17 22:43:16.576 | DEBUG    | app_search_service:search_images:47 - Importing ddgs module...
2025-12-17 22:43:16.578 | DEBUG    | app_search_service:search_images:49 - ✅ ddgs imported successfully
2025-12-17 22:43:16.579 | INFO     | app_search_service:search_images:53 - 📡 Calling DuckDuckGo API...
2025-12-17 22:43:17.642 | DEBUG    | app_search_service:search_images:58 - Processing search results...
2025-12-17 22:43:17.642 | DEBUG    | app_search_service:search_images:69 -   [1] SFD - WPI IsoWhey Instant - 1800g - SFD Nutrition Vietnam (1024x314)
2025-12-17 22:43:17.642 | DEBUG    | app_search_service:search_images:69 -   [2] SFD Offline-Token für VCDS / VAG-COM | Volkswagen ID Forum (1000x1000)
2025-12-17 22:43:17.643 | DEBUG    | app_search_service:search_images:69 -   [3] WYCOFANIE Z OBROTU WYBRANYCH PARTII KREATYNY - SFD (1150x860)
2025-12-17 22:43:17.643 | DEBUG    | app_search_service:search_images:69 -   [4] Sfd Logo Letter Monogram Design Stock Vector (Royalty Free) 2491264869 ... (1500x1600)
2025-12-17 22:43:17.643 | DEBUG    | app_search_service:search_images:69 -   [5] SFD Ashwagandha Forte 800 Naturalne wsparcie dla ciała i umysłu 90 tabl ... (128x128)
2025-12-17 22:43:17.644 | DEBUG    | app_search_service:search_images:69 -   [6] Rodzynus/dziennik treningowy - Forum SFD (920x920)
2025-12-17 22:43:17.644 | DEBUG    | app_search_service:search_images:69 -   [7] Czy warto jeść awokado? Awokado dla zdrowia i urody! - SFD.pl (270x202)
2025-12-17 22:43:17.645 | DEBUG    | app_search_service:search_images:69 -   [8] MR. OLYMPIA 2018 - Forum SFD - strona 61 (920x517)
2025-12-17 22:43:17.645 | DEBUG    | app_search_service:search_images:69 -   [9] SFD Ashwagandha Forte 800 Naturalne wsparcie dla ciała i umysłu 90 tabl ... (128x128)
2025-12-17 22:43:17.646 | DEBUG    | app_search_service:search_images:69 -   [10] Poznań : Ustawka Treningowa SFD + Super Goście - 21 maj - Forum SFD (977x616)
2025-12-17 22:43:17.646 | DEBUG    | app_search_service:search_images:69 -   [11] Dzień dobry mam 15 lat ;) - Forum SFD (575x430)
2025-12-17 22:43:17.646 | DEBUG    | app_search_service:search_images:69 -   [12] Na poczatek - Forum SFD - strona 2 (270x202)
2025-12-17 22:43:17.646 | DEBUG    | app_search_service:search_images:69 -   [13] Fbw plan na poczatek - Forum SFD (270x202)
2025-12-17 22:43:17.646 | DEBUG    | app_search_service:search_images:69 -   [14] Powrót do treningów, proszę o ocene i sugestie - Forum SFD (526x1000)
2025-12-17 22:43:17.646 | DEBUG    | app_search_service:search_images:69 -   [15] Resources - SFD Trailer Parts (2243x2242)
2025-12-17 22:43:17.647 | DEBUG    | app_search_service:search_images:69 -   [16] sfd logo diseño, inspiración para un único identidad. moderno elegancia ... (1920x1920)
2025-12-17 22:43:17.647 | DEBUG    | app_search_service:search_images:69 -   [17] SFD, HCS, SDC Power Electronics | EV Solution | HL Mando (1400x782)
2025-12-17 22:43:17.647 | DEBUG    | app_search_service:search_images:69 -   [18] Zwrot towarów w SFD - ProPaczka (1920x795)
2025-12-17 22:43:17.648 | DEBUG    | app_search_service:search_images:69 -   [19] logotipo de sfd. letra sfd. diseño del logotipo de la letra sfd ... (1920x1920)
2025-12-17 22:43:17.648 | DEBUG    | app_search_service:search_images:69 -   [20] SFD IND Sticker - SFD INDUSTRIES (1511x1536)
2025-12-17 22:43:17.648 | INFO     | app_search_service:search_images:71 - ✅ Search complete: Found 20 images for 'sfd'
2025-12-17 22:43:17.649 | INFO     | app_search_task:search_images_handler:43 - 📊 Search returned 20 results
2025-12-17 22:43:17.649 | DEBUG    | app_search_task:search_images_handler:46 - Creating SearchHistory record...
2025-12-17 22:43:17.651 | INFO     | app_search_task:search_images_handler:54 - 💾 Search history saved: 694315e5e59673ec46d6ebdc
2025-12-17 22:43:17.651 | DEBUG    | app_search_task:search_images_handler:57 - Saving 20 image records to MongoDB...
2025-12-17 22:43:17.658 | DEBUG    | app_search_task:search_images_handler:69 -   Saved 5/20 images...
2025-12-17 22:43:17.665 | DEBUG    | app_search_task:search_images_handler:69 -   Saved 10/20 images...
2025-12-17 22:43:17.671 | DEBUG    | app_search_task:search_images_handler:69 -   Saved 15/20 images...
2025-12-17 22:43:17.677 | DEBUG    | app_search_task:search_images_handler:69 -   Saved 20/20 images...
2025-12-17 22:43:17.678 | INFO     | app_search_task:search_images_handler:71 - ✅ Successfully saved 20 image records to database
2025-12-17 22:43:17.678 | INFO     | app_search_task:search_images_handler:72 - 🎉 Search complete! Query: 'sfd', Results: 20
2025-12-17 22:43:18.561 | INFO     | app_main_window:_load_latest_results:214 - 📊 Loaded 20 results from MongoDB
2025-12-17 22:43:18.561 | INFO     | app_gallery_panel:load_images:72 - 📸 Loading 20 images into gallery
2025-12-17 22:43:18.575 | DEBUG    | app_gallery_panel:load_images:100 -   Loaded 10/20 thumbnails
2025-12-17 22:43:18.591 | DEBUG    | app_gallery_panel:load_images:100 -   Loaded 20/20 thumbnails
2025-12-17 22:43:18.591 | INFO     | app_gallery_panel:load_images:104 - ✅ Gallery loaded with 20 images
2025-12-17 22:43:18.839 | DEBUG    | src.ui.widgets.async_image:load_from_url:75 - Loaded image from https://tse1.mm.bing.net/th/id/OIF.sKqDRvbsNcETwXusENJSlA?cb=ucfimg2&pid=Api&ucfimg=1
2025-12-17 22:43:18.843 | DEBUG    | src.ui.widgets.async_image:load_from_url:75 - Loaded image from https://tse4.mm.bing.net/th/id/OIP.8doDC701d89rCL_nPsyATwHaFi?cb=ucfimg2&pid=Api&ucfimg=1
2025-12-17 22:43:18.845 | DEBUG    | src.ui.widgets.async_image:load_from_url:75 - Loaded image from https://tse3.mm.bing.net/th/id/OIP.TBJhVMs2ztK-2cYhevk3fwAAAA?cb=ucfimg2&pid=Api&ucfimg=1
2025-12-17 22:43:18.846 | DEBUG    | src.ui.widgets.async_image:load_from_url:75 - Loaded image from https://tse4.mm.bing.net/th/id/OIP.HUPOSpJ-bZScfoxjKavc0QHaCR?cb=ucfimg2&pid=Api&ucfimg=1
2025-12-17 22:43:18.854 | DEBUG    | src.ui.widgets.async_image:load_from_url:75 - Loaded image from https://tse4.mm.bing.net/th/id/OIF.8MGr3G5YSM5Ra4LlmLZ65w?cb=ucfimg2&pid=Api&ucfimg=1
2025-12-17 22:43:18.913 | DEBUG    | src.ui.widgets.async_image:load_from_url:75 - Loaded image from https://tse2.mm.bing.net/th?id=OIF.s2e/Q3yrpfpuO3Mwf5RoYg&cb=ucfimg2&pid=Api&ucfimg=1
2025-12-17 22:43:18.918 | DEBUG    | src.ui.widgets.async_image:load_from_url:75 - Loaded image from https://tse3.mm.bing.net/th/id/OIP.d93L-nmnuF5pvLGg0wD4JQHaHa?cb=ucfimg2&pid=Api&ucfimg=1
2025-12-17 22:43:18.921 | DEBUG    | src.ui.widgets.async_image:load_from_url:75 - Loaded image from https://tse1.mm.bing.net/th/id/OIP.REFjuSGKvswknJOtVzU4cQHaH5?cb=ucfimg2&pid=Api&ucfimg=1
2025-12-17 22:43:18.923 | DEBUG    | src.ui.widgets.async_image:load_from_url:75 - Loaded image from https://tse2.mm.bing.net/th/id/OIP.xFhtsj_CShPy7aZ6B7b8SwHaHZ?cb=ucfimg2&pid=Api&ucfimg=1
2025-12-17 22:43:18.928 | DEBUG    | src.ui.widgets.async_image:load_from_url:75 - Loaded image from https://tse3.explicit.bing.net/th/id/OIF.v1Z0rZrQpVhIg604rSgYZA?cb=ucfimg2&pid=Api&ucfimg=1
2025-12-17 22:43:18.930 | DEBUG    | src.ui.widgets.async_image:load_from_url:75 - Loaded image from https://tse2.mm.bing.net/th/id/OIP.5bGpPrXuOBu9FJUL0kxZrwHaHa?cb=ucfimg2&pid=Api&ucfimg=1
2025-12-17 22:43:18.932 | DEBUG    | src.ui.widgets.async_image:load_from_url:75 - Loaded image from https://tse4.mm.bing.net/th/id/OIP.H-7hzEM4sXFsFLMF-dK4wAHaDE?cb=ucfimg2&pid=Api&ucfimg=1
2025-12-17 22:43:18.934 | DEBUG    | src.ui.widgets.async_image:load_from_url:75 - Loaded image from https://tse1.mm.bing.net/th/id/OIP.UQ9WJHozb5i8rzVBe2BEwwHaEI?cb=ucfimg2&pid=Api&ucfimg=1
2025-12-17 22:43:18.939 | DEBUG    | src.ui.widgets.async_image:load_from_url:75 - Loaded image from https://tse4.mm.bing.net/th/id/OIP.1leuJQVANqL8OPdimBu3gQHaHa?cb=ucfimg2&pid=Api&ucfimg=1
2025-12-17 22:43:18.945 | DEBUG    | src.ui.widgets.async_image:load_from_url:75 - Loaded image from https://tse4.mm.bing.net/th/id/OIF.4HHVTEU4K2CY7CnwwZ2nmA?cb=ucfimg2&pid=Api&ucfimg=1
2025-12-17 22:43:18.947 | DEBUG    | src.ui.widgets.async_image:load_from_url:75 - Loaded image from https://tse4.mm.bing.net/th/id/OIF.0hvnc8NmESTNcMUD4nU0Lw?cb=ucfimg2&pid=Api&ucfimg=1
2025-12-17 22:43:18.950 | ERROR    | src.ui.widgets.async_image:load_from_url:84 - Failed to load image from https://tse2.mm.bing.net/th?id=OIF.H7xkwKWS+h7TcmqtIqbaLA&cb=ucfimg2&pid=Api&ucfimg=1: HTTP 404
2025-12-17 22:43:18.993 | ERROR    | src.ui.widgets.async_image:load_from_url:84 - Failed to load image from https://tse1.mm.bing.net/th?id=OIF.X+w9NN5ggXxpUFRVKPc3+w&cb=ucfimg2&pid=Api&ucfimg=1: HTTP 404
2025-12-17 22:43:18.996 | ERROR    | src.ui.widgets.async_image:load_from_url:84 - Failed to load image from https://tse1.mm.bing.net/th?id=OIF.HN+jULY4o5vIDI8D/lDd5w&cb=ucfimg2&pid=Api&ucfimg=1: HTTP 404
2025-12-17 22:43:19.023 | DEBUG    | src.ui.widgets.async_image:load_from_url:75 - Loaded image from https://tse2.mm.bing.net/th/id/OIP.BGMd78QY5OeG3BujZ9y0PwHaHh?cb=ucfimg2&pid=Api&ucfimg=1
2025-12-17 22:43:25.349 | INFO     | app_search_panel:_on_search_clicked:92 - Search requested: 'cats' (count: 20)
2025-12-17 22:43:25.350 | INFO     | app_main_window:_execute_search:139 - Executing search: 'cats' (count: 20)
2025-12-17 22:43:25.353 | DEBUG    | src.core.tasks.system:register_handler:55 - Registered task handler: search_images
2025-12-17 22:43:25.358 | INFO     | src.core.tasks.system:submit:83 - Task submitted: Search: cats (694315ede59673ec46d6ebf1)
2025-12-17 22:43:25.359 | INFO     | app_main_window:_run_search:178 - Search task submitted successfully
2025-12-17 22:43:25.365 | INFO     | app_search_task:search_images_handler:22 - 🚀 Search handler started: 'cats' (count: 20)
2025-12-17 22:43:25.367 | DEBUG    | app_search_task:search_images_handler:27 - Converted count to integer: 20
2025-12-17 22:43:25.368 | DEBUG    | app_search_task:search_images_handler:30 - Getting SearchService from ServiceLocator...
2025-12-17 22:43:25.369 | DEBUG    | app_search_task:search_images_handler:37 - ✅ SearchService retrieved
2025-12-17 22:43:25.372 | INFO     | app_search_task:search_images_handler:40 - 🔎 Executing search via SearchService...
2025-12-17 22:43:25.372 | INFO     | app_search_service:search_images:44 - 🔍 Starting image search: 'cats' (max: 20)
2025-12-17 22:43:25.372 | DEBUG    | app_search_service:search_images:47 - Importing ddgs module...
2025-12-17 22:43:25.373 | DEBUG    | app_search_service:search_images:49 - ✅ ddgs imported successfully
2025-12-17 22:43:25.373 | INFO     | app_search_service:search_images:53 - 📡 Calling DuckDuckGo API...
2025-12-17 22:43:26.214 | DEBUG    | app_search_service:search_images:58 - Processing search results...
2025-12-17 22:43:26.214 | DEBUG    | app_search_service:search_images:69 -   [1] Group of various breeds of cats sitting together, posing for a Cat Day ... (2940x1960)
2025-12-17 22:43:26.215 | DEBUG    | app_search_service:search_images:69 -   [2] 17 Cute Longhaired Cat Breeds | Cats with Long Hair (2121x1414)
2025-12-17 22:43:26.215 | DEBUG    | app_search_service:search_images:69 -   [3] 50+ Amazing Cats Photos · Pexels · Free Stock Photos (1575x1969)
2025-12-17 22:43:26.215 | DEBUG    | app_search_service:search_images:69 -   [4] 10 Facts About Cats | Incredible Planet (1280x960)
2025-12-17 22:43:26.215 | DEBUG    | app_search_service:search_images:69 -   [5] The Enigmatic World of Cats: Why We Can't Get Enough of These Furry ... (1898x1266)
2025-12-17 22:43:26.215 | DEBUG    | app_search_service:search_images:69 -   [6] Cats Facts (1152x768)
2025-12-17 22:43:26.216 | DEBUG    | app_search_service:search_images:69 -   [7] Understand the Language of Cats | PetCareRx (5130x3420)
2025-12-17 22:43:26.216 | DEBUG    | app_search_service:search_images:69 -   [8] Interesting Facts About Cats | POPSUGAR Pets (2048x1365)
2025-12-17 22:43:26.216 | DEBUG    | app_search_service:search_images:69 -   [9] What Is a Group of Cats Called? (1500x1000)
2025-12-17 22:43:26.217 | DEBUG    | app_search_service:search_images:69 -   [10] Pets Tutorial: 9 Types Of Cats - List of Cat Breeds (1000x562)
2025-12-17 22:43:26.217 | DEBUG    | app_search_service:search_images:69 -   [11] Top 10 facts about cats | 2013-09-26 | 432182 | Express.co.uk (590x350)
2025-12-17 22:43:26.217 | DEBUG    | app_search_service:search_images:69 -   [12] Cats Cats Cats Cats | Encyclopedia of World Photo (1600x1200)
2025-12-17 22:43:26.217 | DEBUG    | app_search_service:search_images:69 -   [13] Cats - Key Facts, Information & Pictures (1024x600)
2025-12-17 22:43:26.218 | DEBUG    | app_search_service:search_images:69 -   [14] cat, Animal, Pet, Cats, Kitty, Cute, Sweet Wallpapers HD / Desktop and ... (1920x1080)
2025-12-17 22:43:26.218 | DEBUG    | app_search_service:search_images:69 -   [15] All Wallpapers: Beautiful Cats Hd Wallpapers (1600x1200)
2025-12-17 22:43:26.218 | DEBUG    | app_search_service:search_images:69 -   [16] Pretty Cats, Beautiful Cats, Gorgeous, Kittens Cutest, Cats And Kittens ... (1500x1268)
2025-12-17 22:43:26.218 | DEBUG    | app_search_service:search_images:69 -   [17] Beautiful Cat - Cats Photo (3878544) - Fanpop (1024x931)
2025-12-17 22:43:26.219 | DEBUG    | app_search_service:search_images:69 -   [18] Hot,Spicy & Stuuning HD Wallpapers: Cats and Kittens Wallpapers (1024x768)
2025-12-17 22:43:26.219 | DEBUG    | app_search_service:search_images:69 -   [19] Download Cuddling Cute Cats Pictures | Wallpapers.com (1500x1121)
2025-12-17 22:43:26.219 | DEBUG    | app_search_service:search_images:69 -   [20] Cats photos (III) (1600x1200)
2025-12-17 22:43:26.219 | INFO     | app_search_service:search_images:71 - ✅ Search complete: Found 20 images for 'cats'
2025-12-17 22:43:26.220 | INFO     | app_search_task:search_images_handler:43 - 📊 Search returned 20 results
2025-12-17 22:43:26.220 | DEBUG    | app_search_task:search_images_handler:46 - Creating SearchHistory record...
2025-12-17 22:43:26.223 | INFO     | app_search_task:search_images_handler:54 - 💾 Search history saved: 694315eee59673ec46d6ebf2
2025-12-17 22:43:26.224 | DEBUG    | app_search_task:search_images_handler:57 - Saving 20 image records to MongoDB...
2025-12-17 22:43:26.228 | DEBUG    | app_search_task:search_images_handler:69 -   Saved 5/20 images...
2025-12-17 22:43:26.230 | DEBUG    | app_search_task:search_images_handler:69 -   Saved 10/20 images...
2025-12-17 22:43:26.235 | DEBUG    | app_search_task:search_images_handler:69 -   Saved 15/20 images...
2025-12-17 22:43:26.238 | DEBUG    | app_search_task:search_images_handler:69 -   Saved 20/20 images...
2025-12-17 22:43:26.239 | INFO     | app_search_task:search_images_handler:71 - ✅ Successfully saved 20 image records to database
2025-12-17 22:43:26.239 | INFO     | app_search_task:search_images_handler:72 - 🎉 Search complete! Query: 'cats', Results: 20
2025-12-17 22:43:27.358 | INFO     | app_main_window:_load_latest_results:214 - 📊 Loaded 20 results from MongoDB
2025-12-17 22:43:27.359 | INFO     | app_gallery_panel:load_images:72 - 📸 Loading 20 images into gallery
2025-12-17 22:43:27.369 | DEBUG    | app_gallery_panel:load_images:100 -   Loaded 10/20 thumbnails
2025-12-17 22:43:27.379 | DEBUG    | app_gallery_panel:load_images:100 -   Loaded 20/20 thumbnails
2025-12-17 22:43:27.379 | INFO     | app_gallery_panel:load_images:104 - ✅ Gallery loaded with 20 images
2025-12-17 22:43:27.609 | DEBUG    | src.ui.widgets.async_image:load_from_url:75 - Loaded image from https://tse4.mm.bing.net/th/id/OIP.8EYPyCU4GgOfq6qrzRH_OwHaE8?cb=ucfimg2&pid=Api&ucfimg=1
2025-12-17 22:43:27.610 | INFO     | app_search_panel:_on_search_clicked:92 - Search requested: 'cats' (count: 20)
2025-12-17 22:43:27.611 | INFO     | app_main_window:_execute_search:139 - Executing search: 'cats' (count: 20)
2025-12-17 22:43:27.614 | DEBUG    | src.ui.widgets.async_image:load_from_url:75 - Loaded image from https://tse1.mm.bing.net/th/id/OIP.jAGYnfZRDypurXptdPxzjgHaJQ?cb=ucfimg2&pid=Api&ucfimg=1
2025-12-17 22:43:27.618 | DEBUG    | src.ui.widgets.async_image:load_from_url:75 - Loaded image from https://tse4.mm.bing.net/th/id/OIP.PxX1s048z_BeTlJfxk5HEgHaFj?cb=ucfimg2&pid=Api&ucfimg=1
2025-12-17 22:43:27.620 | DEBUG    | src.ui.widgets.async_image:load_from_url:75 - Loaded image from https://tse4.mm.bing.net/th/id/OIP.q7pRCGAokNXeU6wA8wYbNAHaEK?cb=ucfimg2&pid=Api&ucfimg=1
2025-12-17 22:43:27.623 | DEBUG    | src.ui.widgets.async_image:load_from_url:75 - Loaded image from https://tse4.mm.bing.net/th/id/OIP.yvj61X0dbFFF8viA7fmKcAHaEV?cb=ucfimg2&pid=Api&ucfimg=1
2025-12-17 22:43:27.625 | DEBUG    | src.ui.widgets.async_image:load_from_url:75 - Loaded image from https://tse4.mm.bing.net/th/id/OIP.RuolWPFLq-kZqNULDyzjagHaE8?cb=ucfimg2&pid=Api&ucfimg=1
2025-12-17 22:43:27.628 | DEBUG    | src.ui.widgets.async_image:load_from_url:75 - Loaded image from https://tse1.mm.bing.net/th/id/OIP.OsIwy6hxoLMTCnaYNyw5lAHaE8?cb=ucfimg2&pid=Api&ucfimg=1
2025-12-17 22:43:27.630 | DEBUG    | src.ui.widgets.async_image:load_from_url:75 - Loaded image from https://tse2.mm.bing.net/th/id/OIP.96xGC-g0IvkanPsCqf7YhAHaE7?cb=ucfimg2&pid=Api&ucfimg=1
2025-12-17 22:43:27.633 | DEBUG    | src.ui.widgets.async_image:load_from_url:75 - Loaded image from https://tse1.mm.bing.net/th/id/OIP.1zY_WjFMf_H4rtbc1GvSUgHaE8?cb=ucfimg2&pid=Api&ucfimg=1
2025-12-17 22:43:27.635 | DEBUG    | src.ui.widgets.async_image:load_from_url:75 - Loaded image from https://tse2.mm.bing.net/th/id/OIP.N0xm_MvMR4tvurIctKaCEwHaEK?cb=ucfimg2&pid=Api&ucfimg=1
2025-12-17 22:43:27.638 | DEBUG    | src.ui.widgets.async_image:load_from_url:75 - Loaded image from https://tse1.mm.bing.net/th/id/OIP.4TuqjnIG3bIxXgHI5QJhogHaE8?cb=ucfimg2&pid=Api&ucfimg=1
2025-12-17 22:43:27.640 | DEBUG    | src.ui.widgets.async_image:load_from_url:75 - Loaded image from https://tse3.mm.bing.net/th/id/OIP.ZS6zTvqdDt4aO2XzuD63OAHaEZ?cb=ucfimg2&pid=Api&ucfimg=1
2025-12-17 22:43:27.641 | DEBUG    | src.core.tasks.system:register_handler:55 - Registered task handler: search_images
2025-12-17 22:43:27.656 | DEBUG    | src.ui.widgets.async_image:load_from_url:75 - Loaded image from https://tse3.mm.bing.net/th/id/OIP.kWki_30q0PQXNem-_NXmaQHaFj?cb=ucfimg2&pid=Api&ucfimg=1
2025-12-17 22:43:27.659 | DEBUG    | src.ui.widgets.async_image:load_from_url:75 - Loaded image from https://tse3.mm.bing.net/th/id/OIP.-jm8WnPBzvqTeC-lz_eR_AHaFj?cb=ucfimg2&pid=Api&ucfimg=1
2025-12-17 22:43:27.663 | DEBUG    | src.ui.widgets.async_image:load_from_url:75 - Loaded image from https://tse1.explicit.bing.net/th/id/OIP.Z0YLenkfAfG4UGyA4jstkQHaFi?cb=ucfimg2&pid=Api&ucfimg=1
2025-12-17 22:43:27.670 | DEBUG    | src.ui.widgets.async_image:load_from_url:75 - Loaded image from https://tse1.mm.bing.net/th/id/OIP.267gNV0g4IfZu1SKQalamAHaGu?cb=ucfimg2&pid=Api&ucfimg=1
2025-12-17 22:43:27.673 | DEBUG    | src.ui.widgets.async_image:load_from_url:75 - Loaded image from https://tse1.mm.bing.net/th/id/OIP.TR3c9vnvpkKLVgBteDtyAgHaE8?cb=ucfimg2&pid=Api&ucfimg=1
2025-12-17 22:43:27.678 | DEBUG    | src.ui.widgets.async_image:load_from_url:75 - Loaded image from https://tse1.mm.bing.net/th/id/OIP.BNVLlRkcRfAMkQkFgV6bDAHaFj?cb=ucfimg2&pid=Api&ucfimg=1
2025-12-17 22:43:27.683 | DEBUG    | src.ui.widgets.async_image:load_from_url:75 - Loaded image from https://tse1.mm.bing.net/th/id/OIP.XEIAUqfBYFrwH-PLpcEMgAHaGQ?cb=ucfimg2&pid=Api&ucfimg=1
2025-12-17 22:43:27.686 | DEBUG    | src.ui.widgets.async_image:load_from_url:75 - Loaded image from https://tse1.mm.bing.net/th/id/OIP.XAeHchsCgXxL2zwMTcCOmgHaFj?cb=ucfimg2&pid=Api&ucfimg=1
2025-12-17 22:43:27.688 | INFO     | src.core.tasks.system:submit:83 - Task submitted: Search: cats (694315efe59673ec46d6ec07)
2025-12-17 22:43:27.688 | INFO     | app_main_window:_run_search:178 - Search task submitted successfully
2025-12-17 22:43:27.696 | INFO     | app_search_task:search_images_handler:22 - 🚀 Search handler started: 'cats' (count: 20)
2025-12-17 22:43:27.697 | DEBUG    | app_search_task:search_images_handler:27 - Converted count to integer: 20
2025-12-17 22:43:27.697 | DEBUG    | app_search_task:search_images_handler:30 - Getting SearchService from ServiceLocator...
2025-12-17 22:43:27.697 | DEBUG    | app_search_task:search_images_handler:37 - ✅ SearchService retrieved
2025-12-17 22:43:27.698 | INFO     | app_search_task:search_images_handler:40 - 🔎 Executing search via SearchService...
2025-12-17 22:43:27.698 | INFO     | app_search_service:search_images:44 - 🔍 Starting image search: 'cats' (max: 20)
2025-12-17 22:43:27.699 | DEBUG    | app_search_service:search_images:47 - Importing ddgs module...
2025-12-17 22:43:27.699 | DEBUG    | app_search_service:search_images:49 - ✅ ddgs imported successfully
2025-12-17 22:43:27.700 | INFO     | app_search_service:search_images:53 - 📡 Calling DuckDuckGo API...
2025-12-17 22:43:28.590 | DEBUG    | app_search_service:search_images:58 - Processing search results...
2025-12-17 22:43:28.591 | DEBUG    | app_search_service:search_images:69 -   [1] Physical features of domestic cats | Britannica (1600x1054)
2025-12-17 22:43:28.591 | DEBUG    | app_search_service:search_images:69 -   [2] Group of various breeds of cats sitting together, posing for a Cat Day ... (2940x1960)
2025-12-17 22:43:28.591 | DEBUG    | app_search_service:search_images:69 -   [3] 50+ Amazing Cats Photos · Pexels · Free Stock Photos (1575x1969)
2025-12-17 22:43:28.591 | DEBUG    | app_search_service:search_images:69 -   [4] 17 Cute Longhaired Cat Breeds | Cats with Long Hair (2121x1414)
2025-12-17 22:43:28.591 | DEBUG    | app_search_service:search_images:69 -   [5] The Enigmatic World of Cats: Why We Can't Get Enough of These Furry ... (1898x1266)
2025-12-17 22:43:28.592 | DEBUG    | app_search_service:search_images:69 -   [6] 10 Facts About Cats | Incredible Planet (1280x960)
2025-12-17 22:43:28.592 | DEBUG    | app_search_service:search_images:69 -   [7] Cats: Facts about our feline friends | Live Science (1920x1080)
2025-12-17 22:43:28.592 | DEBUG    | app_search_service:search_images:69 -   [8] Cats Facts (1152x768)
2025-12-17 22:43:28.593 | DEBUG    | app_search_service:search_images:69 -   [9] Understand the Language of Cats | PetCareRx (5130x3420)
2025-12-17 22:43:28.593 | DEBUG    | app_search_service:search_images:69 -   [10] Interesting Facts About Cats | POPSUGAR Pets (2048x1365)
2025-12-17 22:43:28.593 | DEBUG    | app_search_service:search_images:69 -   [11] What Is a Group of Cats Called? (1500x1000)
2025-12-17 22:43:28.593 | DEBUG    | app_search_service:search_images:69 -   [12] Pets Tutorial: 9 Types Of Cats - List of Cat Breeds (1000x562)
2025-12-17 22:43:28.594 | DEBUG    | app_search_service:search_images:69 -   [13] Top 10 facts about cats | 2013-09-26 | 432182 | Express.co.uk (590x350)
2025-12-17 22:43:28.594 | DEBUG    | app_search_service:search_images:69 -   [14] cat, Animal, Pet, Cats, Kitty, Cute, Sweet Wallpapers HD / Desktop and ... (1920x1080)
2025-12-17 22:43:28.594 | DEBUG    | app_search_service:search_images:69 -   [15] Cats Cats Cats Cats | Encyclopedia of World Photo (1600x1200)
2025-12-17 22:43:28.595 | DEBUG    | app_search_service:search_images:69 -   [16] Cats - Key Facts, Information & Pictures (1024x600)
2025-12-17 22:43:28.595 | DEBUG    | app_search_service:search_images:69 -   [17] All Wallpapers: Beautiful Cats Hd Wallpapers (1600x1200)
2025-12-17 22:43:28.595 | DEBUG    | app_search_service:search_images:69 -   [18] Kittens Wallpaper Cats Animals Wallpapers in jpg format for free download (1600x1200)
2025-12-17 22:43:28.595 | DEBUG    | app_search_service:search_images:69 -   [19] Pretty Cats, Beautiful Cats, Gorgeous, Kittens Cutest, Cats And Kittens ... (1500x1268)
2025-12-17 22:43:28.596 | DEBUG    | app_search_service:search_images:69 -   [20] Download Cuddling Cute Cats Pictures | Wallpapers.com (1500x1121)
2025-12-17 22:43:28.596 | INFO     | app_search_service:search_images:71 - ✅ Search complete: Found 20 images for 'cats'
2025-12-17 22:43:28.596 | INFO     | app_search_task:search_images_handler:43 - 📊 Search returned 20 results
2025-12-17 22:43:28.597 | DEBUG    | app_search_task:search_images_handler:46 - Creating SearchHistory record...
2025-12-17 22:43:28.650 | INFO     | app_search_task:search_images_handler:54 - 💾 Search history saved: 694315f0e59673ec46d6ec08
2025-12-17 22:43:28.651 | DEBUG    | app_search_task:search_images_handler:57 - Saving 20 image records to MongoDB...
2025-12-17 22:43:28.666 | DEBUG    | app_search_task:search_images_handler:69 -   Saved 5/20 images...
2025-12-17 22:43:28.673 | DEBUG    | app_search_task:search_images_handler:69 -   Saved 10/20 images...
2025-12-17 22:43:28.678 | DEBUG    | app_search_task:search_images_handler:69 -   Saved 15/20 images...
2025-12-17 22:43:28.683 | DEBUG    | app_search_task:search_images_handler:69 -   Saved 20/20 images...
2025-12-17 22:43:28.683 | INFO     | app_search_task:search_images_handler:71 - ✅ Successfully saved 20 image records to database
2025-12-17 22:43:28.684 | INFO     | app_search_task:search_images_handler:72 - 🎉 Search complete! Query: 'cats', Results: 20
2025-12-17 22:43:29.686 | INFO     | app_main_window:_load_latest_results:214 - 📊 Loaded 20 results from MongoDB
2025-12-17 22:43:29.686 | INFO     | app_gallery_panel:load_images:72 - 📸 Loading 20 images into gallery
2025-12-17 22:43:29.697 | DEBUG    | app_gallery_panel:load_images:100 -   Loaded 10/20 thumbnails
2025-12-17 22:43:29.707 | DEBUG    | app_gallery_panel:load_images:100 -   Loaded 20/20 thumbnails
2025-12-17 22:43:29.708 | INFO     | app_gallery_panel:load_images:104 - ✅ Gallery loaded with 20 images
2025-12-17 22:43:29.932 | DEBUG    | app_gallery_panel:_on_thumbnail_clicked:108 - Thumbnail clicked: Cats Facts
2025-12-17 22:43:29.933 | DEBUG    | app_gallery_panel:_on_thumbnail_clicked:127 - ✅ Selected: Cats Facts
2025-12-17 22:43:29.934 | DEBUG    | app_gallery_panel:_on_thumbnail_clicked:130 - Total selected: 1
2025-12-17 22:43:29.936 | DEBUG    | src.ui.widgets.async_image:load_from_url:75 - Loaded image from https://tse4.mm.bing.net/th/id/OIP.PxX1s048z_BeTlJfxk5HEgHaFj?cb=ucfimg2&pid=Api&ucfimg=1
2025-12-17 22:43:29.939 | DEBUG    | src.ui.widgets.async_image:load_from_url:75 - Loaded image from https://tse4.mm.bing.net/th/id/OIP.XggwJouHK7GrUFURi5bmEwHaE4?cb=ucfimg2&pid=Api&ucfimg=1
2025-12-17 22:43:29.941 | DEBUG    | src.ui.widgets.async_image:load_from_url:75 - Loaded image from https://tse4.mm.bing.net/th/id/OIP.yvj61X0dbFFF8viA7fmKcAHaEV?cb=ucfimg2&pid=Api&ucfimg=1
2025-12-17 22:43:29.944 | DEBUG    | src.ui.widgets.async_image:load_from_url:75 - Loaded image from https://tse3.mm.bing.net/th/id/OIP.-jm8WnPBzvqTeC-lz_eR_AHaFj?cb=ucfimg2&pid=Api&ucfimg=1
2025-12-17 22:43:29.947 | DEBUG    | src.ui.widgets.async_image:load_from_url:75 - Loaded image from https://tse4.mm.bing.net/th/id/OIP.q7pRCGAokNXeU6wA8wYbNAHaEK?cb=ucfimg2&pid=Api&ucfimg=1
2025-12-17 22:43:29.948 | DEBUG    | src.ui.widgets.async_image:load_from_url:75 - Loaded image from https://tse3.mm.bing.net/th/id/OIP.ZS6zTvqdDt4aO2XzuD63OAHaEZ?cb=ucfimg2&pid=Api&ucfimg=1
2025-12-17 22:43:29.951 | DEBUG    | src.ui.widgets.async_image:load_from_url:75 - Loaded image from https://tse3.mm.bing.net/th/id/OIP.kWki_30q0PQXNem-_NXmaQHaFj?cb=ucfimg2&pid=Api&ucfimg=1
2025-12-17 22:43:29.955 | DEBUG    | src.ui.widgets.async_image:load_from_url:75 - Loaded image from https://tse4.mm.bing.net/th/id/OIP.8EYPyCU4GgOfq6qrzRH_OwHaE8?cb=ucfimg2&pid=Api&ucfimg=1
2025-12-17 22:43:29.957 | DEBUG    | src.ui.widgets.async_image:load_from_url:75 - Loaded image from https://tse2.mm.bing.net/th/id/OIP.N0xm_MvMR4tvurIctKaCEwHaEK?cb=ucfimg2&pid=Api&ucfimg=1
2025-12-17 22:43:29.964 | DEBUG    | src.ui.widgets.async_image:load_from_url:75 - Loaded image from https://tse4.mm.bing.net/th/id/OIP.RuolWPFLq-kZqNULDyzjagHaE8?cb=ucfimg2&pid=Api&ucfimg=1
2025-12-17 22:43:29.968 | DEBUG    | src.ui.widgets.async_image:load_from_url:75 - Loaded image from https://tse1.mm.bing.net/th/id/OIP.4TuqjnIG3bIxXgHI5QJhogHaE8?cb=ucfimg2&pid=Api&ucfimg=1
2025-12-17 22:43:29.974 | DEBUG    | src.ui.widgets.async_image:load_from_url:75 - Loaded image from https://tse1.mm.bing.net/th/id/OIP.OsIwy6hxoLMTCnaYNyw5lAHaE8?cb=ucfimg2&pid=Api&ucfimg=1
2025-12-17 22:43:29.976 | DEBUG    | src.ui.widgets.async_image:load_from_url:75 - Loaded image from https://tse2.mm.bing.net/th/id/OIP.96xGC-g0IvkanPsCqf7YhAHaE7?cb=ucfimg2&pid=Api&ucfimg=1
2025-12-17 22:43:29.979 | DEBUG    | src.ui.widgets.async_image:load_from_url:75 - Loaded image from https://tse1.mm.bing.net/th/id/OIP.1zY_WjFMf_H4rtbc1GvSUgHaE8?cb=ucfimg2&pid=Api&ucfimg=1
2025-12-17 22:43:29.982 | DEBUG    | src.ui.widgets.async_image:load_from_url:75 - Loaded image from https://tse1.explicit.bing.net/th/id/OIP.Z0YLenkfAfG4UGyA4jstkQHaFi?cb=ucfimg2&pid=Api&ucfimg=1
2025-12-17 22:43:29.985 | DEBUG    | src.ui.widgets.async_image:load_from_url:75 - Loaded image from https://tse1.mm.bing.net/th/id/OIP.XEIAUqfBYFrwH-PLpcEMgAHaGQ?cb=ucfimg2&pid=Api&ucfimg=1
2025-12-17 22:43:29.986 | DEBUG    | src.ui.widgets.async_image:load_from_url:75 - Loaded image from https://tse1.mm.bing.net/th/id/OIP.TR3c9vnvpkKLVgBteDtyAgHaE8?cb=ucfimg2&pid=Api&ucfimg=1
2025-12-17 22:43:29.990 | DEBUG    | src.ui.widgets.async_image:load_from_url:75 - Loaded image from https://tse1.mm.bing.net/th/id/OIP.jAGYnfZRDypurXptdPxzjgHaJQ?cb=ucfimg2&pid=Api&ucfimg=1
2025-12-17 22:43:29.998 | DEBUG    | src.ui.widgets.async_image:load_from_url:75 - Loaded image from https://tse2.mm.bing.net/th/id/OIP.p1dNU5aAXb0r8r-G0llJtAHaEK?cb=ucfimg2&pid=Api&ucfimg=1
2025-12-17 22:43:30.003 | DEBUG    | src.ui.widgets.async_image:load_from_url:75 - Loaded image from https://tse3.mm.bing.net/th/id/OIP.3eOjJ4bC-wJ7f08V-SEPpAHaFj?cb=ucfimg2&pid=Api&ucfimg=1
2025-12-17 22:43:30.653 | DEBUG    | app_gallery_panel:_on_thumbnail_clicked:108 - Thumbnail clicked: Cats Facts
2025-12-17 22:43:30.655 | DEBUG    | app_gallery_panel:_on_thumbnail_clicked:120 - Deselected: Cats Facts
2025-12-17 22:43:30.655 | DEBUG    | app_gallery_panel:_on_thumbnail_clicked:130 - Total selected: 0
2025-12-17 22:43:31.293 | DEBUG    | app_gallery_panel:_on_thumbnail_clicked:108 - Thumbnail clicked: Cats: Facts about our feline friends | Live Science
2025-12-17 22:43:31.294 | DEBUG    | app_gallery_panel:_on_thumbnail_clicked:127 - ✅ Selected: Cats: Facts about our feline friends | Live Science
2025-12-17 22:43:31.295 | DEBUG    | app_gallery_panel:_on_thumbnail_clicked:130 - Total selected: 1
2025-12-17 22:43:32.516 | DEBUG    | app_gallery_panel:_on_thumbnail_clicked:108 - Thumbnail clicked: 10 Facts About Cats | Incredible Planet
2025-12-17 22:43:32.518 | DEBUG    | app_gallery_panel:_on_thumbnail_clicked:127 - ✅ Selected: 10 Facts About Cats | Incredible Planet
2025-12-17 22:43:32.519 | DEBUG    | app_gallery_panel:_on_thumbnail_clicked:130 - Total selected: 2
2025-12-17 22:43:34.636 | DEBUG    | app_gallery_panel:_on_thumbnail_clicked:108 - Thumbnail clicked: Group of various breeds of cats sitting together, posing for a Cat Day ...
2025-12-17 22:43:34.638 | DEBUG    | app_gallery_panel:_on_thumbnail_clicked:127 - ✅ Selected: Group of various breeds of cats sitting together, posing for a Cat Day ...
2025-12-17 22:43:34.638 | DEBUG    | app_gallery_panel:_on_thumbnail_clicked:130 - Total selected: 3
2025-12-17 22:43:36.713 | INFO     | src.core.locator:stop_all:74 - Stopping all systems...
2025-12-17 22:43:36.715 | INFO     | app_search_service:shutdown:86 - SearchService shutdown
2025-12-17 22:43:36.716 | INFO     | src.core.locator:stop_all:80 - System SearchService stopped.
2025-12-17 22:43:36.717 | INFO     | src.core.locator:stop_all:80 - System TaskSystem stopped.
2025-12-17 22:43:36.718 | INFO     | src.core.locator:stop_all:80 - System AssetManager stopped.
2025-12-17 22:43:36.718 | INFO     | src.core.locator:stop_all:80 - System JournalService stopped.
2025-12-17 22:43:36.718 | INFO     | src.core.locator:stop_all:80 - System CommandBus stopped.
